# JRE version: OpenJDK Runtime Environment (7.0_181-b01) (build 1.7.0_181-b01)
# Java VM: OpenJDK 64-Bit Server VM (24.181-b01 mixed mode linux-amd64 compressed oops)
Heap
 PSYoungGen      total 133632K, used 118758K [0x00000000e0000000, 0x00000000f0500000, 0x0000000100000000)
  eden space 126976K, 92% used [0x00000000e0000000,0x00000000e733b600,0x00000000e7c00000)
  from space 6656K, 11% used [0x00000000e7c00000,0x00000000e7cbe260,0x00000000e8280000)
  to   space 6656K, 0% used [0x00000000efe80000,0x00000000efe80000,0x00000000f0500000)
 ParOldGen       total 170496K, used 15351K [0x00000000a0000000, 0x00000000aa680000, 0x00000000e0000000)
  object space 170496K, 9% used [0x00000000a0000000,0x00000000a0efde88,0x00000000aa680000)
 PSPermGen       total 41984K, used 24774K [0x0000000095a00000, 0x0000000098300000, 0x00000000a0000000)
  object space 41984K, 59% used [0x0000000095a00000,0x00000000972318d8,0x0000000098300000)
GC Heap History (10 events):
Event: 13.089 GC heap before
{Heap before GC invocations=6 (full 1):
 PSYoungGen      total 75264K, used 67173K [0x00000000e0000000, 0x00000000e5380000, 0x0000000100000000)
  eden space 65024K, 100% used [0x00000000e0000000,0x00000000e3f80000,0x00000000e3f80000)
  from space 10240K, 20% used [0x00000000e4980000,0x00000000e4b99758,0x00000000e5380000)
  to   space 10240K, 0% used [0x00000000e3f80000,0x00000000e3f80000,0x00000000e4980000)
 ParOldGen       total 170496K, used 14208K [0x00000000a0000000, 0x00000000aa680000, 0x00000000e0000000)
  object space 170496K, 8% used [0x00000000a0000000,0x00000000a0de0098,0x00000000aa680000)
 PSPermGen       total 41984K, used 23066K [0x0000000095a00000, 0x0000000098300000, 0x00000000a0000000)
  object space 41984K, 54% used [0x0000000095a00000,0x0000000097086b50,0x0000000098300000)
Event: 13.090 GC heap after
Heap after GC invocations=6 (full 1):
 PSYoungGen      total 75264K, used 1565K [0x00000000e0000000, 0x00000000e5380000, 0x0000000100000000)
  eden space 65024K, 0% used [0x00000000e0000000,0x00000000e0000000,0x00000000e3f80000)
  from space 10240K, 15% used [0x00000000e3f80000,0x00000000e4107540,0x00000000e4980000)
  to   space 10240K, 0% used [0x00000000e4980000,0x00000000e4980000,0x00000000e5380000)
 ParOldGen       total 170496K, used 14216K [0x00000000a0000000, 0x00000000aa680000, 0x00000000e0000000)
  object space 170496K, 8% used [0x00000000a0000000,0x00000000a0de2098,0x00000000aa680000)
 PSPermGen       total 41984K, used 23066K [0x0000000095a00000, 0x0000000098300000, 0x00000000a0000000)
  object space 41984K, 54% used [0x0000000095a00000,0x0000000097086b50,0x0000000098300000)
}
Event: 13.183 GC heap before
{Heap before GC invocations=7 (full 1):
 PSYoungGen      total 75264K, used 66589K [0x00000000e0000000, 0x00000000e5380000, 0x0000000100000000)
  eden space 65024K, 100% used [0x00000000e0000000,0x00000000e3f80000,0x00000000e3f80000)
  from space 10240K, 15% used [0x00000000e3f80000,0x00000000e4107540,0x00000000e4980000)
  to   space 10240K, 0% used [0x00000000e4980000,0x00000000e4980000,0x00000000e5380000)
 ParOldGen       total 170496K, used 14216K [0x00000000a0000000, 0x00000000aa680000, 0x00000000e0000000)
  object space 170496K, 8% used [0x00000000a0000000,0x00000000a0de2098,0x00000000aa680000)
 PSPermGen       total 41984K, used 23122K [0x0000000095a00000, 0x0000000098300000, 0x00000000a0000000)
  object space 41984K, 55% used [0x0000000095a00000,0x0000000097094b28,0x0000000098300000)
Event: 13.185 GC heap after
Heap after GC invocations=7 (full 1):
 PSYoungGen      total 66048K, used 1782K [0x00000000e0000000, 0x00000000e4c00000, 0x0000000100000000)
  eden space 63488K, 0% used [0x00000000e0000000,0x00000000e0000000,0x00000000e3e00000)
  from space 2560K, 69% used [0x00000000e4980000,0x00000000e4b3d9a8,0x00000000e4c00000)
  to   space 7168K, 0% used [0x00000000e3e00000,0x00000000e3e00000,0x00000000e4500000)
 ParOldGen       total 170496K, used 14216K [0x00000000a0000000, 0x00000000aa680000, 0x00000000e0000000)
  object space 170496K, 8% used [0x00000000a0000000,0x00000000a0de2098,0x00000000aa680000)
 PSPermGen       total 41984K, used 23122K [0x0000000095a00000, 0x0000000098300000, 0x00000000a0000000)
  object space 41984K, 55% used [0x0000000095a00000,0x0000000097094b28,0x0000000098300000)
}
Event: 13.240 GC heap before
{Heap before GC invocations=8 (full 1):
 PSYoungGen      total 66048K, used 65270K [0x00000000e0000000, 0x00000000e4c00000, 0x0000000100000000)
  eden space 63488K, 100% used [0x00000000e0000000,0x00000000e3e00000,0x00000000e3e00000)
  from space 2560K, 69% used [0x00000000e4980000,0x00000000e4b3d9a8,0x00000000e4c00000)
  to   space 7168K, 0% used [0x00000000e3e00000,0x00000000e3e00000,0x00000000e4500000)
 ParOldGen       total 170496K, used 14216K [0x00000000a0000000, 0x00000000aa680000, 0x00000000e0000000)
  object space 170496K, 8% used [0x00000000a0000000,0x00000000a0de2098,0x00000000aa680000)
 PSPermGen       total 41984K, used 23216K [0x0000000095a00000, 0x0000000098300000, 0x00000000a0000000)
  object space 41984K, 55% used [0x0000000095a00000,0x00000000970ac058,0x0000000098300000)
Event: 13.242 GC heap after
Heap after GC invocations=8 (full 1):
 PSYoungGen      total 70656K, used 1766K [0x00000000e0000000, 0x00000000e8a00000, 0x0000000100000000)
  eden space 63488K, 0% used [0x00000000e0000000,0x00000000e0000000,0x00000000e3e00000)
  from space 7168K, 24% used [0x00000000e3e00000,0x00000000e3fb9998,0x00000000e4500000)
  to   space 7168K, 0% used [0x00000000e8300000,0x00000000e8300000,0x00000000e8a00000)
 ParOldGen       total 170496K, used 14216K [0x00000000a0000000, 0x00000000aa680000, 0x00000000e0000000)
  object space 170496K, 8% used [0x00000000a0000000,0x00000000a0de2098,0x00000000aa680000)
 PSPermGen       total 41984K, used 23216K [0x0000000095a00000, 0x0000000098300000, 0x00000000a0000000)
  object space 41984K, 55% used [0x0000000095a00000,0x00000000970ac058,0x0000000098300000)
}
Event: 13.339 GC heap before
{Heap before GC invocations=9 (full 1):
 PSYoungGen      total 70656K, used 65254K [0x00000000e0000000, 0x00000000e8a00000, 0x0000000100000000)
  eden space 63488K, 100% used [0x00000000e0000000,0x00000000e3e00000,0x00000000e3e00000)
  from space 7168K, 24% used [0x00000000e3e00000,0x00000000e3fb9998,0x00000000e4500000)
  to   space 7168K, 0% used [0x00000000e8300000,0x00000000e8300000,0x00000000e8a00000)
 ParOldGen       total 170496K, used 14216K [0x00000000a0000000, 0x00000000aa680000, 0x00000000e0000000)
  object space 170496K, 8% used [0x00000000a0000000,0x00000000a0de2098,0x00000000aa680000)
 PSPermGen       total 41984K, used 23221K [0x0000000095a00000, 0x0000000098300000, 0x00000000a0000000)
  object space 41984K, 55% used [0x0000000095a00000,0x00000000970ad740,0x0000000098300000)
Event: 13.341 GC heap after
Heap after GC invocations=9 (full 1):
 PSYoungGen      total 133120K, used 886K [0x00000000e0000000, 0x00000000e8900000, 0x0000000100000000)
  eden space 126976K, 0% used [0x00000000e0000000,0x00000000e0000000,0x00000000e7c00000)
  from space 6144K, 14% used [0x00000000e8300000,0x00000000e83ddba8,0x00000000e8900000)
  to   space 6656K, 0% used [0x00000000e7c00000,0x00000000e7c00000,0x00000000e8280000)
 ParOldGen       total 170496K, used 15105K [0x00000000a0000000, 0x00000000aa680000, 0x00000000e0000000)
  object space 170496K, 8% used [0x00000000a0000000,0x00000000a0ec0450,0x00000000aa680000)
 PSPermGen       total 41984K, used 23221K [0x0000000095a00000, 0x0000000098300000, 0x00000000a0000000)
  object space 41984K, 55% used [0x0000000095a00000,0x00000000970ad740,0x0000000098300000)
}
Event: 13.436 GC heap before
{Heap before GC invocations=10 (full 1):
 PSYoungGen      total 133120K, used 127862K [0x00000000e0000000, 0x00000000e8900000, 0x0000000100000000)
  eden space 126976K, 100% used [0x00000000e0000000,0x00000000e7c00000,0x00000000e7c00000)
  from space 6144K, 14% used [0x00000000e8300000,0x00000000e83ddba8,0x00000000e8900000)
  to   space 6656K, 0% used [0x00000000e7c00000,0x00000000e7c00000,0x00000000e8280000)
 ParOldGen       total 170496K, used 15105K [0x00000000a0000000, 0x00000000aa680000, 0x00000000e0000000)
  object space 170496K, 8% used [0x00000000a0000000,0x00000000a0ec04b0,0x00000000aa680000)
 PSPermGen       total 41984K, used 23238K [0x0000000095a00000, 0x0000000098300000, 0x00000000a0000000)
  object space 41984K, 55% used [0x0000000095a00000,0x00000000970b1898,0x0000000098300000)
Event: 13.439 GC heap after
Heap after GC invocations=10 (full 1):
 PSYoungGen      total 133632K, used 760K [0x00000000e0000000, 0x00000000f0500000, 0x0000000100000000)
  eden space 126976K, 0% used [0x00000000e0000000,0x00000000e0000000,0x00000000e7c00000)
  from space 6656K, 11% used [0x00000000e7c00000,0x00000000e7cbe260,0x00000000e8280000)
  to   space 6656K, 0% used [0x00000000efe80000,0x00000000efe80000,0x00000000f0500000)
 ParOldGen       total 170496K, used 15351K [0x00000000a0000000, 0x00000000aa680000, 0x00000000e0000000)
  object space 170496K, 9% used [0x00000000a0000000,0x00000000a0efde88,0x00000000aa680000)
 PSPermGen       total 41984K, used 23238K [0x0000000095a00000, 0x0000000098300000, 0x00000000a0000000)
  object space 41984K, 55% used [0x0000000095a00000,0x00000000970b1898,0x0000000098300000)
}

