# JRE version: OpenJDK Runtime Environment (7.0_181-b01) (build 1.7.0_181-b01)
# Java VM: OpenJDK 64-Bit Server VM (24.181-b01 mixed mode linux-amd64 compressed oops)
Heap
 PSYoungGen      total 141312K, used 76485K [0x00000000e0000000, 0x00000000ef800000, 0x0000000100000000)
  eden space 135680K, 56% used [0x00000000e0000000,0x00000000e4a796b8,0x00000000e8480000)
  from space 5632K, 3% used [0x00000000eed00000,0x00000000eed38000,0x00000000ef280000)
  to   space 5120K, 0% used [0x00000000ef300000,0x00000000ef300000,0x00000000ef800000)
 ParOldGen       total 170496K, used 20728K [0x00000000a0000000, 0x00000000aa680000, 0x00000000e0000000)
  object space 170496K, 12% used [0x00000000a0000000,0x00000000a143e058,0x00000000aa680000)
 PSPermGen       total 50688K, used 25320K [0x0000000095a00000, 0x0000000098b80000, 0x00000000a0000000)
  object space 50688K, 49% used [0x0000000095a00000,0x00000000972ba3b8,0x0000000098b80000)
GC Heap History (10 events):
Event: 152.073 GC heap before
{Heap before GC invocations=17 (full 2):
 PSYoungGen      total 161280K, used 1475K [0x00000000e0000000, 0x00000000f0200000, 0x0000000100000000)
  eden space 155136K, 0% used [0x00000000e0000000,0x00000000e0000000,0x00000000e9780000)
  from space 6144K, 24% used [0x00000000ef600000,0x00000000ef770f30,0x00000000efc00000)
  to   space 5632K, 0% used [0x00000000efc80000,0x00000000efc80000,0x00000000f0200000)
 ParOldGen       total 170496K, used 19580K [0x00000000a0000000, 0x00000000aa680000, 0x00000000e0000000)
  object space 170496K, 11% used [0x00000000a0000000,0x00000000a131f278,0x00000000aa680000)
 PSPermGen       total 41984K, used 25223K [0x0000000095a00000, 0x0000000098300000, 0x00000000a0000000)
  object space 41984K, 60% used [0x0000000095a00000,0x00000000972a1ca0,0x0000000098300000)
Event: 152.123 GC heap after
Heap after GC invocations=17 (full 2):
 PSYoungGen      total 161280K, used 0K [0x00000000e0000000, 0x00000000f0200000, 0x0000000100000000)
  eden space 155136K, 0% used [0x00000000e0000000,0x00000000e0000000,0x00000000e9780000)
  from space 6144K, 0% used [0x00000000ef600000,0x00000000ef600000,0x00000000efc00000)
  to   space 5632K, 0% used [0x00000000efc80000,0x00000000efc80000,0x00000000f0200000)
 ParOldGen       total 170496K, used 16432K [0x00000000a0000000, 0x00000000aa680000, 0x00000000e0000000)
  object space 170496K, 9% used [0x00000000a0000000,0x00000000a100c3c8,0x00000000aa680000)
 PSPermGen       total 50688K, used 25219K [0x0000000095a00000, 0x0000000098b80000, 0x00000000a0000000)
  object space 50688K, 49% used [0x0000000095a00000,0x00000000972a0d10,0x0000000098b80000)
}
Event: 155.853 GC heap before
{Heap before GC invocations=18 (full 2):
 PSYoungGen      total 161280K, used 155136K [0x00000000e0000000, 0x00000000f0200000, 0x0000000100000000)
  eden space 155136K, 100% used [0x00000000e0000000,0x00000000e9780000,0x00000000e9780000)
  from space 6144K, 0% used [0x00000000ef600000,0x00000000ef600000,0x00000000efc00000)
  to   space 5632K, 0% used [0x00000000efc80000,0x00000000efc80000,0x00000000f0200000)
 ParOldGen       total 170496K, used 16432K [0x00000000a0000000, 0x00000000aa680000, 0x00000000e0000000)
  object space 170496K, 9% used [0x00000000a0000000,0x00000000a100c3c8,0x00000000aa680000)
 PSPermGen       total 50688K, used 25261K [0x0000000095a00000, 0x0000000098b80000, 0x00000000a0000000)
  object space 50688K, 49% used [0x0000000095a00000,0x00000000972ab720,0x0000000098b80000)
Event: 155.856 GC heap after
Heap after GC invocations=18 (full 2):
 PSYoungGen      total 153088K, used 2793K [0x00000000e0000000, 0x00000000eff80000, 0x0000000100000000)
  eden space 150016K, 0% used [0x00000000e0000000,0x00000000e0000000,0x00000000e9280000)
  from space 3072K, 90% used [0x00000000efc80000,0x00000000eff3a6c0,0x00000000eff80000)
  to   space 5632K, 0% used [0x00000000ef480000,0x00000000ef480000,0x00000000efa00000)
 ParOldGen       total 170496K, used 16432K [0x00000000a0000000, 0x00000000aa680000, 0x00000000e0000000)
  object space 170496K, 9% used [0x00000000a0000000,0x00000000a100c3c8,0x00000000aa680000)
 PSPermGen       total 50688K, used 25261K [0x0000000095a00000, 0x0000000098b80000, 0x00000000a0000000)
  object space 50688K, 49% used [0x0000000095a00000,0x00000000972ab720,0x0000000098b80000)
}
Event: 159.177 GC heap before
{Heap before GC invocations=19 (full 2):
 PSYoungGen      total 153088K, used 152809K [0x00000000e0000000, 0x00000000eff80000, 0x0000000100000000)
  eden space 150016K, 100% used [0x00000000e0000000,0x00000000e9280000,0x00000000e9280000)
  from space 3072K, 90% used [0x00000000efc80000,0x00000000eff3a6c0,0x00000000eff80000)
  to   space 5632K, 0% used [0x00000000ef480000,0x00000000ef480000,0x00000000efa00000)
 ParOldGen       total 170496K, used 16432K [0x00000000a0000000, 0x00000000aa680000, 0x00000000e0000000)
  object space 170496K, 9% used [0x00000000a0000000,0x00000000a100c3c8,0x00000000aa680000)
 PSPermGen       total 50688K, used 25278K [0x0000000095a00000, 0x0000000098b80000, 0x00000000a0000000)
  object space 50688K, 49% used [0x0000000095a00000,0x00000000972afaa0,0x0000000098b80000)
Event: 159.180 GC heap after
Heap after GC invocations=19 (full 2):
 PSYoungGen      total 145920K, used 960K [0x00000000e0000000, 0x00000000efd00000, 0x0000000100000000)
  eden space 144896K, 0% used [0x00000000e0000000,0x00000000e0000000,0x00000000e8d80000)
  from space 1024K, 93% used [0x00000000ef480000,0x00000000ef570000,0x00000000ef580000)
  to   space 5632K, 0% used [0x00000000ef780000,0x00000000ef780000,0x00000000efd00000)
 ParOldGen       total 170496K, used 19985K [0x00000000a0000000, 0x00000000aa680000, 0x00000000e0000000)
  object space 170496K, 11% used [0x00000000a0000000,0x00000000a1384528,0x00000000aa680000)
 PSPermGen       total 50688K, used 25278K [0x0000000095a00000, 0x0000000098b80000, 0x00000000a0000000)
  object space 50688K, 49% used [0x0000000095a00000,0x00000000972afaa0,0x0000000098b80000)
}
Event: 159.337 GC heap before
{Heap before GC invocations=20 (full 2):
 PSYoungGen      total 145920K, used 145856K [0x00000000e0000000, 0x00000000efd00000, 0x0000000100000000)
  eden space 144896K, 100% used [0x00000000e0000000,0x00000000e8d80000,0x00000000e8d80000)
  from space 1024K, 93% used [0x00000000ef480000,0x00000000ef570000,0x00000000ef580000)
  to   space 5632K, 0% used [0x00000000ef780000,0x00000000ef780000,0x00000000efd00000)
 ParOldGen       total 170496K, used 19985K [0x00000000a0000000, 0x00000000aa680000, 0x00000000e0000000)
  object space 170496K, 11% used [0x00000000a0000000,0x00000000a1384528,0x00000000aa680000)
 PSPermGen       total 50688K, used 25278K [0x0000000095a00000, 0x0000000098b80000, 0x00000000a0000000)
  object space 50688K, 49% used [0x0000000095a00000,0x00000000972afb98,0x0000000098b80000)
Event: 159.339 GC heap after
Heap after GC invocations=20 (full 2):
 PSYoungGen      total 140800K, used 280K [0x00000000e0000000, 0x00000000ef800000, 0x0000000100000000)
  eden space 140288K, 0% used [0x00000000e0000000,0x00000000e0000000,0x00000000e8900000)
  from space 512K, 54% used [0x00000000ef780000,0x00000000ef7c6260,0x00000000ef800000)
  to   space 5632K, 0% used [0x00000000eed00000,0x00000000eed00000,0x00000000ef280000)
 ParOldGen       total 170496K, used 20639K [0x00000000a0000000, 0x00000000aa680000, 0x00000000e0000000)
  object space 170496K, 12% used [0x00000000a0000000,0x00000000a1427df8,0x00000000aa680000)
 PSPermGen       total 50688K, used 25278K [0x0000000095a00000, 0x0000000098b80000, 0x00000000a0000000)
  object space 50688K, 49% used [0x0000000095a00000,0x00000000972afb98,0x0000000098b80000)
}
Event: 159.459 GC heap before
{Heap before GC invocations=21 (full 2):
 PSYoungGen      total 140800K, used 140568K [0x00000000e0000000, 0x00000000ef800000, 0x0000000100000000)
  eden space 140288K, 100% used [0x00000000e0000000,0x00000000e8900000,0x00000000e8900000)
  from space 512K, 54% used [0x00000000ef780000,0x00000000ef7c6260,0x00000000ef800000)
  to   space 5632K, 0% used [0x00000000eed00000,0x00000000eed00000,0x00000000ef280000)
 ParOldGen       total 170496K, used 20639K [0x00000000a0000000, 0x00000000aa680000, 0x00000000e0000000)
  object space 170496K, 12% used [0x00000000a0000000,0x00000000a1427df8,0x00000000aa680000)
 PSPermGen       total 50688K, used 25279K [0x0000000095a00000, 0x0000000098b80000, 0x00000000a0000000)
  object space 50688K, 49% used [0x0000000095a00000,0x00000000972afc50,0x0000000098b80000)
Event: 159.461 GC heap after
Heap after GC invocations=21 (full 2):
 PSYoungGen      total 141312K, used 224K [0x00000000e0000000, 0x00000000ef800000, 0x0000000100000000)
  eden space 135680K, 0% used [0x00000000e0000000,0x00000000e0000000,0x00000000e8480000)
  from space 5632K, 3% used [0x00000000eed00000,0x00000000eed38000,0x00000000ef280000)
  to   space 5120K, 0% used [0x00000000ef300000,0x00000000ef300000,0x00000000ef800000)
 ParOldGen       total 170496K, used 20728K [0x00000000a0000000, 0x00000000aa680000, 0x00000000e0000000)
  object space 170496K, 12% used [0x00000000a0000000,0x00000000a143e058,0x00000000aa680000)
 PSPermGen       total 50688K, used 25279K [0x0000000095a00000, 0x0000000098b80000, 0x00000000a0000000)
  object space 50688K, 49% used [0x0000000095a00000,0x00000000972afc50,0x0000000098b80000)
}

