# JRE version: OpenJDK Runtime Environment (7.0_181-b01) (build 1.7.0_181-b01)
# Java VM: OpenJDK 64-Bit Server VM (24.181-b01 mixed mode linux-amd64 compressed oops)
Heap
 PSYoungGen      total 237568K, used 178978K [0x00000000e0000000, 0x00000000efe00000, 0x0000000100000000)
  eden space 236032K, 75% used [0x00000000e0000000,0x00000000eadba748,0x00000000ee680000)
  from space 1536K, 70% used [0x00000000efc80000,0x00000000efd8e260,0x00000000efe00000)
  to   space 5632K, 0% used [0x00000000ef300000,0x00000000ef300000,0x00000000ef880000)
 ParOldGen       total 170496K, used 18618K [0x00000000a0000000, 0x00000000aa680000, 0x00000000e0000000)
  object space 170496K, 10% used [0x00000000a0000000,0x00000000a122e918,0x00000000aa680000)
 PSPermGen       total 50688K, used 25537K [0x0000000095a00000, 0x0000000098b80000, 0x00000000a0000000)
  object space 50688K, 50% used [0x0000000095a00000,0x00000000972f0510,0x0000000098b80000)
GC Heap History (10 events):
Event: 37.063 GC heap before
{Heap before GC invocations=14 (full 1):
 PSYoungGen      total 165888K, used 160512K [0x00000000e0000000, 0x00000000ec500000, 0x0000000100000000)
  eden space 159232K, 100% used [0x00000000e0000000,0x00000000e9b80000,0x00000000e9b80000)
  from space 6656K, 19% used [0x00000000ea200000,0x00000000ea340000,0x00000000ea880000)
  to   space 6656K, 0% used [0x00000000e9b80000,0x00000000e9b80000,0x00000000ea200000)
 ParOldGen       total 170496K, used 19104K [0x00000000a0000000, 0x00000000aa680000, 0x00000000e0000000)
  object space 170496K, 11% used [0x00000000a0000000,0x00000000a12a80a8,0x00000000aa680000)
 PSPermGen       total 42496K, used 25352K [0x0000000095a00000, 0x0000000098380000, 0x00000000a0000000)
  object space 42496K, 59% used [0x0000000095a00000,0x00000000972c2000,0x0000000098380000)
Event: 37.065 GC heap after
Heap after GC invocations=14 (full 1):
 PSYoungGen      total 165888K, used 320K [0x00000000e0000000, 0x00000000f0500000, 0x0000000100000000)
  eden space 159232K, 0% used [0x00000000e0000000,0x00000000e0000000,0x00000000e9b80000)
  from space 6656K, 4% used [0x00000000e9b80000,0x00000000e9bd0000,0x00000000ea200000)
  to   space 6144K, 0% used [0x00000000eff00000,0x00000000eff00000,0x00000000f0500000)
 ParOldGen       total 170496K, used 20178K [0x00000000a0000000, 0x00000000aa680000, 0x00000000e0000000)
  object space 170496K, 11% used [0x00000000a0000000,0x00000000a13b4818,0x00000000aa680000)
 PSPermGen       total 42496K, used 25352K [0x0000000095a00000, 0x0000000098380000, 0x00000000a0000000)
  object space 42496K, 59% used [0x0000000095a00000,0x00000000972c2000,0x0000000098380000)
}
Event: 44.456 GC heap before
{Heap before GC invocations=15 (full 1):
 PSYoungGen      total 165888K, used 47289K [0x00000000e0000000, 0x00000000f0500000, 0x0000000100000000)
  eden space 159232K, 29% used [0x00000000e0000000,0x00000000e2dde4e0,0x00000000e9b80000)
  from space 6656K, 4% used [0x00000000e9b80000,0x00000000e9bd0000,0x00000000ea200000)
  to   space 6144K, 0% used [0x00000000eff00000,0x00000000eff00000,0x00000000f0500000)
 ParOldGen       total 170496K, used 20178K [0x00000000a0000000, 0x00000000aa680000, 0x00000000e0000000)
  object space 170496K, 11% used [0x00000000a0000000,0x00000000a13b4818,0x00000000aa680000)
 PSPermGen       total 42496K, used 25419K [0x0000000095a00000, 0x0000000098380000, 0x00000000a0000000)
  object space 42496K, 59% used [0x0000000095a00000,0x00000000972d2c38,0x0000000098380000)
Event: 44.459 GC heap after
Heap after GC invocations=15 (full 1):
 PSYoungGen      total 261120K, used 1379K [0x00000000e0000000, 0x00000000f0500000, 0x0000000100000000)
  eden space 254976K, 0% used [0x00000000e0000000,0x00000000e0000000,0x00000000ef900000)
  from space 6144K, 22% used [0x00000000eff00000,0x00000000f0058f20,0x00000000f0500000)
  to   space 6144K, 0% used [0x00000000ef900000,0x00000000ef900000,0x00000000eff00000)
 ParOldGen       total 170496K, used 20250K [0x00000000a0000000, 0x00000000aa680000, 0x00000000e0000000)
  object space 170496K, 11% used [0x00000000a0000000,0x00000000a13c6818,0x00000000aa680000)
 PSPermGen       total 42496K, used 25419K [0x0000000095a00000, 0x0000000098380000, 0x00000000a0000000)
  object space 42496K, 59% used [0x0000000095a00000,0x00000000972d2c38,0x0000000098380000)
}
Event: 44.459 GC heap before
{Heap before GC invocations=16 (full 2):
 PSYoungGen      total 261120K, used 1379K [0x00000000e0000000, 0x00000000f0500000, 0x0000000100000000)
  eden space 254976K, 0% used [0x00000000e0000000,0x00000000e0000000,0x00000000ef900000)
  from space 6144K, 22% used [0x00000000eff00000,0x00000000f0058f20,0x00000000f0500000)
  to   space 6144K, 0% used [0x00000000ef900000,0x00000000ef900000,0x00000000eff00000)
 ParOldGen       total 170496K, used 20250K [0x00000000a0000000, 0x00000000aa680000, 0x00000000e0000000)
  object space 170496K, 11% used [0x00000000a0000000,0x00000000a13c6818,0x00000000aa680000)
 PSPermGen       total 42496K, used 25419K [0x0000000095a00000, 0x0000000098380000, 0x00000000a0000000)
  object space 42496K, 59% used [0x0000000095a00000,0x00000000972d2c38,0x0000000098380000)
Event: 44.507 GC heap after
Heap after GC invocations=16 (full 2):
 PSYoungGen      total 261120K, used 0K [0x00000000e0000000, 0x00000000f0500000, 0x0000000100000000)
  eden space 254976K, 0% used [0x00000000e0000000,0x00000000e0000000,0x00000000ef900000)
  from space 6144K, 0% used [0x00000000eff00000,0x00000000eff00000,0x00000000f0500000)
  to   space 6144K, 0% used [0x00000000ef900000,0x00000000ef900000,0x00000000eff00000)
 ParOldGen       total 170496K, used 16639K [0x00000000a0000000, 0x00000000aa680000, 0x00000000e0000000)
  object space 170496K, 9% used [0x00000000a0000000,0x00000000a103ff98,0x00000000aa680000)
 PSPermGen       total 50688K, used 25414K [0x0000000095a00000, 0x0000000098b80000, 0x00000000a0000000)
  object space 50688K, 50% used [0x0000000095a00000,0x00000000972d1b70,0x0000000098b80000)
}
Event: 50.574 GC heap before
{Heap before GC invocations=17 (full 2):
 PSYoungGen      total 261120K, used 254976K [0x00000000e0000000, 0x00000000f0500000, 0x0000000100000000)
  eden space 254976K, 100% used [0x00000000e0000000,0x00000000ef900000,0x00000000ef900000)
  from space 6144K, 0% used [0x00000000eff00000,0x00000000eff00000,0x00000000f0500000)
  to   space 6144K, 0% used [0x00000000ef900000,0x00000000ef900000,0x00000000eff00000)
 ParOldGen       total 170496K, used 16639K [0x00000000a0000000, 0x00000000aa680000, 0x00000000e0000000)
  object space 170496K, 9% used [0x00000000a0000000,0x00000000a103ff98,0x00000000aa680000)
 PSPermGen       total 50688K, used 25469K [0x0000000095a00000, 0x0000000098b80000, 0x00000000a0000000)
  object space 50688K, 50% used [0x0000000095a00000,0x00000000972df4d0,0x0000000098b80000)
Event: 50.578 GC heap after
Heap after GC invocations=17 (full 2):
 PSYoungGen      total 248832K, used 3129K [0x00000000e0000000, 0x00000000eff80000, 0x0000000100000000)
  eden space 245248K, 0% used [0x00000000e0000000,0x00000000e0000000,0x00000000eef80000)
  from space 3584K, 87% used [0x00000000ef900000,0x00000000efc0e6c0,0x00000000efc80000)
  to   space 3072K, 0% used [0x00000000efc80000,0x00000000efc80000,0x00000000eff80000)
 ParOldGen       total 170496K, used 16639K [0x00000000a0000000, 0x00000000aa680000, 0x00000000e0000000)
  object space 170496K, 9% used [0x00000000a0000000,0x00000000a103ff98,0x00000000aa680000)
 PSPermGen       total 50688K, used 25469K [0x0000000095a00000, 0x0000000098b80000, 0x00000000a0000000)
  object space 50688K, 50% used [0x0000000095a00000,0x00000000972df4d0,0x0000000098b80000)
}
Event: 51.744 GC heap before
{Heap before GC invocations=18 (full 2):
 PSYoungGen      total 248832K, used 248377K [0x00000000e0000000, 0x00000000eff80000, 0x0000000100000000)
  eden space 245248K, 100% used [0x00000000e0000000,0x00000000eef80000,0x00000000eef80000)
  from space 3584K, 87% used [0x00000000ef900000,0x00000000efc0e6c0,0x00000000efc80000)
  to   space 3072K, 0% used [0x00000000efc80000,0x00000000efc80000,0x00000000eff80000)
 ParOldGen       total 170496K, used 16639K [0x00000000a0000000, 0x00000000aa680000, 0x00000000e0000000)
  object space 170496K, 9% used [0x00000000a0000000,0x00000000a103ff98,0x00000000aa680000)
 PSPermGen       total 50688K, used 25479K [0x0000000095a00000, 0x0000000098b80000, 0x00000000a0000000)
  object space 50688K, 50% used [0x0000000095a00000,0x00000000972e1fb8,0x0000000098b80000)
Event: 51.746 GC heap after
Heap after GC invocations=18 (full 2):
 PSYoungGen      total 237568K, used 1080K [0x00000000e0000000, 0x00000000efe00000, 0x0000000100000000)
  eden space 236032K, 0% used [0x00000000e0000000,0x00000000e0000000,0x00000000ee680000)
  from space 1536K, 70% used [0x00000000efc80000,0x00000000efd8e260,0x00000000efe00000)
  to   space 5632K, 0% used [0x00000000ef300000,0x00000000ef300000,0x00000000ef880000)
 ParOldGen       total 170496K, used 18618K [0x00000000a0000000, 0x00000000aa680000, 0x00000000e0000000)
  object space 170496K, 10% used [0x00000000a0000000,0x00000000a122e918,0x00000000aa680000)
 PSPermGen       total 50688K, used 25479K [0x0000000095a00000, 0x0000000098b80000, 0x00000000a0000000)
  object space 50688K, 50% used [0x0000000095a00000,0x00000000972e1fb8,0x0000000098b80000)
}

