# JRE version: OpenJDK Runtime Environment (7.0_181-b01) (build 1.7.0_181-b01)
# Java VM: OpenJDK 64-Bit Server VM (24.181-b01 mixed mode linux-amd64 compressed oops)
Heap
 PSYoungGen      total 125440K, used 106629K [0x00000000e0000000, 0x00000000ea900000, 0x0000000100000000)
  eden space 118784K, 87% used [0x00000000e0000000,0x00000000e65b9700,0x00000000e7400000)
  from space 6656K, 37% used [0x00000000e7400000,0x00000000e7667dc0,0x00000000e7a80000)
  to   space 6144K, 0% used [0x00000000ea300000,0x00000000ea300000,0x00000000ea900000)
 ParOldGen       total 170496K, used 15821K [0x00000000a0000000, 0x00000000aa680000, 0x00000000e0000000)
  object space 170496K, 9% used [0x00000000a0000000,0x00000000a0f73798,0x00000000aa680000)
 PSPermGen       total 41984K, used 25259K [0x0000000095a00000, 0x0000000098300000, 0x00000000a0000000)
  object space 41984K, 60% used [0x0000000095a00000,0x00000000972aaf58,0x0000000098300000)
GC Heap History (10 events):
Event: 14.604 GC heap before
{Heap before GC invocations=8 (full 1):
 PSYoungGen      total 66048K, used 65485K [0x00000000e0000000, 0x00000000e4c00000, 0x0000000100000000)
  eden space 63488K, 100% used [0x00000000e0000000,0x00000000e3e00000,0x00000000e3e00000)
  from space 2560K, 78% used [0x00000000e4980000,0x00000000e4b73548,0x00000000e4c00000)
  to   space 7168K, 0% used [0x00000000e3e00000,0x00000000e3e00000,0x00000000e4500000)
 ParOldGen       total 170496K, used 14036K [0x00000000a0000000, 0x00000000aa680000, 0x00000000e0000000)
  object space 170496K, 8% used [0x00000000a0000000,0x00000000a0db5068,0x00000000aa680000)
 PSPermGen       total 41984K, used 23293K [0x0000000095a00000, 0x0000000098300000, 0x00000000a0000000)
  object space 41984K, 55% used [0x0000000095a00000,0x00000000970bf418,0x0000000098300000)
Event: 14.606 GC heap after
Heap after GC invocations=8 (full 1):
 PSYoungGen      total 64000K, used 1773K [0x00000000e0000000, 0x00000000e4a00000, 0x0000000100000000)
  eden space 61952K, 0% used [0x00000000e0000000,0x00000000e0000000,0x00000000e3c80000)
  from space 2048K, 86% used [0x00000000e3e00000,0x00000000e3fbb548,0x00000000e4000000)
  to   space 6656K, 0% used [0x00000000e4380000,0x00000000e4380000,0x00000000e4a00000)
 ParOldGen       total 170496K, used 14036K [0x00000000a0000000, 0x00000000aa680000, 0x00000000e0000000)
  object space 170496K, 8% used [0x00000000a0000000,0x00000000a0db5068,0x00000000aa680000)
 PSPermGen       total 41984K, used 23293K [0x0000000095a00000, 0x0000000098300000, 0x00000000a0000000)
  object space 41984K, 55% used [0x0000000095a00000,0x00000000970bf418,0x0000000098300000)
}
Event: 14.655 GC heap before
{Heap before GC invocations=9 (full 1):
 PSYoungGen      total 64000K, used 63725K [0x00000000e0000000, 0x00000000e4a00000, 0x0000000100000000)
  eden space 61952K, 100% used [0x00000000e0000000,0x00000000e3c80000,0x00000000e3c80000)
  from space 2048K, 86% used [0x00000000e3e00000,0x00000000e3fbb548,0x00000000e4000000)
  to   space 6656K, 0% used [0x00000000e4380000,0x00000000e4380000,0x00000000e4a00000)
 ParOldGen       total 170496K, used 14036K [0x00000000a0000000, 0x00000000aa680000, 0x00000000e0000000)
  object space 170496K, 8% used [0x00000000a0000000,0x00000000a0db5068,0x00000000aa680000)
 PSPermGen       total 41984K, used 23295K [0x0000000095a00000, 0x0000000098300000, 0x00000000a0000000)
  object space 41984K, 55% used [0x0000000095a00000,0x00000000970bfd10,0x0000000098300000)
Event: 14.658 GC heap after
Heap after GC invocations=9 (full 1):
 PSYoungGen      total 69120K, used 918K [0x00000000e0000000, 0x00000000e8600000, 0x0000000100000000)
  eden space 62464K, 0% used [0x00000000e0000000,0x00000000e0000000,0x00000000e3d00000)
  from space 6656K, 13% used [0x00000000e4380000,0x00000000e4465ba0,0x00000000e4a00000)
  to   space 6656K, 0% used [0x00000000e3d00000,0x00000000e3d00000,0x00000000e4380000)
 ParOldGen       total 170496K, used 14916K [0x00000000a0000000, 0x00000000aa680000, 0x00000000e0000000)
  object space 170496K, 8% used [0x00000000a0000000,0x00000000a0e910b0,0x00000000aa680000)
 PSPermGen       total 41984K, used 23295K [0x0000000095a00000, 0x0000000098300000, 0x00000000a0000000)
  object space 41984K, 55% used [0x0000000095a00000,0x00000000970bfd10,0x0000000098300000)
}
Event: 14.753 GC heap before
{Heap before GC invocations=10 (full 1):
 PSYoungGen      total 69120K, used 63382K [0x00000000e0000000, 0x00000000e8600000, 0x0000000100000000)
  eden space 62464K, 100% used [0x00000000e0000000,0x00000000e3d00000,0x00000000e3d00000)
  from space 6656K, 13% used [0x00000000e4380000,0x00000000e4465ba0,0x00000000e4a00000)
  to   space 6656K, 0% used [0x00000000e3d00000,0x00000000e3d00000,0x00000000e4380000)
 ParOldGen       total 170496K, used 14916K [0x00000000a0000000, 0x00000000aa680000, 0x00000000e0000000)
  object space 170496K, 8% used [0x00000000a0000000,0x00000000a0e910b0,0x00000000aa680000)
 PSPermGen       total 41984K, used 23310K [0x0000000095a00000, 0x0000000098300000, 0x00000000a0000000)
  object space 41984K, 55% used [0x0000000095a00000,0x00000000970c3930,0x0000000098300000)
Event: 14.755 GC heap after
Heap after GC invocations=10 (full 1):
 PSYoungGen      total 69120K, used 856K [0x00000000e0000000, 0x00000000e8700000, 0x0000000100000000)
  eden space 62464K, 0% used [0x00000000e0000000,0x00000000e0000000,0x00000000e3d00000)
  from space 6656K, 12% used [0x00000000e3d00000,0x00000000e3dd6260,0x00000000e4380000)
  to   space 6656K, 0% used [0x00000000e8080000,0x00000000e8080000,0x00000000e8700000)
 ParOldGen       total 170496K, used 15033K [0x00000000a0000000, 0x00000000aa680000, 0x00000000e0000000)
  object space 170496K, 8% used [0x00000000a0000000,0x00000000a0eae6d0,0x00000000aa680000)
 PSPermGen       total 41984K, used 23310K [0x0000000095a00000, 0x0000000098300000, 0x00000000a0000000)
  object space 41984K, 55% used [0x0000000095a00000,0x00000000970c3930,0x0000000098300000)
}
Event: 14.814 GC heap before
{Heap before GC invocations=11 (full 1):
 PSYoungGen      total 69120K, used 63320K [0x00000000e0000000, 0x00000000e8700000, 0x0000000100000000)
  eden space 62464K, 100% used [0x00000000e0000000,0x00000000e3d00000,0x00000000e3d00000)
  from space 6656K, 12% used [0x00000000e3d00000,0x00000000e3dd6260,0x00000000e4380000)
  to   space 6656K, 0% used [0x00000000e8080000,0x00000000e8080000,0x00000000e8700000)
 ParOldGen       total 170496K, used 15033K [0x00000000a0000000, 0x00000000aa680000, 0x00000000e0000000)
  object space 170496K, 8% used [0x00000000a0000000,0x00000000a0eae6d0,0x00000000aa680000)
 PSPermGen       total 41984K, used 23314K [0x0000000095a00000, 0x0000000098300000, 0x00000000a0000000)
  object space 41984K, 55% used [0x0000000095a00000,0x00000000970c49e0,0x0000000098300000)
Event: 14.816 GC heap after
Heap after GC invocations=11 (full 1):
 PSYoungGen      total 100864K, used 280K [0x00000000e0000000, 0x00000000e8100000, 0x0000000100000000)
  eden space 100352K, 0% used [0x00000000e0000000,0x00000000e0000000,0x00000000e6200000)
  from space 512K, 54% used [0x00000000e8080000,0x00000000e80c6260,0x00000000e8100000)
  to   space 6656K, 0% used [0x00000000e7400000,0x00000000e7400000,0x00000000e7a80000)
 ParOldGen       total 170496K, used 15717K [0x00000000a0000000, 0x00000000aa680000, 0x00000000e0000000)
  object space 170496K, 9% used [0x00000000a0000000,0x00000000a0f59538,0x00000000aa680000)
 PSPermGen       total 41984K, used 23314K [0x0000000095a00000, 0x0000000098300000, 0x00000000a0000000)
  object space 41984K, 55% used [0x0000000095a00000,0x00000000970c49e0,0x0000000098300000)
}
Event: 15.128 GC heap before
{Heap before GC invocations=12 (full 1):
 PSYoungGen      total 100864K, used 100632K [0x00000000e0000000, 0x00000000e8100000, 0x0000000100000000)
  eden space 100352K, 100% used [0x00000000e0000000,0x00000000e6200000,0x00000000e6200000)
  from space 512K, 54% used [0x00000000e8080000,0x00000000e80c6260,0x00000000e8100000)
  to   space 6656K, 0% used [0x00000000e7400000,0x00000000e7400000,0x00000000e7a80000)
 ParOldGen       total 170496K, used 15717K [0x00000000a0000000, 0x00000000aa680000, 0x00000000e0000000)
  object space 170496K, 9% used [0x00000000a0000000,0x00000000a0f59538,0x00000000aa680000)
 PSPermGen       total 41984K, used 24430K [0x0000000095a00000, 0x0000000098300000, 0x00000000a0000000)
  object space 41984K, 58% used [0x0000000095a00000,0x00000000971dbb70,0x0000000098300000)
Event: 15.131 GC heap after
Heap after GC invocations=12 (full 1):
 PSYoungGen      total 125440K, used 2463K [0x00000000e0000000, 0x00000000ea900000, 0x0000000100000000)
  eden space 118784K, 0% used [0x00000000e0000000,0x00000000e0000000,0x00000000e7400000)
  from space 6656K, 37% used [0x00000000e7400000,0x00000000e7667dc0,0x00000000e7a80000)
  to   space 6144K, 0% used [0x00000000ea300000,0x00000000ea300000,0x00000000ea900000)
 ParOldGen       total 170496K, used 15821K [0x00000000a0000000, 0x00000000aa680000, 0x00000000e0000000)
  object space 170496K, 9% used [0x00000000a0000000,0x00000000a0f73798,0x00000000aa680000)
 PSPermGen       total 41984K, used 24430K [0x0000000095a00000, 0x0000000098300000, 0x00000000a0000000)
  object space 41984K, 58% used [0x0000000095a00000,0x00000000971dbb70,0x0000000098300000)
}

