# JRE version: OpenJDK Runtime Environment (7.0_181-b01) (build 1.7.0_181-b01)
# Java VM: OpenJDK 64-Bit Server VM (24.181-b01 mixed mode linux-amd64 compressed oops)
Heap
 PSYoungGen      total 81920K, used 34110K [0x00000000e0000000, 0x00000000ec380000, 0x0000000100000000)
  eden space 81408K, 41% used [0x00000000e0000000,0x00000000e211f8f8,0x00000000e4f80000)
  from space 512K, 37% used [0x00000000ec300000,0x00000000ec330000,0x00000000ec380000)
  to   space 2560K, 0% used [0x00000000ebe80000,0x00000000ebe80000,0x00000000ec100000)
 ParOldGen       total 170496K, used 25231K [0x00000000a0000000, 0x00000000aa680000, 0x00000000e0000000)
  object space 170496K, 14% used [0x00000000a0000000,0x00000000a18a3d70,0x00000000aa680000)
 PSPermGen       total 50176K, used 25963K [0x0000000095a00000, 0x0000000098b00000, 0x00000000a0000000)
  object space 50176K, 51% used [0x0000000095a00000,0x000000009735af40,0x0000000098b00000)
GC Heap History (10 events):
Event: 405.100 GC heap before
{Heap before GC invocations=80 (full 4):
 PSYoungGen      total 95744K, used 92864K [0x00000000e0000000, 0x00000000eca00000, 0x0000000100000000)
  eden space 92672K, 100% used [0x00000000e0000000,0x00000000e5a80000,0x00000000e5a80000)
  from space 3072K, 6% used [0x00000000ec400000,0x00000000ec430000,0x00000000ec700000)
  to   space 3072K, 0% used [0x00000000ec700000,0x00000000ec700000,0x00000000eca00000)
 ParOldGen       total 170496K, used 25021K [0x00000000a0000000, 0x00000000aa680000, 0x00000000e0000000)
  object space 170496K, 14% used [0x00000000a0000000,0x00000000a186f4d0,0x00000000aa680000)
 PSPermGen       total 50176K, used 25958K [0x0000000095a00000, 0x0000000098b00000, 0x00000000a0000000)
  object space 50176K, 51% used [0x0000000095a00000,0x00000000973598b0,0x0000000098b00000)
Event: 405.102 GC heap after
Heap after GC invocations=80 (full 4):
 PSYoungGen      total 90624K, used 128K [0x00000000e0000000, 0x00000000ec780000, 0x0000000100000000)
  eden space 90112K, 0% used [0x00000000e0000000,0x00000000e0000000,0x00000000e5800000)
  from space 512K, 25% used [0x00000000ec700000,0x00000000ec720000,0x00000000ec780000)
  to   space 3072K, 0% used [0x00000000ec180000,0x00000000ec180000,0x00000000ec480000)
 ParOldGen       total 170496K, used 25069K [0x00000000a0000000, 0x00000000aa680000, 0x00000000e0000000)
  object space 170496K, 14% used [0x00000000a0000000,0x00000000a187b4d0,0x00000000aa680000)
 PSPermGen       total 50176K, used 25958K [0x0000000095a00000, 0x0000000098b00000, 0x00000000a0000000)
  object space 50176K, 51% used [0x0000000095a00000,0x00000000973598b0,0x0000000098b00000)
}
Event: 405.842 GC heap before
{Heap before GC invocations=81 (full 4):
 PSYoungGen      total 90624K, used 90240K [0x00000000e0000000, 0x00000000ec780000, 0x0000000100000000)
  eden space 90112K, 100% used [0x00000000e0000000,0x00000000e5800000,0x00000000e5800000)
  from space 512K, 25% used [0x00000000ec700000,0x00000000ec720000,0x00000000ec780000)
  to   space 3072K, 0% used [0x00000000ec180000,0x00000000ec180000,0x00000000ec480000)
 ParOldGen       total 170496K, used 25069K [0x00000000a0000000, 0x00000000aa680000, 0x00000000e0000000)
  object space 170496K, 14% used [0x00000000a0000000,0x00000000a187b4d0,0x00000000aa680000)
 PSPermGen       total 50176K, used 25958K [0x0000000095a00000, 0x0000000098b00000, 0x00000000a0000000)
  object space 50176K, 51% used [0x0000000095a00000,0x00000000973598b0,0x0000000098b00000)
Event: 405.844 GC heap after
Heap after GC invocations=81 (full 4):
 PSYoungGen      total 90624K, used 128K [0x00000000e0000000, 0x00000000ec780000, 0x0000000100000000)
  eden space 87552K, 0% used [0x00000000e0000000,0x00000000e0000000,0x00000000e5580000)
  from space 3072K, 4% used [0x00000000ec180000,0x00000000ec1a0000,0x00000000ec480000)
  to   space 2560K, 0% used [0x00000000ec500000,0x00000000ec500000,0x00000000ec780000)
 ParOldGen       total 170496K, used 25093K [0x00000000a0000000, 0x00000000aa680000, 0x00000000e0000000)
  object space 170496K, 14% used [0x00000000a0000000,0x00000000a18814d0,0x00000000aa680000)
 PSPermGen       total 50176K, used 25958K [0x0000000095a00000, 0x0000000098b00000, 0x00000000a0000000)
  object space 50176K, 51% used [0x0000000095a00000,0x00000000973598b0,0x0000000098b00000)
}
Event: 406.305 GC heap before
{Heap before GC invocations=82 (full 4):
 PSYoungGen      total 90624K, used 87680K [0x00000000e0000000, 0x00000000ec780000, 0x0000000100000000)
  eden space 87552K, 100% used [0x00000000e0000000,0x00000000e5580000,0x00000000e5580000)
  from space 3072K, 4% used [0x00000000ec180000,0x00000000ec1a0000,0x00000000ec480000)
  to   space 2560K, 0% used [0x00000000ec500000,0x00000000ec500000,0x00000000ec780000)
 ParOldGen       total 170496K, used 25093K [0x00000000a0000000, 0x00000000aa680000, 0x00000000e0000000)
  object space 170496K, 14% used [0x00000000a0000000,0x00000000a18814f0,0x00000000aa680000)
 PSPermGen       total 50176K, used 25958K [0x0000000095a00000, 0x0000000098b00000, 0x00000000a0000000)
  object space 50176K, 51% used [0x0000000095a00000,0x00000000973599f8,0x0000000098b00000)
Event: 406.307 GC heap after
Heap after GC invocations=82 (full 4):
 PSYoungGen      total 86016K, used 224K [0x00000000e0000000, 0x00000000ec580000, 0x0000000100000000)
  eden space 85504K, 0% used [0x00000000e0000000,0x00000000e0000000,0x00000000e5380000)
  from space 512K, 43% used [0x00000000ec500000,0x00000000ec538000,0x00000000ec580000)
  to   space 2560K, 0% used [0x00000000ec080000,0x00000000ec080000,0x00000000ec300000)
 ParOldGen       total 170496K, used 25133K [0x00000000a0000000, 0x00000000aa680000, 0x00000000e0000000)
  object space 170496K, 14% used [0x00000000a0000000,0x00000000a188b4f0,0x00000000aa680000)
 PSPermGen       total 50176K, used 25958K [0x0000000095a00000, 0x0000000098b00000, 0x00000000a0000000)
  object space 50176K, 51% used [0x0000000095a00000,0x00000000973599f8,0x0000000098b00000)
}
Event: 406.937 GC heap before
{Heap before GC invocations=83 (full 4):
 PSYoungGen      total 86016K, used 85728K [0x00000000e0000000, 0x00000000ec580000, 0x0000000100000000)
  eden space 85504K, 100% used [0x00000000e0000000,0x00000000e5380000,0x00000000e5380000)
  from space 512K, 43% used [0x00000000ec500000,0x00000000ec538000,0x00000000ec580000)
  to   space 2560K, 0% used [0x00000000ec080000,0x00000000ec080000,0x00000000ec300000)
 ParOldGen       total 170496K, used 25135K [0x00000000a0000000, 0x00000000aa680000, 0x00000000e0000000)
  object space 170496K, 14% used [0x00000000a0000000,0x00000000a188bd70,0x00000000aa680000)
 PSPermGen       total 50176K, used 25961K [0x0000000095a00000, 0x0000000098b00000, 0x00000000a0000000)
  object space 50176K, 51% used [0x0000000095a00000,0x000000009735a630,0x0000000098b00000)
Event: 406.939 GC heap after
Heap after GC invocations=83 (full 4):
 PSYoungGen      total 86016K, used 160K [0x00000000e0000000, 0x00000000ec580000, 0x0000000100000000)
  eden space 83456K, 0% used [0x00000000e0000000,0x00000000e0000000,0x00000000e5180000)
  from space 2560K, 6% used [0x00000000ec080000,0x00000000ec0a8000,0x00000000ec300000)
  to   space 2560K, 0% used [0x00000000ec300000,0x00000000ec300000,0x00000000ec580000)
 ParOldGen       total 170496K, used 25175K [0x00000000a0000000, 0x00000000aa680000, 0x00000000e0000000)
  object space 170496K, 14% used [0x00000000a0000000,0x00000000a1895d70,0x00000000aa680000)
 PSPermGen       total 50176K, used 25961K [0x0000000095a00000, 0x0000000098b00000, 0x00000000a0000000)
  object space 50176K, 51% used [0x0000000095a00000,0x000000009735a630,0x0000000098b00000)
}
Event: 407.482 GC heap before
{Heap before GC invocations=84 (full 4):
 PSYoungGen      total 86016K, used 83616K [0x00000000e0000000, 0x00000000ec580000, 0x0000000100000000)
  eden space 83456K, 100% used [0x00000000e0000000,0x00000000e5180000,0x00000000e5180000)
  from space 2560K, 6% used [0x00000000ec080000,0x00000000ec0a8000,0x00000000ec300000)
  to   space 2560K, 0% used [0x00000000ec300000,0x00000000ec300000,0x00000000ec580000)
 ParOldGen       total 170496K, used 25175K [0x00000000a0000000, 0x00000000aa680000, 0x00000000e0000000)
  object space 170496K, 14% used [0x00000000a0000000,0x00000000a1895d70,0x00000000aa680000)
 PSPermGen       total 50176K, used 25962K [0x0000000095a00000, 0x0000000098b00000, 0x00000000a0000000)
  object space 50176K, 51% used [0x0000000095a00000,0x000000009735aa80,0x0000000098b00000)
Event: 407.484 GC heap after
Heap after GC invocations=84 (full 4):
 PSYoungGen      total 81920K, used 192K [0x00000000e0000000, 0x00000000ec380000, 0x0000000100000000)
  eden space 81408K, 0% used [0x00000000e0000000,0x00000000e0000000,0x00000000e4f80000)
  from space 512K, 37% used [0x00000000ec300000,0x00000000ec330000,0x00000000ec380000)
  to   space 2560K, 0% used [0x00000000ebe80000,0x00000000ebe80000,0x00000000ec100000)
 ParOldGen       total 170496K, used 25231K [0x00000000a0000000, 0x00000000aa680000, 0x00000000e0000000)
  object space 170496K, 14% used [0x00000000a0000000,0x00000000a18a3d70,0x00000000aa680000)
 PSPermGen       total 50176K, used 25962K [0x0000000095a00000, 0x0000000098b00000, 0x00000000a0000000)
  object space 50176K, 51% used [0x0000000095a00000,0x000000009735aa80,0x0000000098b00000)
}

