# JRE version: OpenJDK Runtime Environment (7.0_181-b01) (build 1.7.0_181-b01)
# Java VM: OpenJDK 64-Bit Server VM (24.181-b01 mixed mode linux-amd64 compressed oops)
Heap
 PSYoungGen      total 140288K, used 108787K [0x00000000e0000000, 0x00000000f0e00000, 0x0000000100000000)
  eden space 111616K, 95% used [0x00000000e0000000,0x00000000e689b460,0x00000000e6d00000)
  from space 28672K, 5% used [0x00000000e6d00000,0x00000000e6ea1910,0x00000000e8900000)
  to   space 26624K, 0% used [0x00000000ef400000,0x00000000ef400000,0x00000000f0e00000)
 ParOldGen       total 170496K, used 14369K [0x00000000a0000000, 0x00000000aa680000, 0x00000000e0000000)
  object space 170496K, 8% used [0x00000000a0000000,0x00000000a0e08420,0x00000000aa680000)
 PSPermGen       total 42496K, used 25101K [0x0000000095a00000, 0x0000000098380000, 0x00000000a0000000)
  object space 42496K, 59% used [0x0000000095a00000,0x0000000097283488,0x0000000098380000)
GC Heap History (10 events):
Event: 11.929 GC heap before
{Heap before GC invocations=4 (full 1):
 PSYoungGen      total 75264K, used 69419K [0x00000000e0000000, 0x00000000e5380000, 0x0000000100000000)
  eden space 65024K, 100% used [0x00000000e0000000,0x00000000e3f80000,0x00000000e3f80000)
  from space 10240K, 42% used [0x00000000e4980000,0x00000000e4dcaf90,0x00000000e5380000)
  to   space 10240K, 0% used [0x00000000e3f80000,0x00000000e3f80000,0x00000000e4980000)
 ParOldGen       total 170496K, used 14369K [0x00000000a0000000, 0x00000000aa680000, 0x00000000e0000000)
  object space 170496K, 8% used [0x00000000a0000000,0x00000000a0e08420,0x00000000aa680000)
 PSPermGen       total 42496K, used 23014K [0x0000000095a00000, 0x0000000098380000, 0x00000000a0000000)
  object space 42496K, 54% used [0x0000000095a00000,0x00000000970798c0,0x0000000098380000)
Event: 11.935 GC heap after
Heap after GC invocations=4 (full 1):
 PSYoungGen      total 75264K, used 1773K [0x00000000e0000000, 0x00000000e5380000, 0x0000000100000000)
  eden space 65024K, 0% used [0x00000000e0000000,0x00000000e0000000,0x00000000e3f80000)
  from space 10240K, 17% used [0x00000000e3f80000,0x00000000e413b6b0,0x00000000e4980000)
  to   space 10240K, 0% used [0x00000000e4980000,0x00000000e4980000,0x00000000e5380000)
 ParOldGen       total 170496K, used 14369K [0x00000000a0000000, 0x00000000aa680000, 0x00000000e0000000)
  object space 170496K, 8% used [0x00000000a0000000,0x00000000a0e08420,0x00000000aa680000)
 PSPermGen       total 42496K, used 23014K [0x0000000095a00000, 0x0000000098380000, 0x00000000a0000000)
  object space 42496K, 54% used [0x0000000095a00000,0x00000000970798c0,0x0000000098380000)
}
Event: 11.993 GC heap before
{Heap before GC invocations=5 (full 1):
 PSYoungGen      total 75264K, used 66797K [0x00000000e0000000, 0x00000000e5380000, 0x0000000100000000)
  eden space 65024K, 100% used [0x00000000e0000000,0x00000000e3f80000,0x00000000e3f80000)
  from space 10240K, 17% used [0x00000000e3f80000,0x00000000e413b6b0,0x00000000e4980000)
  to   space 10240K, 0% used [0x00000000e4980000,0x00000000e4980000,0x00000000e5380000)
 ParOldGen       total 170496K, used 14369K [0x00000000a0000000, 0x00000000aa680000, 0x00000000e0000000)
  object space 170496K, 8% used [0x00000000a0000000,0x00000000a0e08420,0x00000000aa680000)
 PSPermGen       total 42496K, used 23112K [0x0000000095a00000, 0x0000000098380000, 0x00000000a0000000)
  object space 42496K, 54% used [0x0000000095a00000,0x0000000097092148,0x0000000098380000)
Event: 11.995 GC heap after
Heap after GC invocations=5 (full 1):
 PSYoungGen      total 75264K, used 1572K [0x00000000e0000000, 0x00000000e9300000, 0x0000000100000000)
  eden space 65024K, 0% used [0x00000000e0000000,0x00000000e0000000,0x00000000e3f80000)
  from space 10240K, 15% used [0x00000000e4980000,0x00000000e4b09258,0x00000000e5380000)
  to   space 10240K, 0% used [0x00000000e3f80000,0x00000000e3f80000,0x00000000e4980000)
 ParOldGen       total 170496K, used 14369K [0x00000000a0000000, 0x00000000aa680000, 0x00000000e0000000)
  object space 170496K, 8% used [0x00000000a0000000,0x00000000a0e08420,0x00000000aa680000)
 PSPermGen       total 42496K, used 23112K [0x0000000095a00000, 0x0000000098380000, 0x00000000a0000000)
  object space 42496K, 54% used [0x0000000095a00000,0x0000000097092148,0x0000000098380000)
}
Event: 12.078 GC heap before
{Heap before GC invocations=6 (full 1):
 PSYoungGen      total 75264K, used 66596K [0x00000000e0000000, 0x00000000e9300000, 0x0000000100000000)
  eden space 65024K, 100% used [0x00000000e0000000,0x00000000e3f80000,0x00000000e3f80000)
  from space 10240K, 15% used [0x00000000e4980000,0x00000000e4b09258,0x00000000e5380000)
  to   space 10240K, 0% used [0x00000000e3f80000,0x00000000e3f80000,0x00000000e4980000)
 ParOldGen       total 170496K, used 14369K [0x00000000a0000000, 0x00000000aa680000, 0x00000000e0000000)
  object space 170496K, 8% used [0x00000000a0000000,0x00000000a0e08420,0x00000000aa680000)
 PSPermGen       total 42496K, used 23114K [0x0000000095a00000, 0x0000000098380000, 0x00000000a0000000)
  object space 42496K, 54% used [0x0000000095a00000,0x0000000097092b28,0x0000000098380000)
Event: 12.080 GC heap after
Heap after GC invocations=6 (full 1):
 PSYoungGen      total 75264K, used 1549K [0x00000000e0000000, 0x00000000e9300000, 0x0000000100000000)
  eden space 65024K, 0% used [0x00000000e0000000,0x00000000e0000000,0x00000000e3f80000)
  from space 10240K, 15% used [0x00000000e3f80000,0x00000000e41036b0,0x00000000e4980000)
  to   space 10240K, 0% used [0x00000000e8900000,0x00000000e8900000,0x00000000e9300000)
 ParOldGen       total 170496K, used 14369K [0x00000000a0000000, 0x00000000aa680000, 0x00000000e0000000)
  object space 170496K, 8% used [0x00000000a0000000,0x00000000a0e08420,0x00000000aa680000)
 PSPermGen       total 42496K, used 23114K [0x0000000095a00000, 0x0000000098380000, 0x00000000a0000000)
  object space 42496K, 54% used [0x0000000095a00000,0x0000000097092b28,0x0000000098380000)
}
Event: 12.165 GC heap before
{Heap before GC invocations=7 (full 1):
 PSYoungGen      total 75264K, used 66573K [0x00000000e0000000, 0x00000000e9300000, 0x0000000100000000)
  eden space 65024K, 100% used [0x00000000e0000000,0x00000000e3f80000,0x00000000e3f80000)
  from space 10240K, 15% used [0x00000000e3f80000,0x00000000e41036b0,0x00000000e4980000)
  to   space 10240K, 0% used [0x00000000e8900000,0x00000000e8900000,0x00000000e9300000)
 ParOldGen       total 170496K, used 14369K [0x00000000a0000000, 0x00000000aa680000, 0x00000000e0000000)
  object space 170496K, 8% used [0x00000000a0000000,0x00000000a0e08420,0x00000000aa680000)
 PSPermGen       total 42496K, used 23129K [0x0000000095a00000, 0x0000000098380000, 0x00000000a0000000)
  object space 42496K, 54% used [0x0000000095a00000,0x0000000097096668,0x0000000098380000)
Event: 12.169 GC heap after
Heap after GC invocations=7 (full 1):
 PSYoungGen      total 121856K, used 1709K [0x00000000e0000000, 0x00000000eb700000, 0x0000000100000000)
  eden space 111616K, 0% used [0x00000000e0000000,0x00000000e0000000,0x00000000e6d00000)
  from space 10240K, 16% used [0x00000000e8900000,0x00000000e8aab4c8,0x00000000e9300000)
  to   space 28672K, 0% used [0x00000000e6d00000,0x00000000e6d00000,0x00000000e8900000)
 ParOldGen       total 170496K, used 14369K [0x00000000a0000000, 0x00000000aa680000, 0x00000000e0000000)
  object space 170496K, 8% used [0x00000000a0000000,0x00000000a0e08420,0x00000000aa680000)
 PSPermGen       total 42496K, used 23129K [0x0000000095a00000, 0x0000000098380000, 0x00000000a0000000)
  object space 42496K, 54% used [0x0000000095a00000,0x0000000097096668,0x0000000098380000)
}
Event: 12.297 GC heap before
{Heap before GC invocations=8 (full 1):
 PSYoungGen      total 121856K, used 113325K [0x00000000e0000000, 0x00000000eb700000, 0x0000000100000000)
  eden space 111616K, 100% used [0x00000000e0000000,0x00000000e6d00000,0x00000000e6d00000)
  from space 10240K, 16% used [0x00000000e8900000,0x00000000e8aab4c8,0x00000000e9300000)
  to   space 28672K, 0% used [0x00000000e6d00000,0x00000000e6d00000,0x00000000e8900000)
 ParOldGen       total 170496K, used 14369K [0x00000000a0000000, 0x00000000aa680000, 0x00000000e0000000)
  object space 170496K, 8% used [0x00000000a0000000,0x00000000a0e08420,0x00000000aa680000)
 PSPermGen       total 42496K, used 23136K [0x0000000095a00000, 0x0000000098380000, 0x00000000a0000000)
  object space 42496K, 54% used [0x0000000095a00000,0x0000000097098118,0x0000000098380000)
Event: 12.302 GC heap after
Heap after GC invocations=8 (full 1):
 PSYoungGen      total 140288K, used 1670K [0x00000000e0000000, 0x00000000f0e00000, 0x0000000100000000)
  eden space 111616K, 0% used [0x00000000e0000000,0x00000000e0000000,0x00000000e6d00000)
  from space 28672K, 5% used [0x00000000e6d00000,0x00000000e6ea1910,0x00000000e8900000)
  to   space 26624K, 0% used [0x00000000ef400000,0x00000000ef400000,0x00000000f0e00000)
 ParOldGen       total 170496K, used 14369K [0x00000000a0000000, 0x00000000aa680000, 0x00000000e0000000)
  object space 170496K, 8% used [0x00000000a0000000,0x00000000a0e08420,0x00000000aa680000)
 PSPermGen       total 42496K, used 23136K [0x0000000095a00000, 0x0000000098380000, 0x00000000a0000000)
  object space 42496K, 54% used [0x0000000095a00000,0x0000000097098118,0x0000000098380000)
}

