# JRE version: OpenJDK Runtime Environment (7.0_181-b01) (build 1.7.0_181-b01)
# Java VM: OpenJDK 64-Bit Server VM (24.181-b01 mixed mode linux-amd64 compressed oops)
Heap
 PSYoungGen      total 185344K, used 37288K [0x00000000e0000000, 0x00000000f2700000, 0x0000000100000000)
  eden space 184832K, 20% used [0x00000000e0000000,0x00000000e24323a0,0x00000000eb480000)
  from space 512K, 43% used [0x00000000f2680000,0x00000000f26b8000,0x00000000f2700000)
  to   space 8192K, 0% used [0x00000000f1700000,0x00000000f1700000,0x00000000f1f00000)
 ParOldGen       total 170496K, used 19024K [0x00000000a0000000, 0x00000000aa680000, 0x00000000e0000000)
  object space 170496K, 11% used [0x00000000a0000000,0x00000000a12943e8,0x00000000aa680000)
 PSPermGen       total 41984K, used 25105K [0x0000000095a00000, 0x0000000098300000, 0x00000000a0000000)
  object space 41984K, 59% used [0x0000000095a00000,0x0000000097284498,0x0000000098300000)
GC Heap History (10 events):
Event: 18.030 GC heap before
{Heap before GC invocations=15 (full 1):
 PSYoungGen      total 232960K, used 222976K [0x00000000e0000000, 0x00000000f4180000, 0x0000000100000000)
  eden space 222720K, 100% used [0x00000000e0000000,0x00000000ed980000,0x00000000ed980000)
  from space 10240K, 2% used [0x00000000f2d80000,0x00000000f2dc0000,0x00000000f3780000)
  to   space 10240K, 0% used [0x00000000f3780000,0x00000000f3780000,0x00000000f4180000)
 ParOldGen       total 170496K, used 18658K [0x00000000a0000000, 0x00000000aa680000, 0x00000000e0000000)
  object space 170496K, 10% used [0x00000000a0000000,0x00000000a1238b38,0x00000000aa680000)
 PSPermGen       total 41984K, used 25052K [0x0000000095a00000, 0x0000000098300000, 0x00000000a0000000)
  object space 41984K, 59% used [0x0000000095a00000,0x0000000097277378,0x0000000098300000)
Event: 18.032 GC heap after
Heap after GC invocations=15 (full 1):
 PSYoungGen      total 215040K, used 256K [0x00000000e0000000, 0x00000000f3800000, 0x0000000100000000)
  eden space 214528K, 0% used [0x00000000e0000000,0x00000000e0000000,0x00000000ed180000)
  from space 512K, 50% used [0x00000000f3780000,0x00000000f37c0000,0x00000000f3800000)
  to   space 9728K, 0% used [0x00000000f2500000,0x00000000f2500000,0x00000000f2e80000)
 ParOldGen       total 170496K, used 18714K [0x00000000a0000000, 0x00000000aa680000, 0x00000000e0000000)
  object space 170496K, 10% used [0x00000000a0000000,0x00000000a1246b38,0x00000000aa680000)
 PSPermGen       total 41984K, used 25052K [0x0000000095a00000, 0x0000000098300000, 0x00000000a0000000)
  object space 41984K, 59% used [0x0000000095a00000,0x0000000097277378,0x0000000098300000)
}
Event: 19.638 GC heap before
{Heap before GC invocations=16 (full 1):
 PSYoungGen      total 215040K, used 214784K [0x00000000e0000000, 0x00000000f3800000, 0x0000000100000000)
  eden space 214528K, 100% used [0x00000000e0000000,0x00000000ed180000,0x00000000ed180000)
  from space 512K, 50% used [0x00000000f3780000,0x00000000f37c0000,0x00000000f3800000)
  to   space 9728K, 0% used [0x00000000f2500000,0x00000000f2500000,0x00000000f2e80000)
 ParOldGen       total 170496K, used 18714K [0x00000000a0000000, 0x00000000aa680000, 0x00000000e0000000)
  object space 170496K, 10% used [0x00000000a0000000,0x00000000a1246b58,0x00000000aa680000)
 PSPermGen       total 41984K, used 25062K [0x0000000095a00000, 0x0000000098300000, 0x00000000a0000000)
  object space 41984K, 59% used [0x0000000095a00000,0x0000000097279b58,0x0000000098300000)
Event: 19.640 GC heap after
Heap after GC invocations=16 (full 1):
 PSYoungGen      total 216064K, used 192K [0x00000000e0000000, 0x00000000f3800000, 0x0000000100000000)
  eden space 206336K, 0% used [0x00000000e0000000,0x00000000e0000000,0x00000000ec980000)
  from space 9728K, 1% used [0x00000000f2500000,0x00000000f2530000,0x00000000f2e80000)
  to   space 9728K, 0% used [0x00000000f2e80000,0x00000000f2e80000,0x00000000f3800000)
 ParOldGen       total 170496K, used 18798K [0x00000000a0000000, 0x00000000aa680000, 0x00000000e0000000)
  object space 170496K, 11% used [0x00000000a0000000,0x00000000a125bb68,0x00000000aa680000)
 PSPermGen       total 41984K, used 25062K [0x0000000095a00000, 0x0000000098300000, 0x00000000a0000000)
  object space 41984K, 59% used [0x0000000095a00000,0x0000000097279b58,0x0000000098300000)
}
Event: 20.742 GC heap before
{Heap before GC invocations=17 (full 1):
 PSYoungGen      total 216064K, used 206528K [0x00000000e0000000, 0x00000000f3800000, 0x0000000100000000)
  eden space 206336K, 100% used [0x00000000e0000000,0x00000000ec980000,0x00000000ec980000)
  from space 9728K, 1% used [0x00000000f2500000,0x00000000f2530000,0x00000000f2e80000)
  to   space 9728K, 0% used [0x00000000f2e80000,0x00000000f2e80000,0x00000000f3800000)
 ParOldGen       total 170496K, used 18800K [0x00000000a0000000, 0x00000000aa680000, 0x00000000e0000000)
  object space 170496K, 11% used [0x00000000a0000000,0x00000000a125c3e8,0x00000000aa680000)
 PSPermGen       total 41984K, used 25087K [0x0000000095a00000, 0x0000000098300000, 0x00000000a0000000)
  object space 41984K, 59% used [0x0000000095a00000,0x000000009727fd10,0x0000000098300000)
Event: 20.744 GC heap after
Heap after GC invocations=17 (full 1):
 PSYoungGen      total 199168K, used 256K [0x00000000e0000000, 0x00000000f2f00000, 0x0000000100000000)
  eden space 198656K, 0% used [0x00000000e0000000,0x00000000e0000000,0x00000000ec200000)
  from space 512K, 50% used [0x00000000f2e80000,0x00000000f2ec0000,0x00000000f2f00000)
  to   space 9216K, 0% used [0x00000000f1d00000,0x00000000f1d00000,0x00000000f2600000)
 ParOldGen       total 170496K, used 18848K [0x00000000a0000000, 0x00000000aa680000, 0x00000000e0000000)
  object space 170496K, 11% used [0x00000000a0000000,0x00000000a12683e8,0x00000000aa680000)
 PSPermGen       total 41984K, used 25087K [0x0000000095a00000, 0x0000000098300000, 0x00000000a0000000)
  object space 41984K, 59% used [0x0000000095a00000,0x000000009727fd10,0x0000000098300000)
}
Event: 22.099 GC heap before
{Heap before GC invocations=18 (full 1):
 PSYoungGen      total 199168K, used 198912K [0x00000000e0000000, 0x00000000f2f00000, 0x0000000100000000)
  eden space 198656K, 100% used [0x00000000e0000000,0x00000000ec200000,0x00000000ec200000)
  from space 512K, 50% used [0x00000000f2e80000,0x00000000f2ec0000,0x00000000f2f00000)
  to   space 9216K, 0% used [0x00000000f1d00000,0x00000000f1d00000,0x00000000f2600000)
 ParOldGen       total 170496K, used 18848K [0x00000000a0000000, 0x00000000aa680000, 0x00000000e0000000)
  object space 170496K, 11% used [0x00000000a0000000,0x00000000a12683e8,0x00000000aa680000)
 PSPermGen       total 41984K, used 25097K [0x0000000095a00000, 0x0000000098300000, 0x00000000a0000000)
  object space 41984K, 59% used [0x0000000095a00000,0x0000000097282778,0x0000000098300000)
Event: 22.101 GC heap after
Heap after GC invocations=18 (full 1):
 PSYoungGen      total 200704K, used 256K [0x00000000e0000000, 0x00000000f2f00000, 0x0000000100000000)
  eden space 191488K, 0% used [0x00000000e0000000,0x00000000e0000000,0x00000000ebb00000)
  from space 9216K, 2% used [0x00000000f1d00000,0x00000000f1d40000,0x00000000f2600000)
  to   space 8704K, 0% used [0x00000000f2680000,0x00000000f2680000,0x00000000f2f00000)
 ParOldGen       total 170496K, used 18928K [0x00000000a0000000, 0x00000000aa680000, 0x00000000e0000000)
  object space 170496K, 11% used [0x00000000a0000000,0x00000000a127c3e8,0x00000000aa680000)
 PSPermGen       total 41984K, used 25097K [0x0000000095a00000, 0x0000000098300000, 0x00000000a0000000)
  object space 41984K, 59% used [0x0000000095a00000,0x0000000097282778,0x0000000098300000)
}
Event: 23.082 GC heap before
{Heap before GC invocations=19 (full 1):
 PSYoungGen      total 200704K, used 191744K [0x00000000e0000000, 0x00000000f2f00000, 0x0000000100000000)
  eden space 191488K, 100% used [0x00000000e0000000,0x00000000ebb00000,0x00000000ebb00000)
  from space 9216K, 2% used [0x00000000f1d00000,0x00000000f1d40000,0x00000000f2600000)
  to   space 8704K, 0% used [0x00000000f2680000,0x00000000f2680000,0x00000000f2f00000)
 ParOldGen       total 170496K, used 18928K [0x00000000a0000000, 0x00000000aa680000, 0x00000000e0000000)
  object space 170496K, 11% used [0x00000000a0000000,0x00000000a127c3e8,0x00000000aa680000)
 PSPermGen       total 41984K, used 25104K [0x0000000095a00000, 0x0000000098300000, 0x00000000a0000000)
  object space 41984K, 59% used [0x0000000095a00000,0x00000000972840e8,0x0000000098300000)
Event: 23.084 GC heap after
Heap after GC invocations=19 (full 1):
 PSYoungGen      total 185344K, used 224K [0x00000000e0000000, 0x00000000f2700000, 0x0000000100000000)
  eden space 184832K, 0% used [0x00000000e0000000,0x00000000e0000000,0x00000000eb480000)
  from space 512K, 43% used [0x00000000f2680000,0x00000000f26b8000,0x00000000f2700000)
  to   space 8192K, 0% used [0x00000000f1700000,0x00000000f1700000,0x00000000f1f00000)
 ParOldGen       total 170496K, used 19024K [0x00000000a0000000, 0x00000000aa680000, 0x00000000e0000000)
  object space 170496K, 11% used [0x00000000a0000000,0x00000000a12943e8,0x00000000aa680000)
 PSPermGen       total 41984K, used 25104K [0x0000000095a00000, 0x0000000098300000, 0x00000000a0000000)
  object space 41984K, 59% used [0x0000000095a00000,0x00000000972840e8,0x0000000098300000)
}

