# JRE version: OpenJDK Runtime Environment (7.0_181-b01) (build 1.7.0_181-b01)
# Java VM: OpenJDK 64-Bit Server VM (24.181-b01 mixed mode linux-amd64 compressed oops)
Heap
 PSYoungGen      total 107520K, used 85673K [0x00000000e0000000, 0x00000000e7b80000, 0x0000000100000000)
  eden space 107008K, 79% used [0x00000000e0000000,0x00000000e536a558,0x00000000e6880000)
  from space 512K, 50% used [0x00000000e7b00000,0x00000000e7b40000,0x00000000e7b80000)
  to   space 5632K, 0% used [0x00000000e7080000,0x00000000e7080000,0x00000000e7600000)
 ParOldGen       total 170496K, used 20550K [0x00000000a0000000, 0x00000000aa680000, 0x00000000e0000000)
  object space 170496K, 12% used [0x00000000a0000000,0x00000000a1411978,0x00000000aa680000)
 PSPermGen       total 41984K, used 25456K [0x0000000095a00000, 0x0000000098300000, 0x00000000a0000000)
  object space 41984K, 60% used [0x0000000095a00000,0x00000000972dc390,0x0000000098300000)
GC Heap History (10 events):
Event: 20.733 GC heap before
{Heap before GC invocations=21 (full 1):
 PSYoungGen      total 133120K, used 125152K [0x00000000e0000000, 0x00000000e8e80000, 0x0000000100000000)
  eden space 124928K, 100% used [0x00000000e0000000,0x00000000e7a00000,0x00000000e7a00000)
  from space 8192K, 2% used [0x00000000e7e80000,0x00000000e7eb8000,0x00000000e8680000)
  to   space 7680K, 0% used [0x00000000e8700000,0x00000000e8700000,0x00000000e8e80000)
 ParOldGen       total 170496K, used 20114K [0x00000000a0000000, 0x00000000aa680000, 0x00000000e0000000)
  object space 170496K, 11% used [0x00000000a0000000,0x00000000a13a4a48,0x00000000aa680000)
 PSPermGen       total 41984K, used 25436K [0x0000000095a00000, 0x0000000098300000, 0x00000000a0000000)
  object space 41984K, 60% used [0x0000000095a00000,0x00000000972d7020,0x0000000098300000)
Event: 20.735 GC heap after
Heap after GC invocations=21 (full 1):
 PSYoungGen      total 121344K, used 160K [0x00000000e0000000, 0x00000000e8780000, 0x0000000100000000)
  eden space 120832K, 0% used [0x00000000e0000000,0x00000000e0000000,0x00000000e7600000)
  from space 512K, 31% used [0x00000000e8700000,0x00000000e8728000,0x00000000e8780000)
  to   space 7168K, 0% used [0x00000000e7980000,0x00000000e7980000,0x00000000e8080000)
 ParOldGen       total 170496K, used 20188K [0x00000000a0000000, 0x00000000aa680000, 0x00000000e0000000)
  object space 170496K, 11% used [0x00000000a0000000,0x00000000a13b73b8,0x00000000aa680000)
 PSPermGen       total 41984K, used 25436K [0x0000000095a00000, 0x0000000098300000, 0x00000000a0000000)
  object space 41984K, 60% used [0x0000000095a00000,0x00000000972d7020,0x0000000098300000)
}
Event: 21.490 GC heap before
{Heap before GC invocations=22 (full 1):
 PSYoungGen      total 121344K, used 120992K [0x00000000e0000000, 0x00000000e8780000, 0x0000000100000000)
  eden space 120832K, 100% used [0x00000000e0000000,0x00000000e7600000,0x00000000e7600000)
  from space 512K, 31% used [0x00000000e8700000,0x00000000e8728000,0x00000000e8780000)
  to   space 7168K, 0% used [0x00000000e7980000,0x00000000e7980000,0x00000000e8080000)
 ParOldGen       total 170496K, used 20188K [0x00000000a0000000, 0x00000000aa680000, 0x00000000e0000000)
  object space 170496K, 11% used [0x00000000a0000000,0x00000000a13b73b8,0x00000000aa680000)
 PSPermGen       total 41984K, used 25444K [0x0000000095a00000, 0x0000000098300000, 0x00000000a0000000)
  object space 41984K, 60% used [0x0000000095a00000,0x00000000972d9180,0x0000000098300000)
Event: 21.491 GC heap after
Heap after GC invocations=22 (full 1):
 PSYoungGen      total 124416K, used 224K [0x00000000e0000000, 0x00000000e8780000, 0x0000000100000000)
  eden space 117248K, 0% used [0x00000000e0000000,0x00000000e0000000,0x00000000e7280000)
  from space 7168K, 3% used [0x00000000e7980000,0x00000000e79b8000,0x00000000e8080000)
  to   space 7168K, 0% used [0x00000000e8080000,0x00000000e8080000,0x00000000e8780000)
 ParOldGen       total 170496K, used 20251K [0x00000000a0000000, 0x00000000aa680000, 0x00000000e0000000)
  object space 170496K, 11% used [0x00000000a0000000,0x00000000a13c6f58,0x00000000aa680000)
 PSPermGen       total 41984K, used 25444K [0x0000000095a00000, 0x0000000098300000, 0x00000000a0000000)
  object space 41984K, 60% used [0x0000000095a00000,0x00000000972d9180,0x0000000098300000)
}
Event: 22.365 GC heap before
{Heap before GC invocations=23 (full 1):
 PSYoungGen      total 124416K, used 117472K [0x00000000e0000000, 0x00000000e8780000, 0x0000000100000000)
  eden space 117248K, 100% used [0x00000000e0000000,0x00000000e7280000,0x00000000e7280000)
  from space 7168K, 3% used [0x00000000e7980000,0x00000000e79b8000,0x00000000e8080000)
  to   space 7168K, 0% used [0x00000000e8080000,0x00000000e8080000,0x00000000e8780000)
 ParOldGen       total 170496K, used 20251K [0x00000000a0000000, 0x00000000aa680000, 0x00000000e0000000)
  object space 170496K, 11% used [0x00000000a0000000,0x00000000a13c6f58,0x00000000aa680000)
 PSPermGen       total 41984K, used 25450K [0x0000000095a00000, 0x0000000098300000, 0x00000000a0000000)
  object space 41984K, 60% used [0x0000000095a00000,0x00000000972dab50,0x0000000098300000)
Event: 22.366 GC heap after
Heap after GC invocations=23 (full 1):
 PSYoungGen      total 114176K, used 224K [0x00000000e0000000, 0x00000000e8100000, 0x0000000100000000)
  eden space 113664K, 0% used [0x00000000e0000000,0x00000000e0000000,0x00000000e6f00000)
  from space 512K, 43% used [0x00000000e8080000,0x00000000e80b8000,0x00000000e8100000)
  to   space 6656K, 0% used [0x00000000e7400000,0x00000000e7400000,0x00000000e7a80000)
 ParOldGen       total 170496K, used 20322K [0x00000000a0000000, 0x00000000aa680000, 0x00000000e0000000)
  object space 170496K, 11% used [0x00000000a0000000,0x00000000a13d8af8,0x00000000aa680000)
 PSPermGen       total 41984K, used 25450K [0x0000000095a00000, 0x0000000098300000, 0x00000000a0000000)
  object space 41984K, 60% used [0x0000000095a00000,0x00000000972dab50,0x0000000098300000)
}
Event: 23.245 GC heap before
{Heap before GC invocations=24 (full 1):
 PSYoungGen      total 114176K, used 113888K [0x00000000e0000000, 0x00000000e8100000, 0x0000000100000000)
  eden space 113664K, 100% used [0x00000000e0000000,0x00000000e6f00000,0x00000000e6f00000)
  from space 512K, 43% used [0x00000000e8080000,0x00000000e80b8000,0x00000000e8100000)
  to   space 6656K, 0% used [0x00000000e7400000,0x00000000e7400000,0x00000000e7a80000)
 ParOldGen       total 170496K, used 20322K [0x00000000a0000000, 0x00000000aa680000, 0x00000000e0000000)
  object space 170496K, 11% used [0x00000000a0000000,0x00000000a13d8af8,0x00000000aa680000)
 PSPermGen       total 41984K, used 25451K [0x0000000095a00000, 0x0000000098300000, 0x00000000a0000000)
  object space 41984K, 60% used [0x0000000095a00000,0x00000000972dadb0,0x0000000098300000)
Event: 23.246 GC heap after
Heap after GC invocations=24 (full 1):
 PSYoungGen      total 116736K, used 256K [0x00000000e0000000, 0x00000000e8100000, 0x0000000100000000)
  eden space 110080K, 0% used [0x00000000e0000000,0x00000000e0000000,0x00000000e6b80000)
  from space 6656K, 3% used [0x00000000e7400000,0x00000000e7440000,0x00000000e7a80000)
  to   space 6144K, 0% used [0x00000000e7b00000,0x00000000e7b00000,0x00000000e8100000)
 ParOldGen       total 170496K, used 20401K [0x00000000a0000000, 0x00000000aa680000, 0x00000000e0000000)
  object space 170496K, 11% used [0x00000000a0000000,0x00000000a13ec698,0x00000000aa680000)
 PSPermGen       total 41984K, used 25451K [0x0000000095a00000, 0x0000000098300000, 0x00000000a0000000)
  object space 41984K, 60% used [0x0000000095a00000,0x00000000972dadb0,0x0000000098300000)
}
Event: 23.753 GC heap before
{Heap before GC invocations=25 (full 1):
 PSYoungGen      total 116736K, used 110336K [0x00000000e0000000, 0x00000000e8100000, 0x0000000100000000)
  eden space 110080K, 100% used [0x00000000e0000000,0x00000000e6b80000,0x00000000e6b80000)
  from space 6656K, 3% used [0x00000000e7400000,0x00000000e7440000,0x00000000e7a80000)
  to   space 6144K, 0% used [0x00000000e7b00000,0x00000000e7b00000,0x00000000e8100000)
 ParOldGen       total 170496K, used 20401K [0x00000000a0000000, 0x00000000aa680000, 0x00000000e0000000)
  object space 170496K, 11% used [0x00000000a0000000,0x00000000a13ec698,0x00000000aa680000)
 PSPermGen       total 41984K, used 25453K [0x0000000095a00000, 0x0000000098300000, 0x00000000a0000000)
  object space 41984K, 60% used [0x0000000095a00000,0x00000000972db4b8,0x0000000098300000)
Event: 23.755 GC heap after
Heap after GC invocations=25 (full 1):
 PSYoungGen      total 107520K, used 256K [0x00000000e0000000, 0x00000000e7b80000, 0x0000000100000000)
  eden space 107008K, 0% used [0x00000000e0000000,0x00000000e0000000,0x00000000e6880000)
  from space 512K, 50% used [0x00000000e7b00000,0x00000000e7b40000,0x00000000e7b80000)
  to   space 5632K, 0% used [0x00000000e7080000,0x00000000e7080000,0x00000000e7600000)
 ParOldGen       total 170496K, used 20550K [0x00000000a0000000, 0x00000000aa680000, 0x00000000e0000000)
  object space 170496K, 12% used [0x00000000a0000000,0x00000000a1411978,0x00000000aa680000)
 PSPermGen       total 41984K, used 25453K [0x0000000095a00000, 0x0000000098300000, 0x00000000a0000000)
  object space 41984K, 60% used [0x0000000095a00000,0x00000000972db4b8,0x0000000098300000)
}

