# JRE version: OpenJDK Runtime Environment (7.0_181-b01) (build 1.7.0_181-b01)
# Java VM: OpenJDK 64-Bit Server VM (24.181-b01 mixed mode linux-amd64 compressed oops)
Heap
 PSYoungGen      total 253440K, used 71673K [0x00000000e0000000, 0x00000000f7100000, 0x0000000100000000)
  eden space 249856K, 27% used [0x00000000e0000000,0x00000000e42fb0d8,0x00000000ef400000)
  from space 3584K, 86% used [0x00000000f6180000,0x00000000f6483500,0x00000000f6500000)
  to   space 8704K, 0% used [0x00000000f6880000,0x00000000f6880000,0x00000000f7100000)
 ParOldGen       total 325120K, used 18411K [0x00000000a0000000, 0x00000000b3d80000, 0x00000000e0000000)
  object space 325120K, 5% used [0x00000000a0000000,0x00000000a11fade0,0x00000000b3d80000)
 PSPermGen       total 34304K, used 26299K [0x0000000095a00000, 0x0000000097b80000, 0x00000000a0000000)
  object space 34304K, 76% used [0x0000000095a00000,0x00000000973aef20,0x0000000097b80000)
GC Heap History (10 events):
Event: 509949.968 GC heap before
{Heap before GC invocations=14486 (full 12):
 PSYoungGen      total 261632K, used 152857K [0x00000000e0000000, 0x00000000f8200000, 0x0000000100000000)
  eden space 257024K, 57% used [0x00000000e0000000,0x00000000e911d980,0x00000000efb00000)
  from space 4608K, 92% used [0x00000000f7300000,0x00000000f7728ad8,0x00000000f7780000)
  to   space 9216K, 0% used [0x00000000f7900000,0x00000000f7900000,0x00000000f8200000)
 ParOldGen       total 325120K, used 107800K [0x00000000a0000000, 0x00000000b3d80000, 0x00000000e0000000)
  object space 325120K, 33% used [0x00000000a0000000,0x00000000a6946150,0x00000000b3d80000)
 PSPermGen       total 35840K, used 26286K [0x0000000095a00000, 0x0000000097d00000, 0x00000000a0000000)
  object space 35840K, 73% used [0x0000000095a00000,0x00000000973abb78,0x0000000097d00000)
Event: 509949.971 GC heap after
Heap after GC invocations=14486 (full 12):
 PSYoungGen      total 262656K, used 5302K [0x00000000e0000000, 0x00000000f7e80000, 0x0000000100000000)
  eden space 257024K, 0% used [0x00000000e0000000,0x00000000e0000000,0x00000000efb00000)
  from space 5632K, 94% used [0x00000000f7900000,0x00000000f7e2da28,0x00000000f7e80000)
  to   space 9216K, 0% used [0x00000000f6c80000,0x00000000f6c80000,0x00000000f7580000)
 ParOldGen       total 325120K, used 107800K [0x00000000a0000000, 0x00000000b3d80000, 0x00000000e0000000)
  object space 325120K, 33% used [0x00000000a0000000,0x00000000a6946150,0x00000000b3d80000)
 PSPermGen       total 35840K, used 26286K [0x0000000095a00000, 0x0000000097d00000, 0x00000000a0000000)
  object space 35840K, 73% used [0x0000000095a00000,0x00000000973abb78,0x0000000097d00000)
}
Event: 509949.971 GC heap before
{Heap before GC invocations=14487 (full 13):
 PSYoungGen      total 262656K, used 5302K [0x00000000e0000000, 0x00000000f7e80000, 0x0000000100000000)
  eden space 257024K, 0% used [0x00000000e0000000,0x00000000e0000000,0x00000000efb00000)
  from space 5632K, 94% used [0x00000000f7900000,0x00000000f7e2da28,0x00000000f7e80000)
  to   space 9216K, 0% used [0x00000000f6c80000,0x00000000f6c80000,0x00000000f7580000)
 ParOldGen       total 325120K, used 107800K [0x00000000a0000000, 0x00000000b3d80000, 0x00000000e0000000)
  object space 325120K, 33% used [0x00000000a0000000,0x00000000a6946150,0x00000000b3d80000)
 PSPermGen       total 35840K, used 26286K [0x0000000095a00000, 0x0000000097d00000, 0x00000000a0000000)
  object space 35840K, 73% used [0x0000000095a00000,0x00000000973abb78,0x0000000097d00000)
Event: 509950.004 GC heap after
Heap after GC invocations=14487 (full 13):
 PSYoungGen      total 262656K, used 0K [0x00000000e0000000, 0x00000000f7e80000, 0x0000000100000000)
  eden space 257024K, 0% used [0x00000000e0000000,0x00000000e0000000,0x00000000efb00000)
  from space 5632K, 0% used [0x00000000f7900000,0x00000000f7900000,0x00000000f7e80000)
  to   space 9216K, 0% used [0x00000000f6c80000,0x00000000f6c80000,0x00000000f7580000)
 ParOldGen       total 325120K, used 18411K [0x00000000a0000000, 0x00000000b3d80000, 0x00000000e0000000)
  object space 325120K, 5% used [0x00000000a0000000,0x00000000a11fade0,0x00000000b3d80000)
 PSPermGen       total 34304K, used 26286K [0x0000000095a00000, 0x0000000097b80000, 0x00000000a0000000)
  object space 34304K, 76% used [0x0000000095a00000,0x00000000973abb18,0x0000000097b80000)
}
Event: 509956.313 GC heap before
{Heap before GC invocations=14488 (full 13):
 PSYoungGen      total 262656K, used 257024K [0x00000000e0000000, 0x00000000f7e80000, 0x0000000100000000)
  eden space 257024K, 100% used [0x00000000e0000000,0x00000000efb00000,0x00000000efb00000)
  from space 5632K, 0% used [0x00000000f7900000,0x00000000f7900000,0x00000000f7e80000)
  to   space 9216K, 0% used [0x00000000f6c80000,0x00000000f6c80000,0x00000000f7580000)
 ParOldGen       total 325120K, used 18411K [0x00000000a0000000, 0x00000000b3d80000, 0x00000000e0000000)
  object space 325120K, 5% used [0x00000000a0000000,0x00000000a11fade0,0x00000000b3d80000)
 PSPermGen       total 34304K, used 26292K [0x0000000095a00000, 0x0000000097b80000, 0x00000000a0000000)
  object space 34304K, 76% used [0x0000000095a00000,0x00000000973ad288,0x0000000097b80000)
Event: 509956.318 GC heap after
Heap after GC invocations=14488 (full 13):
 PSYoungGen      total 251904K, used 3103K [0x00000000e0000000, 0x00000000f7980000, 0x0000000100000000)
  eden space 248320K, 0% used [0x00000000e0000000,0x00000000e0000000,0x00000000ef280000)
  from space 3584K, 86% used [0x00000000f6c80000,0x00000000f6f87da0,0x00000000f7000000)
  to   space 9216K, 0% used [0x00000000f7080000,0x00000000f7080000,0x00000000f7980000)
 ParOldGen       total 325120K, used 18411K [0x00000000a0000000, 0x00000000b3d80000, 0x00000000e0000000)
  object space 325120K, 5% used [0x00000000a0000000,0x00000000a11fade0,0x00000000b3d80000)
 PSPermGen       total 34304K, used 26292K [0x0000000095a00000, 0x0000000097b80000, 0x00000000a0000000)
  object space 34304K, 76% used [0x0000000095a00000,0x00000000973ad288,0x0000000097b80000)
}
Event: 509960.702 GC heap before
{Heap before GC invocations=14489 (full 13):
 PSYoungGen      total 251904K, used 251423K [0x00000000e0000000, 0x00000000f7980000, 0x0000000100000000)
  eden space 248320K, 100% used [0x00000000e0000000,0x00000000ef280000,0x00000000ef280000)
  from space 3584K, 86% used [0x00000000f6c80000,0x00000000f6f87da0,0x00000000f7000000)
  to   space 9216K, 0% used [0x00000000f7080000,0x00000000f7080000,0x00000000f7980000)
 ParOldGen       total 325120K, used 18411K [0x00000000a0000000, 0x00000000b3d80000, 0x00000000e0000000)
  object space 325120K, 5% used [0x00000000a0000000,0x00000000a11fade0,0x00000000b3d80000)
 PSPermGen       total 34304K, used 26295K [0x0000000095a00000, 0x0000000097b80000, 0x00000000a0000000)
  object space 34304K, 76% used [0x0000000095a00000,0x00000000973adc58,0x0000000097b80000)
Event: 509960.705 GC heap after
Heap after GC invocations=14489 (full 13):
 PSYoungGen      total 242176K, used 1760K [0x00000000e0000000, 0x00000000f7280000, 0x0000000100000000)
  eden space 240128K, 0% used [0x00000000e0000000,0x00000000e0000000,0x00000000eea80000)
  from space 2048K, 85% used [0x00000000f7080000,0x00000000f7238000,0x00000000f7280000)
  to   space 8704K, 0% used [0x00000000f6180000,0x00000000f6180000,0x00000000f6a00000)
 ParOldGen       total 325120K, used 18411K [0x00000000a0000000, 0x00000000b3d80000, 0x00000000e0000000)
  object space 325120K, 5% used [0x00000000a0000000,0x00000000a11fade0,0x00000000b3d80000)
 PSPermGen       total 34304K, used 26295K [0x0000000095a00000, 0x0000000097b80000, 0x00000000a0000000)
  object space 34304K, 76% used [0x0000000095a00000,0x00000000973adc58,0x0000000097b80000)
}
Event: 509961.060 GC heap before
{Heap before GC invocations=14490 (full 13):
 PSYoungGen      total 242176K, used 241888K [0x00000000e0000000, 0x00000000f7280000, 0x0000000100000000)
  eden space 240128K, 100% used [0x00000000e0000000,0x00000000eea80000,0x00000000eea80000)
  from space 2048K, 85% used [0x00000000f7080000,0x00000000f7238000,0x00000000f7280000)
  to   space 8704K, 0% used [0x00000000f6180000,0x00000000f6180000,0x00000000f6a00000)
 ParOldGen       total 325120K, used 18411K [0x00000000a0000000, 0x00000000b3d80000, 0x00000000e0000000)
  object space 325120K, 5% used [0x00000000a0000000,0x00000000a11fade0,0x00000000b3d80000)
 PSPermGen       total 34304K, used 26297K [0x0000000095a00000, 0x0000000097b80000, 0x00000000a0000000)
  object space 34304K, 76% used [0x0000000095a00000,0x00000000973ae578,0x0000000097b80000)
Event: 509961.062 GC heap after
Heap after GC invocations=14490 (full 13):
 PSYoungGen      total 253440K, used 3085K [0x00000000e0000000, 0x00000000f7100000, 0x0000000100000000)
  eden space 249856K, 0% used [0x00000000e0000000,0x00000000e0000000,0x00000000ef400000)
  from space 3584K, 86% used [0x00000000f6180000,0x00000000f6483500,0x00000000f6500000)
  to   space 8704K, 0% used [0x00000000f6880000,0x00000000f6880000,0x00000000f7100000)
 ParOldGen       total 325120K, used 18411K [0x00000000a0000000, 0x00000000b3d80000, 0x00000000e0000000)
  object space 325120K, 5% used [0x00000000a0000000,0x00000000a11fade0,0x00000000b3d80000)
 PSPermGen       total 34304K, used 26297K [0x0000000095a00000, 0x0000000097b80000, 0x00000000a0000000)
  object space 34304K, 76% used [0x0000000095a00000,0x00000000973ae578,0x0000000097b80000)
}

