# JRE version: OpenJDK Runtime Environment (7.0_181-b01) (build 1.7.0_181-b01)
# Java VM: OpenJDK 64-Bit Server VM (24.181-b01 mixed mode linux-amd64 compressed oops)
Heap
 PSYoungGen      total 276480K, used 116136K [0x00000000e0000000, 0x00000000f3980000, 0x0000000100000000)
  eden space 275968K, 41% used [0x00000000e0000000,0x00000000e710a040,0x00000000f0d80000)
  from space 512K, 75% used [0x00000000f3900000,0x00000000f3960000,0x00000000f3980000)
  to   space 6144K, 0% used [0x00000000f2d80000,0x00000000f2d80000,0x00000000f3380000)
 ParOldGen       total 170496K, used 19471K [0x00000000a0000000, 0x00000000aa680000, 0x00000000e0000000)
  object space 170496K, 11% used [0x00000000a0000000,0x00000000a1303e08,0x00000000aa680000)
 PSPermGen       total 41984K, used 25510K [0x0000000095a00000, 0x0000000098300000, 0x00000000a0000000)
  object space 41984K, 60% used [0x0000000095a00000,0x00000000972e9998,0x0000000098300000)
GC Heap History (10 events):
Event: 29.054 GC heap before
{Heap before GC invocations=13 (full 1):
 PSYoungGen      total 257536K, used 255316K [0x00000000e0000000, 0x00000000f4b00000, 0x0000000100000000)
  eden space 251392K, 100% used [0x00000000e0000000,0x00000000ef580000,0x00000000ef580000)
  from space 6144K, 63% used [0x00000000ef580000,0x00000000ef9552c8,0x00000000efb80000)
  to   space 6656K, 0% used [0x00000000f4480000,0x00000000f4480000,0x00000000f4b00000)
 ParOldGen       total 170496K, used 15151K [0x00000000a0000000, 0x00000000aa680000, 0x00000000e0000000)
  object space 170496K, 8% used [0x00000000a0000000,0x00000000a0ecbe60,0x00000000aa680000)
 PSPermGen       total 41984K, used 25405K [0x0000000095a00000, 0x0000000098300000, 0x00000000a0000000)
  object space 41984K, 60% used [0x0000000095a00000,0x00000000972cf5f8,0x0000000098300000)
Event: 29.058 GC heap after
Heap after GC invocations=13 (full 1):
 PSYoungGen      total 332288K, used 320K [0x00000000e0000000, 0x00000000f9600000, 0x0000000100000000)
  eden space 325632K, 0% used [0x00000000e0000000,0x00000000e0000000,0x00000000f3e00000)
  from space 6656K, 4% used [0x00000000f4480000,0x00000000f44d0000,0x00000000f4b00000)
  to   space 6656K, 0% used [0x00000000f3e00000,0x00000000f3e00000,0x00000000f4480000)
 ParOldGen       total 170496K, used 18886K [0x00000000a0000000, 0x00000000aa680000, 0x00000000e0000000)
  object space 170496K, 11% used [0x00000000a0000000,0x00000000a1271938,0x00000000aa680000)
 PSPermGen       total 41984K, used 25405K [0x0000000095a00000, 0x0000000098300000, 0x00000000a0000000)
  object space 41984K, 60% used [0x0000000095a00000,0x00000000972cf5f8,0x0000000098300000)
}
Event: 31.329 GC heap before
{Heap before GC invocations=14 (full 1):
 PSYoungGen      total 332288K, used 325952K [0x00000000e0000000, 0x00000000f9600000, 0x0000000100000000)
  eden space 325632K, 100% used [0x00000000e0000000,0x00000000f3e00000,0x00000000f3e00000)
  from space 6656K, 4% used [0x00000000f4480000,0x00000000f44d0000,0x00000000f4b00000)
  to   space 6656K, 0% used [0x00000000f3e00000,0x00000000f3e00000,0x00000000f4480000)
 ParOldGen       total 170496K, used 18886K [0x00000000a0000000, 0x00000000aa680000, 0x00000000e0000000)
  object space 170496K, 11% used [0x00000000a0000000,0x00000000a1271938,0x00000000aa680000)
 PSPermGen       total 41984K, used 25459K [0x0000000095a00000, 0x0000000098300000, 0x00000000a0000000)
  object space 41984K, 60% used [0x0000000095a00000,0x00000000972dcd48,0x0000000098300000)
Event: 31.331 GC heap after
Heap after GC invocations=14 (full 1):
 PSYoungGen      total 312832K, used 384K [0x00000000e0000000, 0x00000000f4500000, 0x0000000100000000)
  eden space 312320K, 0% used [0x00000000e0000000,0x00000000e0000000,0x00000000f3100000)
  from space 512K, 75% used [0x00000000f3e00000,0x00000000f3e60000,0x00000000f3e80000)
  to   space 6656K, 0% used [0x00000000f3e80000,0x00000000f3e80000,0x00000000f4500000)
 ParOldGen       total 170496K, used 19052K [0x00000000a0000000, 0x00000000aa680000, 0x00000000e0000000)
  object space 170496K, 11% used [0x00000000a0000000,0x00000000a129b3f8,0x00000000aa680000)
 PSPermGen       total 41984K, used 25459K [0x0000000095a00000, 0x0000000098300000, 0x00000000a0000000)
  object space 41984K, 60% used [0x0000000095a00000,0x00000000972dcd48,0x0000000098300000)
}
Event: 33.586 GC heap before
{Heap before GC invocations=15 (full 1):
 PSYoungGen      total 312832K, used 312704K [0x00000000e0000000, 0x00000000f4500000, 0x0000000100000000)
  eden space 312320K, 100% used [0x00000000e0000000,0x00000000f3100000,0x00000000f3100000)
  from space 512K, 75% used [0x00000000f3e00000,0x00000000f3e60000,0x00000000f3e80000)
  to   space 6656K, 0% used [0x00000000f3e80000,0x00000000f3e80000,0x00000000f4500000)
 ParOldGen       total 170496K, used 19052K [0x00000000a0000000, 0x00000000aa680000, 0x00000000e0000000)
  object space 170496K, 11% used [0x00000000a0000000,0x00000000a129b3f8,0x00000000aa680000)
 PSPermGen       total 41984K, used 25483K [0x0000000095a00000, 0x0000000098300000, 0x00000000a0000000)
  object space 41984K, 60% used [0x0000000095a00000,0x00000000972e2e60,0x0000000098300000)
Event: 33.589 GC heap after
Heap after GC invocations=15 (full 1):
 PSYoungGen      total 300032K, used 320K [0x00000000e0000000, 0x00000000f3f00000, 0x0000000100000000)
  eden space 299520K, 0% used [0x00000000e0000000,0x00000000e0000000,0x00000000f2480000)
  from space 512K, 62% used [0x00000000f3e80000,0x00000000f3ed0000,0x00000000f3f00000)
  to   space 6144K, 0% used [0x00000000f3300000,0x00000000f3300000,0x00000000f3900000)
 ParOldGen       total 170496K, used 19232K [0x00000000a0000000, 0x00000000aa680000, 0x00000000e0000000)
  object space 170496K, 11% used [0x00000000a0000000,0x00000000a12c8328,0x00000000aa680000)
 PSPermGen       total 41984K, used 25483K [0x0000000095a00000, 0x0000000098300000, 0x00000000a0000000)
  object space 41984K, 60% used [0x0000000095a00000,0x00000000972e2e60,0x0000000098300000)
}
Event: 35.326 GC heap before
{Heap before GC invocations=16 (full 1):
 PSYoungGen      total 300032K, used 299840K [0x00000000e0000000, 0x00000000f3f00000, 0x0000000100000000)
  eden space 299520K, 100% used [0x00000000e0000000,0x00000000f2480000,0x00000000f2480000)
  from space 512K, 62% used [0x00000000f3e80000,0x00000000f3ed0000,0x00000000f3f00000)
  to   space 6144K, 0% used [0x00000000f3300000,0x00000000f3300000,0x00000000f3900000)
 ParOldGen       total 170496K, used 19232K [0x00000000a0000000, 0x00000000aa680000, 0x00000000e0000000)
  object space 170496K, 11% used [0x00000000a0000000,0x00000000a12c8328,0x00000000aa680000)
 PSPermGen       total 41984K, used 25498K [0x0000000095a00000, 0x0000000098300000, 0x00000000a0000000)
  object space 41984K, 60% used [0x0000000095a00000,0x00000000972e6910,0x0000000098300000)
Event: 35.328 GC heap after
Heap after GC invocations=16 (full 1):
 PSYoungGen      total 293376K, used 256K [0x00000000e0000000, 0x00000000f3f00000, 0x0000000100000000)
  eden space 287232K, 0% used [0x00000000e0000000,0x00000000e0000000,0x00000000f1880000)
  from space 6144K, 4% used [0x00000000f3300000,0x00000000f3340000,0x00000000f3900000)
  to   space 6144K, 0% used [0x00000000f3900000,0x00000000f3900000,0x00000000f3f00000)
 ParOldGen       total 170496K, used 19368K [0x00000000a0000000, 0x00000000aa680000, 0x00000000e0000000)
  object space 170496K, 11% used [0x00000000a0000000,0x00000000a12ea248,0x00000000aa680000)
 PSPermGen       total 41984K, used 25498K [0x0000000095a00000, 0x0000000098300000, 0x00000000a0000000)
  object space 41984K, 60% used [0x0000000095a00000,0x00000000972e6910,0x0000000098300000)
}
Event: 37.155 GC heap before
{Heap before GC invocations=17 (full 1):
 PSYoungGen      total 293376K, used 287488K [0x00000000e0000000, 0x00000000f3f00000, 0x0000000100000000)
  eden space 287232K, 100% used [0x00000000e0000000,0x00000000f1880000,0x00000000f1880000)
  from space 6144K, 4% used [0x00000000f3300000,0x00000000f3340000,0x00000000f3900000)
  to   space 6144K, 0% used [0x00000000f3900000,0x00000000f3900000,0x00000000f3f00000)
 ParOldGen       total 170496K, used 19368K [0x00000000a0000000, 0x00000000aa680000, 0x00000000e0000000)
  object space 170496K, 11% used [0x00000000a0000000,0x00000000a12ea268,0x00000000aa680000)
 PSPermGen       total 41984K, used 25506K [0x0000000095a00000, 0x0000000098300000, 0x00000000a0000000)
  object space 41984K, 60% used [0x0000000095a00000,0x00000000972e8b60,0x0000000098300000)
Event: 37.157 GC heap after
Heap after GC invocations=17 (full 1):
 PSYoungGen      total 276480K, used 384K [0x00000000e0000000, 0x00000000f3980000, 0x0000000100000000)
  eden space 275968K, 0% used [0x00000000e0000000,0x00000000e0000000,0x00000000f0d80000)
  from space 512K, 75% used [0x00000000f3900000,0x00000000f3960000,0x00000000f3980000)
  to   space 6144K, 0% used [0x00000000f2d80000,0x00000000f2d80000,0x00000000f3380000)
 ParOldGen       total 170496K, used 19471K [0x00000000a0000000, 0x00000000aa680000, 0x00000000e0000000)
  object space 170496K, 11% used [0x00000000a0000000,0x00000000a1303e08,0x00000000aa680000)
 PSPermGen       total 41984K, used 25506K [0x0000000095a00000, 0x0000000098300000, 0x00000000a0000000)
  object space 41984K, 60% used [0x0000000095a00000,0x00000000972e8b60,0x0000000098300000)
}

