# JRE version: OpenJDK Runtime Environment (7.0_181-b01) (build 1.7.0_181-b01)
# Java VM: OpenJDK 64-Bit Server VM (24.181-b01 mixed mode linux-amd64 compressed oops)
Heap
 PSYoungGen      total 124928K, used 22239K [0x00000000e0000000, 0x00000000ea880000, 0x0000000100000000)
  eden space 118272K, 15% used [0x00000000e0000000,0x00000000e12643c0,0x00000000e7380000)
  from space 6656K, 51% used [0x00000000e7380000,0x00000000e76d3a00,0x00000000e7a00000)
  to   space 6656K, 0% used [0x00000000ea200000,0x00000000ea200000,0x00000000ea880000)
 ParOldGen       total 170496K, used 15972K [0x00000000a0000000, 0x00000000aa680000, 0x00000000e0000000)
  object space 170496K, 9% used [0x00000000a0000000,0x00000000a0f99378,0x00000000aa680000)
 PSPermGen       total 42496K, used 24854K [0x0000000095a00000, 0x0000000098380000, 0x00000000a0000000)
  object space 42496K, 58% used [0x0000000095a00000,0x0000000097245ab8,0x0000000098380000)
GC Heap History (10 events):
Event: 54.509 GC heap before
{Heap before GC invocations=8 (full 1):
 PSYoungGen      total 66048K, used 65085K [0x00000000e0000000, 0x00000000e4c00000, 0x0000000100000000)
  eden space 63488K, 100% used [0x00000000e0000000,0x00000000e3e00000,0x00000000e3e00000)
  from space 2560K, 62% used [0x00000000e4980000,0x00000000e4b0f540,0x00000000e4c00000)
  to   space 7168K, 0% used [0x00000000e3e00000,0x00000000e3e00000,0x00000000e4500000)
 ParOldGen       total 170496K, used 14324K [0x00000000a0000000, 0x00000000aa680000, 0x00000000e0000000)
  object space 170496K, 8% used [0x00000000a0000000,0x00000000a0dfd3c8,0x00000000aa680000)
 PSPermGen       total 42496K, used 23298K [0x0000000095a00000, 0x0000000098380000, 0x00000000a0000000)
  object space 42496K, 54% used [0x0000000095a00000,0x00000000970c0a08,0x0000000098380000)
Event: 54.510 GC heap after
Heap after GC invocations=8 (full 1):
 PSYoungGen      total 64000K, used 1661K [0x00000000e0000000, 0x00000000e4a80000, 0x0000000100000000)
  eden space 61952K, 0% used [0x00000000e0000000,0x00000000e0000000,0x00000000e3c80000)
  from space 2048K, 81% used [0x00000000e3e00000,0x00000000e3f9f560,0x00000000e4000000)
  to   space 7168K, 0% used [0x00000000e4380000,0x00000000e4380000,0x00000000e4a80000)
 ParOldGen       total 170496K, used 14324K [0x00000000a0000000, 0x00000000aa680000, 0x00000000e0000000)
  object space 170496K, 8% used [0x00000000a0000000,0x00000000a0dfd3c8,0x00000000aa680000)
 PSPermGen       total 42496K, used 23298K [0x0000000095a00000, 0x0000000098380000, 0x00000000a0000000)
  object space 42496K, 54% used [0x0000000095a00000,0x00000000970c0a08,0x0000000098380000)
}
Event: 54.626 GC heap before
{Heap before GC invocations=9 (full 1):
 PSYoungGen      total 64000K, used 63613K [0x00000000e0000000, 0x00000000e4a80000, 0x0000000100000000)
  eden space 61952K, 100% used [0x00000000e0000000,0x00000000e3c80000,0x00000000e3c80000)
  from space 2048K, 81% used [0x00000000e3e00000,0x00000000e3f9f560,0x00000000e4000000)
  to   space 7168K, 0% used [0x00000000e4380000,0x00000000e4380000,0x00000000e4a80000)
 ParOldGen       total 170496K, used 14324K [0x00000000a0000000, 0x00000000aa680000, 0x00000000e0000000)
  object space 170496K, 8% used [0x00000000a0000000,0x00000000a0dfd3c8,0x00000000aa680000)
 PSPermGen       total 42496K, used 23315K [0x0000000095a00000, 0x0000000098380000, 0x00000000a0000000)
  object space 42496K, 54% used [0x0000000095a00000,0x00000000970c4da0,0x0000000098380000)
Event: 54.628 GC heap after
Heap after GC invocations=9 (full 1):
 PSYoungGen      total 69120K, used 920K [0x00000000e0000000, 0x00000000e8700000, 0x0000000100000000)
  eden space 61952K, 0% used [0x00000000e0000000,0x00000000e0000000,0x00000000e3c80000)
  from space 7168K, 12% used [0x00000000e4380000,0x00000000e4466260,0x00000000e4a80000)
  to   space 7168K, 0% used [0x00000000e3c80000,0x00000000e3c80000,0x00000000e4380000)
 ParOldGen       total 170496K, used 15115K [0x00000000a0000000, 0x00000000aa680000, 0x00000000e0000000)
  object space 170496K, 8% used [0x00000000a0000000,0x00000000a0ec2ec0,0x00000000aa680000)
 PSPermGen       total 42496K, used 23315K [0x0000000095a00000, 0x0000000098380000, 0x00000000a0000000)
  object space 42496K, 54% used [0x0000000095a00000,0x00000000970c4da0,0x0000000098380000)
}
Event: 54.667 GC heap before
{Heap before GC invocations=10 (full 1):
 PSYoungGen      total 69120K, used 62872K [0x00000000e0000000, 0x00000000e8700000, 0x0000000100000000)
  eden space 61952K, 100% used [0x00000000e0000000,0x00000000e3c80000,0x00000000e3c80000)
  from space 7168K, 12% used [0x00000000e4380000,0x00000000e4466260,0x00000000e4a80000)
  to   space 7168K, 0% used [0x00000000e3c80000,0x00000000e3c80000,0x00000000e4380000)
 ParOldGen       total 170496K, used 15115K [0x00000000a0000000, 0x00000000aa680000, 0x00000000e0000000)
  object space 170496K, 8% used [0x00000000a0000000,0x00000000a0ec2ec0,0x00000000aa680000)
 PSPermGen       total 42496K, used 23317K [0x0000000095a00000, 0x0000000098380000, 0x00000000a0000000)
  object space 42496K, 54% used [0x0000000095a00000,0x00000000970c54a0,0x0000000098380000)
Event: 54.669 GC heap after
Heap after GC invocations=10 (full 1):
 PSYoungGen      total 69120K, used 280K [0x00000000e0000000, 0x00000000e8700000, 0x0000000100000000)
  eden space 61952K, 0% used [0x00000000e0000000,0x00000000e0000000,0x00000000e3c80000)
  from space 7168K, 3% used [0x00000000e3c80000,0x00000000e3cc6260,0x00000000e4380000)
  to   space 7168K, 0% used [0x00000000e8000000,0x00000000e8000000,0x00000000e8700000)
 ParOldGen       total 170496K, used 15820K [0x00000000a0000000, 0x00000000aa680000, 0x00000000e0000000)
  object space 170496K, 9% used [0x00000000a0000000,0x00000000a0f73118,0x00000000aa680000)
 PSPermGen       total 42496K, used 23317K [0x0000000095a00000, 0x0000000098380000, 0x00000000a0000000)
  object space 42496K, 54% used [0x0000000095a00000,0x00000000970c54a0,0x0000000098380000)
}
Event: 54.714 GC heap before
{Heap before GC invocations=11 (full 1):
 PSYoungGen      total 69120K, used 62232K [0x00000000e0000000, 0x00000000e8700000, 0x0000000100000000)
  eden space 61952K, 100% used [0x00000000e0000000,0x00000000e3c80000,0x00000000e3c80000)
  from space 7168K, 3% used [0x00000000e3c80000,0x00000000e3cc6260,0x00000000e4380000)
  to   space 7168K, 0% used [0x00000000e8000000,0x00000000e8000000,0x00000000e8700000)
 ParOldGen       total 170496K, used 15820K [0x00000000a0000000, 0x00000000aa680000, 0x00000000e0000000)
  object space 170496K, 9% used [0x00000000a0000000,0x00000000a0f73118,0x00000000aa680000)
 PSPermGen       total 42496K, used 23321K [0x0000000095a00000, 0x0000000098380000, 0x00000000a0000000)
  object space 42496K, 54% used [0x0000000095a00000,0x00000000970c6540,0x0000000098380000)
Event: 54.716 GC heap after
Heap after GC invocations=11 (full 1):
 PSYoungGen      total 99840K, used 280K [0x00000000e0000000, 0x00000000e8080000, 0x0000000100000000)
  eden space 99328K, 0% used [0x00000000e0000000,0x00000000e0000000,0x00000000e6100000)
  from space 512K, 54% used [0x00000000e8000000,0x00000000e8046260,0x00000000e8080000)
  to   space 6656K, 0% used [0x00000000e7380000,0x00000000e7380000,0x00000000e7a00000)
 ParOldGen       total 170496K, used 15868K [0x00000000a0000000, 0x00000000aa680000, 0x00000000e0000000)
  object space 170496K, 9% used [0x00000000a0000000,0x00000000a0f7f118,0x00000000aa680000)
 PSPermGen       total 42496K, used 23321K [0x0000000095a00000, 0x0000000098380000, 0x00000000a0000000)
  object space 42496K, 54% used [0x0000000095a00000,0x00000000970c6540,0x0000000098380000)
}
Event: 55.519 GC heap before
{Heap before GC invocations=12 (full 1):
 PSYoungGen      total 99840K, used 99608K [0x00000000e0000000, 0x00000000e8080000, 0x0000000100000000)
  eden space 99328K, 100% used [0x00000000e0000000,0x00000000e6100000,0x00000000e6100000)
  from space 512K, 54% used [0x00000000e8000000,0x00000000e8046260,0x00000000e8080000)
  to   space 6656K, 0% used [0x00000000e7380000,0x00000000e7380000,0x00000000e7a00000)
 ParOldGen       total 170496K, used 15868K [0x00000000a0000000, 0x00000000aa680000, 0x00000000e0000000)
  object space 170496K, 9% used [0x00000000a0000000,0x00000000a0f7f118,0x00000000aa680000)
 PSPermGen       total 42496K, used 24757K [0x0000000095a00000, 0x0000000098380000, 0x00000000a0000000)
  object space 42496K, 58% used [0x0000000095a00000,0x000000009722d5f8,0x0000000098380000)
Event: 55.523 GC heap after
Heap after GC invocations=12 (full 1):
 PSYoungGen      total 124928K, used 3406K [0x00000000e0000000, 0x00000000ea880000, 0x0000000100000000)
  eden space 118272K, 0% used [0x00000000e0000000,0x00000000e0000000,0x00000000e7380000)
  from space 6656K, 51% used [0x00000000e7380000,0x00000000e76d3a00,0x00000000e7a00000)
  to   space 6656K, 0% used [0x00000000ea200000,0x00000000ea200000,0x00000000ea880000)
 ParOldGen       total 170496K, used 15972K [0x00000000a0000000, 0x00000000aa680000, 0x00000000e0000000)
  object space 170496K, 9% used [0x00000000a0000000,0x00000000a0f99378,0x00000000aa680000)
 PSPermGen       total 42496K, used 24757K [0x0000000095a00000, 0x0000000098380000, 0x00000000a0000000)
  object space 42496K, 58% used [0x0000000095a00000,0x000000009722d5f8,0x0000000098380000)
}

