# JRE version: OpenJDK Runtime Environment (7.0_181-b01) (build 1.7.0_181-b01)
# Java VM: OpenJDK 64-Bit Server VM (24.181-b01 mixed mode linux-amd64 compressed oops)
Heap
 PSYoungGen      total 113152K, used 13798K [0x00000000e0000000, 0x00000000eec00000, 0x0000000100000000)
  eden space 112640K, 12% used [0x00000000e0000000,0x00000000e0d418a8,0x00000000e6e00000)
  from space 512K, 43% used [0x00000000eeb80000,0x00000000eebb8000,0x00000000eec00000)
  to   space 4096K, 0% used [0x00000000ee400000,0x00000000ee400000,0x00000000ee800000)
 ParOldGen       total 170496K, used 20622K [0x00000000a0000000, 0x00000000aa680000, 0x00000000e0000000)
  object space 170496K, 12% used [0x00000000a0000000,0x00000000a1423b28,0x00000000aa680000)
 PSPermGen       total 42496K, used 25454K [0x0000000095a00000, 0x0000000098380000, 0x00000000a0000000)
  object space 42496K, 59% used [0x0000000095a00000,0x00000000972dbae8,0x0000000098380000)
GC Heap History (10 events):
Event: 33.366 GC heap before
{Heap before GC invocations=21 (full 1):
 PSYoungGen      total 136704K, used 131904K [0x00000000e0000000, 0x00000000ef800000, 0x0000000100000000)
  eden space 131584K, 100% used [0x00000000e0000000,0x00000000e8080000,0x00000000e8080000)
  from space 5120K, 6% used [0x00000000eee00000,0x00000000eee50000,0x00000000ef300000)
  to   space 5120K, 0% used [0x00000000ef300000,0x00000000ef300000,0x00000000ef800000)
 ParOldGen       total 170496K, used 20185K [0x00000000a0000000, 0x00000000aa680000, 0x00000000e0000000)
  object space 170496K, 11% used [0x00000000a0000000,0x00000000a13b6738,0x00000000aa680000)
 PSPermGen       total 42496K, used 25437K [0x0000000095a00000, 0x0000000098380000, 0x00000000a0000000)
  object space 42496K, 59% used [0x0000000095a00000,0x00000000972d7508,0x0000000098380000)
Event: 33.368 GC heap after
Heap after GC invocations=21 (full 1):
 PSYoungGen      total 128000K, used 288K [0x00000000e0000000, 0x00000000ef380000, 0x0000000100000000)
  eden space 127488K, 0% used [0x00000000e0000000,0x00000000e0000000,0x00000000e7c80000)
  from space 512K, 56% used [0x00000000ef300000,0x00000000ef348000,0x00000000ef380000)
  to   space 4608K, 0% used [0x00000000eea80000,0x00000000eea80000,0x00000000eef00000)
 ParOldGen       total 170496K, used 20267K [0x00000000a0000000, 0x00000000aa680000, 0x00000000e0000000)
  object space 170496K, 11% used [0x00000000a0000000,0x00000000a13cae68,0x00000000aa680000)
 PSPermGen       total 42496K, used 25437K [0x0000000095a00000, 0x0000000098380000, 0x00000000a0000000)
  object space 42496K, 59% used [0x0000000095a00000,0x00000000972d7508,0x0000000098380000)
}
Event: 34.357 GC heap before
{Heap before GC invocations=22 (full 1):
 PSYoungGen      total 128000K, used 127776K [0x00000000e0000000, 0x00000000ef380000, 0x0000000100000000)
  eden space 127488K, 100% used [0x00000000e0000000,0x00000000e7c80000,0x00000000e7c80000)
  from space 512K, 56% used [0x00000000ef300000,0x00000000ef348000,0x00000000ef380000)
  to   space 4608K, 0% used [0x00000000eea80000,0x00000000eea80000,0x00000000eef00000)
 ParOldGen       total 170496K, used 20267K [0x00000000a0000000, 0x00000000aa680000, 0x00000000e0000000)
  object space 170496K, 11% used [0x00000000a0000000,0x00000000a13cae88,0x00000000aa680000)
 PSPermGen       total 42496K, used 25446K [0x0000000095a00000, 0x0000000098380000, 0x00000000a0000000)
  object space 42496K, 59% used [0x0000000095a00000,0x00000000972d98b8,0x0000000098380000)
Event: 34.359 GC heap after
Heap after GC invocations=22 (full 1):
 PSYoungGen      total 128000K, used 256K [0x00000000e0000000, 0x00000000ef380000, 0x0000000100000000)
  eden space 123392K, 0% used [0x00000000e0000000,0x00000000e0000000,0x00000000e7880000)
  from space 4608K, 5% used [0x00000000eea80000,0x00000000eeac0000,0x00000000eef00000)
  to   space 4608K, 0% used [0x00000000eef00000,0x00000000eef00000,0x00000000ef380000)
 ParOldGen       total 170496K, used 20359K [0x00000000a0000000, 0x00000000aa680000, 0x00000000e0000000)
  object space 170496K, 11% used [0x00000000a0000000,0x00000000a13e1fd8,0x00000000aa680000)
 PSPermGen       total 42496K, used 25446K [0x0000000095a00000, 0x0000000098380000, 0x00000000a0000000)
  object space 42496K, 59% used [0x0000000095a00000,0x00000000972d98b8,0x0000000098380000)
}
Event: 35.119 GC heap before
{Heap before GC invocations=23 (full 1):
 PSYoungGen      total 128000K, used 123648K [0x00000000e0000000, 0x00000000ef380000, 0x0000000100000000)
  eden space 123392K, 100% used [0x00000000e0000000,0x00000000e7880000,0x00000000e7880000)
  from space 4608K, 5% used [0x00000000eea80000,0x00000000eeac0000,0x00000000eef00000)
  to   space 4608K, 0% used [0x00000000eef00000,0x00000000eef00000,0x00000000ef380000)
 ParOldGen       total 170496K, used 20362K [0x00000000a0000000, 0x00000000aa680000, 0x00000000e0000000)
  object space 170496K, 11% used [0x00000000a0000000,0x00000000a13e2848,0x00000000aa680000)
 PSPermGen       total 42496K, used 25451K [0x0000000095a00000, 0x0000000098380000, 0x00000000a0000000)
  object space 42496K, 59% used [0x0000000095a00000,0x00000000972dadc0,0x0000000098380000)
Event: 35.121 GC heap after
Heap after GC invocations=23 (full 1):
 PSYoungGen      total 120320K, used 224K [0x00000000e0000000, 0x00000000eef80000, 0x0000000100000000)
  eden space 119808K, 0% used [0x00000000e0000000,0x00000000e0000000,0x00000000e7500000)
  from space 512K, 43% used [0x00000000eef00000,0x00000000eef38000,0x00000000eef80000)
  to   space 4608K, 0% used [0x00000000ee680000,0x00000000ee680000,0x00000000eeb00000)
 ParOldGen       total 170496K, used 20432K [0x00000000a0000000, 0x00000000aa680000, 0x00000000e0000000)
  object space 170496K, 11% used [0x00000000a0000000,0x00000000a13f43e8,0x00000000aa680000)
 PSPermGen       total 42496K, used 25451K [0x0000000095a00000, 0x0000000098380000, 0x00000000a0000000)
  object space 42496K, 59% used [0x0000000095a00000,0x00000000972dadc0,0x0000000098380000)
}
Event: 35.800 GC heap before
{Heap before GC invocations=24 (full 1):
 PSYoungGen      total 120320K, used 120032K [0x00000000e0000000, 0x00000000eef80000, 0x0000000100000000)
  eden space 119808K, 100% used [0x00000000e0000000,0x00000000e7500000,0x00000000e7500000)
  from space 512K, 43% used [0x00000000eef00000,0x00000000eef38000,0x00000000eef80000)
  to   space 4608K, 0% used [0x00000000ee680000,0x00000000ee680000,0x00000000eeb00000)
 ParOldGen       total 170496K, used 20432K [0x00000000a0000000, 0x00000000aa680000, 0x00000000e0000000)
  object space 170496K, 11% used [0x00000000a0000000,0x00000000a13f43e8,0x00000000aa680000)
 PSPermGen       total 42496K, used 25452K [0x0000000095a00000, 0x0000000098380000, 0x00000000a0000000)
  object space 42496K, 59% used [0x0000000095a00000,0x00000000972db160,0x0000000098380000)
Event: 35.802 GC heap after
Heap after GC invocations=24 (full 1):
 PSYoungGen      total 120832K, used 288K [0x00000000e0000000, 0x00000000eef80000, 0x0000000100000000)
  eden space 116224K, 0% used [0x00000000e0000000,0x00000000e0000000,0x00000000e7180000)
  from space 4608K, 6% used [0x00000000ee680000,0x00000000ee6c8000,0x00000000eeb00000)
  to   space 4096K, 0% used [0x00000000eeb80000,0x00000000eeb80000,0x00000000eef80000)
 ParOldGen       total 170496K, used 20543K [0x00000000a0000000, 0x00000000aa680000, 0x00000000e0000000)
  object space 170496K, 12% used [0x00000000a0000000,0x00000000a140ff88,0x00000000aa680000)
 PSPermGen       total 42496K, used 25452K [0x0000000095a00000, 0x0000000098380000, 0x00000000a0000000)
  object space 42496K, 59% used [0x0000000095a00000,0x00000000972db160,0x0000000098380000)
}
Event: 36.458 GC heap before
{Heap before GC invocations=25 (full 1):
 PSYoungGen      total 120832K, used 116512K [0x00000000e0000000, 0x00000000eef80000, 0x0000000100000000)
  eden space 116224K, 100% used [0x00000000e0000000,0x00000000e7180000,0x00000000e7180000)
  from space 4608K, 6% used [0x00000000ee680000,0x00000000ee6c8000,0x00000000eeb00000)
  to   space 4096K, 0% used [0x00000000eeb80000,0x00000000eeb80000,0x00000000eef80000)
 ParOldGen       total 170496K, used 20543K [0x00000000a0000000, 0x00000000aa680000, 0x00000000e0000000)
  object space 170496K, 12% used [0x00000000a0000000,0x00000000a140ff88,0x00000000aa680000)
 PSPermGen       total 42496K, used 25454K [0x0000000095a00000, 0x0000000098380000, 0x00000000a0000000)
  object space 42496K, 59% used [0x0000000095a00000,0x00000000972db860,0x0000000098380000)
Event: 36.460 GC heap after
Heap after GC invocations=25 (full 1):
 PSYoungGen      total 113152K, used 224K [0x00000000e0000000, 0x00000000eec00000, 0x0000000100000000)
  eden space 112640K, 0% used [0x00000000e0000000,0x00000000e0000000,0x00000000e6e00000)
  from space 512K, 43% used [0x00000000eeb80000,0x00000000eebb8000,0x00000000eec00000)
  to   space 4096K, 0% used [0x00000000ee400000,0x00000000ee400000,0x00000000ee800000)
 ParOldGen       total 170496K, used 20622K [0x00000000a0000000, 0x00000000aa680000, 0x00000000e0000000)
  object space 170496K, 12% used [0x00000000a0000000,0x00000000a1423b28,0x00000000aa680000)
 PSPermGen       total 42496K, used 25454K [0x0000000095a00000, 0x0000000098380000, 0x00000000a0000000)
  object space 42496K, 59% used [0x0000000095a00000,0x00000000972db860,0x0000000098380000)
}

