# JRE version: OpenJDK Runtime Environment (7.0_181-b01) (build 1.7.0_181-b01)
# Java VM: OpenJDK 64-Bit Server VM (24.181-b01 mixed mode linux-amd64 compressed oops)
Heap
 PSYoungGen      total 203264K, used 8735K [0x00000000e0000000, 0x00000000fab80000, 0x0000000100000000)
  eden space 202752K, 4% used [0x00000000e0000000,0x00000000e0827e20,0x00000000ec600000)
  from space 512K, 75% used [0x00000000fab00000,0x00000000fab60000,0x00000000fab80000)
  to   space 3072K, 0% used [0x00000000fa580000,0x00000000fa580000,0x00000000fa880000)
 ParOldGen       total 449024K, used 373865K [0x00000000a0000000, 0x00000000bb680000, 0x00000000e0000000)
  object space 449024K, 83% used [0x00000000a0000000,0x00000000b6d1a798,0x00000000bb680000)
 PSPermGen       total 28672K, used 26514K [0x0000000095a00000, 0x0000000097600000, 0x00000000a0000000)
  object space 28672K, 92% used [0x0000000095a00000,0x00000000973e4a50,0x0000000097600000)
GC Heap History (10 events):
Event: 172624.783 GC heap before
{Heap before GC invocations=1995 (full 21):
 PSYoungGen      total 148480K, used 148209K [0x00000000e0000000, 0x00000000fb280000, 0x0000000100000000)
  eden space 146432K, 100% used [0x00000000e0000000,0x00000000e8f00000,0x00000000e8f00000)
  from space 2048K, 86% used [0x00000000fad80000,0x00000000faf3c5e0,0x00000000faf80000)
  to   space 3072K, 0% used [0x00000000faf80000,0x00000000faf80000,0x00000000fb280000)
 ParOldGen       total 449024K, used 372114K [0x00000000a0000000, 0x00000000bb680000, 0x00000000e0000000)
  object space 449024K, 82% used [0x00000000a0000000,0x00000000b6b64858,0x00000000bb680000)
 PSPermGen       total 28672K, used 26514K [0x0000000095a00000, 0x0000000097600000, 0x00000000a0000000)
  object space 28672K, 92% used [0x0000000095a00000,0x00000000973e4a50,0x0000000097600000)
Event: 172624.786 GC heap after
Heap after GC invocations=1995 (full 21):
 PSYoungGen      total 170496K, used 1809K [0x00000000e0000000, 0x00000000fb180000, 0x0000000100000000)
  eden space 168448K, 0% used [0x00000000e0000000,0x00000000e0000000,0x00000000ea480000)
  from space 2048K, 88% used [0x00000000faf80000,0x00000000fb1445e0,0x00000000fb180000)
  to   space 3072K, 0% used [0x00000000fab80000,0x00000000fab80000,0x00000000fae80000)
 ParOldGen       total 449024K, used 372122K [0x00000000a0000000, 0x00000000bb680000, 0x00000000e0000000)
  object space 449024K, 82% used [0x00000000a0000000,0x00000000b6b66858,0x00000000bb680000)
 PSPermGen       total 28672K, used 26514K [0x0000000095a00000, 0x0000000097600000, 0x00000000a0000000)
  object space 28672K, 92% used [0x0000000095a00000,0x00000000973e4a50,0x0000000097600000)
}
Event: 172626.085 GC heap before
{Heap before GC invocations=1996 (full 21):
 PSYoungGen      total 170496K, used 170257K [0x00000000e0000000, 0x00000000fb180000, 0x0000000100000000)
  eden space 168448K, 100% used [0x00000000e0000000,0x00000000ea480000,0x00000000ea480000)
  from space 2048K, 88% used [0x00000000faf80000,0x00000000fb1445e0,0x00000000fb180000)
  to   space 3072K, 0% used [0x00000000fab80000,0x00000000fab80000,0x00000000fae80000)
 ParOldGen       total 449024K, used 372122K [0x00000000a0000000, 0x00000000bb680000, 0x00000000e0000000)
  object space 449024K, 82% used [0x00000000a0000000,0x00000000b6b66858,0x00000000bb680000)
 PSPermGen       total 28672K, used 26514K [0x0000000095a00000, 0x0000000097600000, 0x00000000a0000000)
  object space 28672K, 92% used [0x0000000095a00000,0x00000000973e4a50,0x0000000097600000)
Event: 172626.087 GC heap after
Heap after GC invocations=1996 (full 21):
 PSYoungGen      total 193536K, used 1873K [0x00000000e0000000, 0x00000000fb000000, 0x0000000100000000)
  eden space 191488K, 0% used [0x00000000e0000000,0x00000000e0000000,0x00000000ebb00000)
  from space 2048K, 91% used [0x00000000fab80000,0x00000000fad545e0,0x00000000fad80000)
  to   space 2560K, 0% used [0x00000000fad80000,0x00000000fad80000,0x00000000fb000000)
 ParOldGen       total 449024K, used 372154K [0x00000000a0000000, 0x00000000bb680000, 0x00000000e0000000)
  object space 449024K, 82% used [0x00000000a0000000,0x00000000b6b6e858,0x00000000bb680000)
 PSPermGen       total 28672K, used 26514K [0x0000000095a00000, 0x0000000097600000, 0x00000000a0000000)
  object space 28672K, 92% used [0x0000000095a00000,0x00000000973e4a50,0x0000000097600000)
}
Event: 172628.085 GC heap before
{Heap before GC invocations=1997 (full 21):
 PSYoungGen      total 193536K, used 193361K [0x00000000e0000000, 0x00000000fb000000, 0x0000000100000000)
  eden space 191488K, 100% used [0x00000000e0000000,0x00000000ebb00000,0x00000000ebb00000)
  from space 2048K, 91% used [0x00000000fab80000,0x00000000fad545e0,0x00000000fad80000)
  to   space 2560K, 0% used [0x00000000fad80000,0x00000000fad80000,0x00000000fb000000)
 ParOldGen       total 449024K, used 372154K [0x00000000a0000000, 0x00000000bb680000, 0x00000000e0000000)
  object space 449024K, 82% used [0x00000000a0000000,0x00000000b6b6e878,0x00000000bb680000)
 PSPermGen       total 28672K, used 26514K [0x0000000095a00000, 0x0000000097600000, 0x00000000a0000000)
  object space 28672K, 92% used [0x0000000095a00000,0x00000000973e4a50,0x0000000097600000)
Event: 172628.087 GC heap after
Heap after GC invocations=1997 (full 21):
 PSYoungGen      total 216576K, used 576K [0x00000000e0000000, 0x00000000fae80000, 0x0000000100000000)
  eden space 215552K, 0% used [0x00000000e0000000,0x00000000e0000000,0x00000000ed280000)
  from space 1024K, 56% used [0x00000000fad80000,0x00000000fae10000,0x00000000fae80000)
  to   space 3072K, 0% used [0x00000000fa880000,0x00000000fa880000,0x00000000fab80000)
 ParOldGen       total 449024K, used 373495K [0x00000000a0000000, 0x00000000bb680000, 0x00000000e0000000)
  object space 449024K, 83% used [0x00000000a0000000,0x00000000b6cbdfd8,0x00000000bb680000)
 PSPermGen       total 28672K, used 26514K [0x0000000095a00000, 0x0000000097600000, 0x00000000a0000000)
  object space 28672K, 92% used [0x0000000095a00000,0x00000000973e4a50,0x0000000097600000)
}
Event: 172629.789 GC heap before
{Heap before GC invocations=1998 (full 21):
 PSYoungGen      total 216576K, used 216128K [0x00000000e0000000, 0x00000000fae80000, 0x0000000100000000)
  eden space 215552K, 100% used [0x00000000e0000000,0x00000000ed280000,0x00000000ed280000)
  from space 1024K, 56% used [0x00000000fad80000,0x00000000fae10000,0x00000000fae80000)
  to   space 3072K, 0% used [0x00000000fa880000,0x00000000fa880000,0x00000000fab80000)
 ParOldGen       total 449024K, used 373498K [0x00000000a0000000, 0x00000000bb680000, 0x00000000e0000000)
  object space 449024K, 83% used [0x00000000a0000000,0x00000000b6cbeaa8,0x00000000bb680000)
 PSPermGen       total 28672K, used 26514K [0x0000000095a00000, 0x0000000097600000, 0x00000000a0000000)
  object space 28672K, 92% used [0x0000000095a00000,0x00000000973e4a50,0x0000000097600000)
Event: 172629.791 GC heap after
Heap after GC invocations=1998 (full 21):
 PSYoungGen      total 209408K, used 416K [0x00000000e0000000, 0x00000000fae00000, 0x0000000100000000)
  eden space 208896K, 0% used [0x00000000e0000000,0x00000000e0000000,0x00000000ecc00000)
  from space 512K, 81% used [0x00000000fa880000,0x00000000fa8e8000,0x00000000fa900000)
  to   space 3072K, 0% used [0x00000000fab00000,0x00000000fab00000,0x00000000fae00000)
 ParOldGen       total 449024K, used 373712K [0x00000000a0000000, 0x00000000bb680000, 0x00000000e0000000)
  object space 449024K, 83% used [0x00000000a0000000,0x00000000b6cf43d8,0x00000000bb680000)
 PSPermGen       total 28672K, used 26514K [0x0000000095a00000, 0x0000000097600000, 0x00000000a0000000)
  object space 28672K, 92% used [0x0000000095a00000,0x00000000973e4a50,0x0000000097600000)
}
Event: 172631.657 GC heap before
{Heap before GC invocations=1999 (full 21):
 PSYoungGen      total 209408K, used 209312K [0x00000000e0000000, 0x00000000fae00000, 0x0000000100000000)
  eden space 208896K, 100% used [0x00000000e0000000,0x00000000ecc00000,0x00000000ecc00000)
  from space 512K, 81% used [0x00000000fa880000,0x00000000fa8e8000,0x00000000fa900000)
  to   space 3072K, 0% used [0x00000000fab00000,0x00000000fab00000,0x00000000fae00000)
 ParOldGen       total 449024K, used 373712K [0x00000000a0000000, 0x00000000bb680000, 0x00000000e0000000)
  object space 449024K, 83% used [0x00000000a0000000,0x00000000b6cf43d8,0x00000000bb680000)
 PSPermGen       total 28672K, used 26514K [0x0000000095a00000, 0x0000000097600000, 0x00000000a0000000)
  object space 28672K, 92% used [0x0000000095a00000,0x00000000973e4a50,0x0000000097600000)
Event: 172631.659 GC heap after
Heap after GC invocations=1999 (full 21):
 PSYoungGen      total 203264K, used 384K [0x00000000e0000000, 0x00000000fab80000, 0x0000000100000000)
  eden space 202752K, 0% used [0x00000000e0000000,0x00000000e0000000,0x00000000ec600000)
  from space 512K, 75% used [0x00000000fab00000,0x00000000fab60000,0x00000000fab80000)
  to   space 3072K, 0% used [0x00000000fa580000,0x00000000fa580000,0x00000000fa880000)
 ParOldGen       total 449024K, used 373865K [0x00000000a0000000, 0x00000000bb680000, 0x00000000e0000000)
  object space 449024K, 83% used [0x00000000a0000000,0x00000000b6d1a798,0x00000000bb680000)
 PSPermGen       total 28672K, used 26514K [0x0000000095a00000, 0x0000000097600000, 0x00000000a0000000)
  object space 28672K, 92% used [0x0000000095a00000,0x00000000973e4a50,0x0000000097600000)
}

