# JRE version: OpenJDK Runtime Environment (7.0_181-b01) (build 1.7.0_181-b01)
# Java VM: OpenJDK 64-Bit Server VM (24.181-b01 mixed mode linux-amd64 compressed oops)
Heap
 PSYoungGen      total 102400K, used 102112K [0x00000000e0000000, 0x00000000ee000000, 0x0000000100000000)
  eden space 101888K, 100% used [0x00000000e0000000,0x00000000e6380000,0x00000000e6380000)
  from space 512K, 43% used [0x00000000edf80000,0x00000000edfb8000,0x00000000ee000000)
  to   space 4096K, 0% used [0x00000000ed800000,0x00000000ed800000,0x00000000edc00000)
 ParOldGen       total 170496K, used 24126K [0x00000000a0000000, 0x00000000aa680000, 0x00000000e0000000)
  object space 170496K, 14% used [0x00000000a0000000,0x00000000a178f8c8,0x00000000aa680000)
 PSPermGen       total 50688K, used 25589K [0x0000000095a00000, 0x0000000098b80000, 0x00000000a0000000)
  object space 50688K, 50% used [0x0000000095a00000,0x00000000972fd450,0x0000000098b80000)
GC Heap History (10 events):
Event: 47.759 GC heap before
{Heap before GC invocations=26 (full 2):
 PSYoungGen      total 121344K, used 121033K [0x00000000e0000000, 0x00000000eec00000, 0x0000000100000000)
  eden space 118272K, 100% used [0x00000000e0000000,0x00000000e7380000,0x00000000e7380000)
  from space 3072K, 89% used [0x00000000ee300000,0x00000000ee5b2600,0x00000000ee600000)
  to   space 5120K, 0% used [0x00000000ee700000,0x00000000ee700000,0x00000000eec00000)
 ParOldGen       total 170496K, used 20972K [0x00000000a0000000, 0x00000000aa680000, 0x00000000e0000000)
  object space 170496K, 12% used [0x00000000a0000000,0x00000000a147b008,0x00000000aa680000)
 PSPermGen       total 50688K, used 25572K [0x0000000095a00000, 0x0000000098b80000, 0x00000000a0000000)
  object space 50688K, 50% used [0x0000000095a00000,0x00000000972f9268,0x0000000098b80000)
Event: 47.761 GC heap after
Heap after GC invocations=26 (full 2):
 PSYoungGen      total 115712K, used 576K [0x00000000e0000000, 0x00000000ee800000, 0x0000000100000000)
  eden space 114688K, 0% used [0x00000000e0000000,0x00000000e0000000,0x00000000e7000000)
  from space 1024K, 56% used [0x00000000ee700000,0x00000000ee790000,0x00000000ee800000)
  to   space 4608K, 0% used [0x00000000edf00000,0x00000000edf00000,0x00000000ee380000)
 ParOldGen       total 170496K, used 23589K [0x00000000a0000000, 0x00000000aa680000, 0x00000000e0000000)
  object space 170496K, 13% used [0x00000000a0000000,0x00000000a1709528,0x00000000aa680000)
 PSPermGen       total 50688K, used 25572K [0x0000000095a00000, 0x0000000098b80000, 0x00000000a0000000)
  object space 50688K, 50% used [0x0000000095a00000,0x00000000972f9268,0x0000000098b80000)
}
Event: 48.443 GC heap before
{Heap before GC invocations=27 (full 2):
 PSYoungGen      total 115712K, used 115264K [0x00000000e0000000, 0x00000000ee800000, 0x0000000100000000)
  eden space 114688K, 100% used [0x00000000e0000000,0x00000000e7000000,0x00000000e7000000)
  from space 1024K, 56% used [0x00000000ee700000,0x00000000ee790000,0x00000000ee800000)
  to   space 4608K, 0% used [0x00000000edf00000,0x00000000edf00000,0x00000000ee380000)
 ParOldGen       total 170496K, used 23589K [0x00000000a0000000, 0x00000000aa680000, 0x00000000e0000000)
  object space 170496K, 13% used [0x00000000a0000000,0x00000000a1709528,0x00000000aa680000)
 PSPermGen       total 50688K, used 25576K [0x0000000095a00000, 0x0000000098b80000, 0x00000000a0000000)
  object space 50688K, 50% used [0x0000000095a00000,0x00000000972fa2e8,0x0000000098b80000)
Event: 48.445 GC heap after
Heap after GC invocations=27 (full 2):
 PSYoungGen      total 111616K, used 224K [0x00000000e0000000, 0x00000000ee780000, 0x0000000100000000)
  eden space 111104K, 0% used [0x00000000e0000000,0x00000000e0000000,0x00000000e6c80000)
  from space 512K, 43% used [0x00000000edf00000,0x00000000edf38000,0x00000000edf80000)
  to   space 4608K, 0% used [0x00000000ee300000,0x00000000ee300000,0x00000000ee780000)
 ParOldGen       total 170496K, used 24006K [0x00000000a0000000, 0x00000000aa680000, 0x00000000e0000000)
  object space 170496K, 14% used [0x00000000a0000000,0x00000000a17718c8,0x00000000aa680000)
 PSPermGen       total 50688K, used 25576K [0x0000000095a00000, 0x0000000098b80000, 0x00000000a0000000)
  object space 50688K, 50% used [0x0000000095a00000,0x00000000972fa2e8,0x0000000098b80000)
}
Event: 49.312 GC heap before
{Heap before GC invocations=28 (full 2):
 PSYoungGen      total 111616K, used 111328K [0x00000000e0000000, 0x00000000ee780000, 0x0000000100000000)
  eden space 111104K, 100% used [0x00000000e0000000,0x00000000e6c80000,0x00000000e6c80000)
  from space 512K, 43% used [0x00000000edf00000,0x00000000edf38000,0x00000000edf80000)
  to   space 4608K, 0% used [0x00000000ee300000,0x00000000ee300000,0x00000000ee780000)
 ParOldGen       total 170496K, used 24006K [0x00000000a0000000, 0x00000000aa680000, 0x00000000e0000000)
  object space 170496K, 14% used [0x00000000a0000000,0x00000000a17718c8,0x00000000aa680000)
 PSPermGen       total 50688K, used 25582K [0x0000000095a00000, 0x0000000098b80000, 0x00000000a0000000)
  object space 50688K, 50% used [0x0000000095a00000,0x00000000972fb998,0x0000000098b80000)
Event: 49.314 GC heap after
Heap after GC invocations=28 (full 2):
 PSYoungGen      total 108544K, used 192K [0x00000000e0000000, 0x00000000ee380000, 0x0000000100000000)
  eden space 108032K, 0% used [0x00000000e0000000,0x00000000e0000000,0x00000000e6980000)
  from space 512K, 37% used [0x00000000ee300000,0x00000000ee330000,0x00000000ee380000)
  to   space 4608K, 0% used [0x00000000eda80000,0x00000000eda80000,0x00000000edf00000)
 ParOldGen       total 170496K, used 24046K [0x00000000a0000000, 0x00000000aa680000, 0x00000000e0000000)
  object space 170496K, 14% used [0x00000000a0000000,0x00000000a177b8c8,0x00000000aa680000)
 PSPermGen       total 50688K, used 25582K [0x0000000095a00000, 0x0000000098b80000, 0x00000000a0000000)
  object space 50688K, 50% used [0x0000000095a00000,0x00000000972fb998,0x0000000098b80000)
}
Event: 49.953 GC heap before
{Heap before GC invocations=29 (full 2):
 PSYoungGen      total 108544K, used 108224K [0x00000000e0000000, 0x00000000ee380000, 0x0000000100000000)
  eden space 108032K, 100% used [0x00000000e0000000,0x00000000e6980000,0x00000000e6980000)
  from space 512K, 37% used [0x00000000ee300000,0x00000000ee330000,0x00000000ee380000)
  to   space 4608K, 0% used [0x00000000eda80000,0x00000000eda80000,0x00000000edf00000)
 ParOldGen       total 170496K, used 24046K [0x00000000a0000000, 0x00000000aa680000, 0x00000000e0000000)
  object space 170496K, 14% used [0x00000000a0000000,0x00000000a177b8c8,0x00000000aa680000)
 PSPermGen       total 50688K, used 25584K [0x0000000095a00000, 0x0000000098b80000, 0x00000000a0000000)
  object space 50688K, 50% used [0x0000000095a00000,0x00000000972fc130,0x0000000098b80000)
Event: 49.955 GC heap after
Heap after GC invocations=29 (full 2):
 PSYoungGen      total 109568K, used 256K [0x00000000e0000000, 0x00000000ee380000, 0x0000000100000000)
  eden space 104960K, 0% used [0x00000000e0000000,0x00000000e0000000,0x00000000e6680000)
  from space 4608K, 5% used [0x00000000eda80000,0x00000000edac0000,0x00000000edf00000)
  to   space 4096K, 0% used [0x00000000edf80000,0x00000000edf80000,0x00000000ee380000)
 ParOldGen       total 170496K, used 24094K [0x00000000a0000000, 0x00000000aa680000, 0x00000000e0000000)
  object space 170496K, 14% used [0x00000000a0000000,0x00000000a17878c8,0x00000000aa680000)
 PSPermGen       total 50688K, used 25584K [0x0000000095a00000, 0x0000000098b80000, 0x00000000a0000000)
  object space 50688K, 50% used [0x0000000095a00000,0x00000000972fc130,0x0000000098b80000)
}
Event: 50.786 GC heap before
{Heap before GC invocations=30 (full 2):
 PSYoungGen      total 109568K, used 105216K [0x00000000e0000000, 0x00000000ee380000, 0x0000000100000000)
  eden space 104960K, 100% used [0x00000000e0000000,0x00000000e6680000,0x00000000e6680000)
  from space 4608K, 5% used [0x00000000eda80000,0x00000000edac0000,0x00000000edf00000)
  to   space 4096K, 0% used [0x00000000edf80000,0x00000000edf80000,0x00000000ee380000)
 ParOldGen       total 170496K, used 24094K [0x00000000a0000000, 0x00000000aa680000, 0x00000000e0000000)
  object space 170496K, 14% used [0x00000000a0000000,0x00000000a17878c8,0x00000000aa680000)
 PSPermGen       total 50688K, used 25586K [0x0000000095a00000, 0x0000000098b80000, 0x00000000a0000000)
  object space 50688K, 50% used [0x0000000095a00000,0x00000000972fc880,0x0000000098b80000)
Event: 50.788 GC heap after
Heap after GC invocations=30 (full 2):
 PSYoungGen      total 102400K, used 224K [0x00000000e0000000, 0x00000000ee000000, 0x0000000100000000)
  eden space 101888K, 0% used [0x00000000e0000000,0x00000000e0000000,0x00000000e6380000)
  from space 512K, 43% used [0x00000000edf80000,0x00000000edfb8000,0x00000000ee000000)
  to   space 4096K, 0% used [0x00000000ed800000,0x00000000ed800000,0x00000000edc00000)
 ParOldGen       total 170496K, used 24126K [0x00000000a0000000, 0x00000000aa680000, 0x00000000e0000000)
  object space 170496K, 14% used [0x00000000a0000000,0x00000000a178f8c8,0x00000000aa680000)
 PSPermGen       total 50688K, used 25586K [0x0000000095a00000, 0x0000000098b80000, 0x00000000a0000000)
  object space 50688K, 50% used [0x0000000095a00000,0x00000000972fc880,0x0000000098b80000)
}

