# JRE version: OpenJDK Runtime Environment (7.0_181-b01) (build 1.7.0_181-b01)
# Java VM: OpenJDK 64-Bit Server VM (24.181-b01 mixed mode linux-amd64 compressed oops)
Heap
 PSYoungGen      total 156672K, used 124234K [0x00000000e0000000, 0x00000000f0080000, 0x0000000100000000)
  eden space 146944K, 84% used [0x00000000e0000000,0x00000000e79028b8,0x00000000e8f80000)
  from space 9728K, 3% used [0x00000000eed80000,0x00000000eedd0000,0x00000000ef700000)
  to   space 9216K, 0% used [0x00000000ef780000,0x00000000ef780000,0x00000000f0080000)
 ParOldGen       total 170496K, used 19630K [0x00000000a0000000, 0x00000000aa680000, 0x00000000e0000000)
  object space 170496K, 11% used [0x00000000a0000000,0x00000000a132ba60,0x00000000aa680000)
 PSPermGen       total 42496K, used 25378K [0x0000000095a00000, 0x0000000098380000, 0x00000000a0000000)
  object space 42496K, 59% used [0x0000000095a00000,0x00000000972c8970,0x0000000098380000)
GC Heap History (10 events):
Event: 18.470 GC heap before
{Heap before GC invocations=12 (full 1):
 PSYoungGen      total 98304K, used 98071K [0x00000000e0000000, 0x00000000e8380000, 0x0000000100000000)
  eden space 97792K, 100% used [0x00000000e0000000,0x00000000e5f80000,0x00000000e5f80000)
  from space 512K, 54% used [0x00000000e8300000,0x00000000e8345f00,0x00000000e8380000)
  to   space 11776K, 0% used [0x00000000e6c80000,0x00000000e6c80000,0x00000000e7800000)
 ParOldGen       total 170496K, used 15708K [0x00000000a0000000, 0x00000000aa680000, 0x00000000e0000000)
  object space 170496K, 9% used [0x00000000a0000000,0x00000000a0f57388,0x00000000aa680000)
 PSPermGen       total 42496K, used 24678K [0x0000000095a00000, 0x0000000098380000, 0x00000000a0000000)
  object space 42496K, 58% used [0x0000000095a00000,0x0000000097219ae0,0x0000000098380000)
Event: 18.473 GC heap after
Heap after GC invocations=12 (full 1):
 PSYoungGen      total 122880K, used 2889K [0x00000000e0000000, 0x00000000eae00000, 0x0000000100000000)
  eden space 111104K, 0% used [0x00000000e0000000,0x00000000e0000000,0x00000000e6c80000)
  from space 11776K, 24% used [0x00000000e6c80000,0x00000000e6f52600,0x00000000e7800000)
  to   space 10752K, 0% used [0x00000000ea380000,0x00000000ea380000,0x00000000eae00000)
 ParOldGen       total 170496K, used 15804K [0x00000000a0000000, 0x00000000aa680000, 0x00000000e0000000)
  object space 170496K, 9% used [0x00000000a0000000,0x00000000a0f6f288,0x00000000aa680000)
 PSPermGen       total 42496K, used 24678K [0x0000000095a00000, 0x0000000098380000, 0x00000000a0000000)
  object space 42496K, 58% used [0x0000000095a00000,0x0000000097219ae0,0x0000000098380000)
}
Event: 20.013 GC heap before
{Heap before GC invocations=13 (full 1):
 PSYoungGen      total 122880K, used 113993K [0x00000000e0000000, 0x00000000eae00000, 0x0000000100000000)
  eden space 111104K, 100% used [0x00000000e0000000,0x00000000e6c80000,0x00000000e6c80000)
  from space 11776K, 24% used [0x00000000e6c80000,0x00000000e6f52600,0x00000000e7800000)
  to   space 10752K, 0% used [0x00000000ea380000,0x00000000ea380000,0x00000000eae00000)
 ParOldGen       total 170496K, used 15804K [0x00000000a0000000, 0x00000000aa680000, 0x00000000e0000000)
  object space 170496K, 9% used [0x00000000a0000000,0x00000000a0f6f288,0x00000000aa680000)
 PSPermGen       total 42496K, used 25024K [0x0000000095a00000, 0x0000000098380000, 0x00000000a0000000)
  object space 42496K, 58% used [0x0000000095a00000,0x00000000972702a8,0x0000000098380000)
Event: 20.018 GC heap after
Heap after GC invocations=13 (full 1):
 PSYoungGen      total 167936K, used 975K [0x00000000e0000000, 0x00000000ec200000, 0x0000000100000000)
  eden space 157184K, 0% used [0x00000000e0000000,0x00000000e0000000,0x00000000e9980000)
  from space 10752K, 9% used [0x00000000ea380000,0x00000000ea473c40,0x00000000eae00000)
  to   space 10240K, 0% used [0x00000000e9980000,0x00000000e9980000,0x00000000ea380000)
 ParOldGen       total 170496K, used 18510K [0x00000000a0000000, 0x00000000aa680000, 0x00000000e0000000)
  object space 170496K, 10% used [0x00000000a0000000,0x00000000a12139e8,0x00000000aa680000)
 PSPermGen       total 42496K, used 25024K [0x0000000095a00000, 0x0000000098380000, 0x00000000a0000000)
  object space 42496K, 58% used [0x0000000095a00000,0x00000000972702a8,0x0000000098380000)
}
Event: 20.913 GC heap before
{Heap before GC invocations=14 (full 1):
 PSYoungGen      total 167936K, used 158159K [0x00000000e0000000, 0x00000000ec200000, 0x0000000100000000)
  eden space 157184K, 100% used [0x00000000e0000000,0x00000000e9980000,0x00000000e9980000)
  from space 10752K, 9% used [0x00000000ea380000,0x00000000ea473c40,0x00000000eae00000)
  to   space 10240K, 0% used [0x00000000e9980000,0x00000000e9980000,0x00000000ea380000)
 ParOldGen       total 170496K, used 18510K [0x00000000a0000000, 0x00000000aa680000, 0x00000000e0000000)
  object space 170496K, 10% used [0x00000000a0000000,0x00000000a12139e8,0x00000000aa680000)
 PSPermGen       total 42496K, used 25080K [0x0000000095a00000, 0x0000000098380000, 0x00000000a0000000)
  object space 42496K, 59% used [0x0000000095a00000,0x000000009727e158,0x0000000098380000)
Event: 20.915 GC heap after
Heap after GC invocations=14 (full 1):
 PSYoungGen      total 167424K, used 320K [0x00000000e0000000, 0x00000000f0a00000, 0x0000000100000000)
  eden space 157184K, 0% used [0x00000000e0000000,0x00000000e0000000,0x00000000e9980000)
  from space 10240K, 3% used [0x00000000e9980000,0x00000000e99d0000,0x00000000ea380000)
  to   space 10240K, 0% used [0x00000000f0000000,0x00000000f0000000,0x00000000f0a00000)
 ParOldGen       total 170496K, used 19322K [0x00000000a0000000, 0x00000000aa680000, 0x00000000e0000000)
  object space 170496K, 11% used [0x00000000a0000000,0x00000000a12de9f0,0x00000000aa680000)
 PSPermGen       total 42496K, used 25080K [0x0000000095a00000, 0x0000000098380000, 0x00000000a0000000)
  object space 42496K, 59% used [0x0000000095a00000,0x000000009727e158,0x0000000098380000)
}
Event: 22.059 GC heap before
{Heap before GC invocations=15 (full 1):
 PSYoungGen      total 167424K, used 157504K [0x00000000e0000000, 0x00000000f0a00000, 0x0000000100000000)
  eden space 157184K, 100% used [0x00000000e0000000,0x00000000e9980000,0x00000000e9980000)
  from space 10240K, 3% used [0x00000000e9980000,0x00000000e99d0000,0x00000000ea380000)
  to   space 10240K, 0% used [0x00000000f0000000,0x00000000f0000000,0x00000000f0a00000)
 ParOldGen       total 170496K, used 19322K [0x00000000a0000000, 0x00000000aa680000, 0x00000000e0000000)
  object space 170496K, 11% used [0x00000000a0000000,0x00000000a12de9f0,0x00000000aa680000)
 PSPermGen       total 42496K, used 25344K [0x0000000095a00000, 0x0000000098380000, 0x00000000a0000000)
  object space 42496K, 59% used [0x0000000095a00000,0x00000000972c0238,0x0000000098380000)
Event: 22.061 GC heap after
Heap after GC invocations=15 (full 1):
 PSYoungGen      total 152576K, used 256K [0x00000000e0000000, 0x00000000f0080000, 0x0000000100000000)
  eden space 152064K, 0% used [0x00000000e0000000,0x00000000e0000000,0x00000000e9480000)
  from space 512K, 50% used [0x00000000f0000000,0x00000000f0040000,0x00000000f0080000)
  to   space 9728K, 0% used [0x00000000eed80000,0x00000000eed80000,0x00000000ef700000)
 ParOldGen       total 170496K, used 19519K [0x00000000a0000000, 0x00000000aa680000, 0x00000000e0000000)
  object space 170496K, 11% used [0x00000000a0000000,0x00000000a130fec0,0x00000000aa680000)
 PSPermGen       total 42496K, used 25344K [0x0000000095a00000, 0x0000000098380000, 0x00000000a0000000)
  object space 42496K, 59% used [0x0000000095a00000,0x00000000972c0238,0x0000000098380000)
}
Event: 23.044 GC heap before
{Heap before GC invocations=16 (full 1):
 PSYoungGen      total 152576K, used 152320K [0x00000000e0000000, 0x00000000f0080000, 0x0000000100000000)
  eden space 152064K, 100% used [0x00000000e0000000,0x00000000e9480000,0x00000000e9480000)
  from space 512K, 50% used [0x00000000f0000000,0x00000000f0040000,0x00000000f0080000)
  to   space 9728K, 0% used [0x00000000eed80000,0x00000000eed80000,0x00000000ef700000)
 ParOldGen       total 170496K, used 19519K [0x00000000a0000000, 0x00000000aa680000, 0x00000000e0000000)
  object space 170496K, 11% used [0x00000000a0000000,0x00000000a130fec0,0x00000000aa680000)
 PSPermGen       total 42496K, used 25364K [0x0000000095a00000, 0x0000000098380000, 0x00000000a0000000)
  object space 42496K, 59% used [0x0000000095a00000,0x00000000972c52e0,0x0000000098380000)
Event: 23.046 GC heap after
Heap after GC invocations=16 (full 1):
 PSYoungGen      total 156672K, used 320K [0x00000000e0000000, 0x00000000f0080000, 0x0000000100000000)
  eden space 146944K, 0% used [0x00000000e0000000,0x00000000e0000000,0x00000000e8f80000)
  from space 9728K, 3% used [0x00000000eed80000,0x00000000eedd0000,0x00000000ef700000)
  to   space 9216K, 0% used [0x00000000ef780000,0x00000000ef780000,0x00000000f0080000)
 ParOldGen       total 170496K, used 19630K [0x00000000a0000000, 0x00000000aa680000, 0x00000000e0000000)
  object space 170496K, 11% used [0x00000000a0000000,0x00000000a132ba60,0x00000000aa680000)
 PSPermGen       total 42496K, used 25364K [0x0000000095a00000, 0x0000000098380000, 0x00000000a0000000)
  object space 42496K, 59% used [0x0000000095a00000,0x00000000972c52e0,0x0000000098380000)
}

