# JRE version: OpenJDK Runtime Environment (7.0_181-b01) (build 1.7.0_181-b01)
# Java VM: OpenJDK 64-Bit Server VM (24.181-b01 mixed mode linux-amd64 compressed oops)
Heap
 PSYoungGen      total 94720K, used 82671K [0x00000000e0000000, 0x00000000e9e80000, 0x0000000100000000)
  eden space 94208K, 87% used [0x00000000e0000000,0x00000000e507bff0,0x00000000e5c00000)
  from space 512K, 50% used [0x00000000e9e00000,0x00000000e9e40000,0x00000000e9e80000)
  to   space 1536K, 0% used [0x00000000e9b80000,0x00000000e9b80000,0x00000000e9d00000)
 ParOldGen       total 170496K, used 30175K [0x00000000a0000000, 0x00000000aa680000, 0x00000000e0000000)
  object space 170496K, 17% used [0x00000000a0000000,0x00000000a1d77e18,0x00000000aa680000)
 PSPermGen       total 41984K, used 26757K [0x0000000095a00000, 0x0000000098300000, 0x00000000a0000000)
  object space 41984K, 63% used [0x0000000095a00000,0x0000000097421548,0x0000000098300000)
GC Heap History (10 events):
Event: 98.726 GC heap before
{Heap before GC invocations=53 (full 1):
 PSYoungGen      total 87552K, used 86208K [0x00000000e0000000, 0x00000000ea180000, 0x0000000100000000)
  eden space 86016K, 100% used [0x00000000e0000000,0x00000000e5400000,0x00000000e5400000)
  from space 1536K, 12% used [0x00000000e9e80000,0x00000000e9eb0000,0x00000000ea000000)
  to   space 1536K, 0% used [0x00000000ea000000,0x00000000ea000000,0x00000000ea180000)
 ParOldGen       total 170496K, used 29496K [0x00000000a0000000, 0x00000000aa680000, 0x00000000e0000000)
  object space 170496K, 17% used [0x00000000a0000000,0x00000000a1cce398,0x00000000aa680000)
 PSPermGen       total 41984K, used 26737K [0x0000000095a00000, 0x0000000098300000, 0x00000000a0000000)
  object space 41984K, 63% used [0x0000000095a00000,0x000000009741c588,0x0000000098300000)
Event: 98.730 GC heap after
Heap after GC invocations=53 (full 1):
 PSYoungGen      total 84480K, used 192K [0x00000000e0000000, 0x00000000ea080000, 0x0000000100000000)
  eden space 83968K, 0% used [0x00000000e0000000,0x00000000e0000000,0x00000000e5200000)
  from space 512K, 37% used [0x00000000ea000000,0x00000000ea030000,0x00000000ea080000)
  to   space 1536K, 0% used [0x00000000e9d80000,0x00000000e9d80000,0x00000000e9f00000)
 ParOldGen       total 170496K, used 29587K [0x00000000a0000000, 0x00000000aa680000, 0x00000000e0000000)
  object space 170496K, 17% used [0x00000000a0000000,0x00000000a1ce4f08,0x00000000aa680000)
 PSPermGen       total 41984K, used 26737K [0x0000000095a00000, 0x0000000098300000, 0x00000000a0000000)
  object space 41984K, 63% used [0x0000000095a00000,0x000000009741c588,0x0000000098300000)
}
Event: 99.010 GC heap before
{Heap before GC invocations=54 (full 1):
 PSYoungGen      total 84480K, used 84160K [0x00000000e0000000, 0x00000000ea080000, 0x0000000100000000)
  eden space 83968K, 100% used [0x00000000e0000000,0x00000000e5200000,0x00000000e5200000)
  from space 512K, 37% used [0x00000000ea000000,0x00000000ea030000,0x00000000ea080000)
  to   space 1536K, 0% used [0x00000000e9d80000,0x00000000e9d80000,0x00000000e9f00000)
 ParOldGen       total 170496K, used 29587K [0x00000000a0000000, 0x00000000aa680000, 0x00000000e0000000)
  object space 170496K, 17% used [0x00000000a0000000,0x00000000a1ce4f08,0x00000000aa680000)
 PSPermGen       total 41984K, used 26738K [0x0000000095a00000, 0x0000000098300000, 0x00000000a0000000)
  object space 41984K, 63% used [0x0000000095a00000,0x000000009741caf0,0x0000000098300000)
Event: 99.012 GC heap after
Heap after GC invocations=54 (full 1):
 PSYoungGen      total 83456K, used 288K [0x00000000e0000000, 0x00000000ea080000, 0x0000000100000000)
  eden space 81920K, 0% used [0x00000000e0000000,0x00000000e0000000,0x00000000e5000000)
  from space 1536K, 18% used [0x00000000e9d80000,0x00000000e9dc8000,0x00000000e9f00000)
  to   space 1536K, 0% used [0x00000000e9f00000,0x00000000e9f00000,0x00000000ea080000)
 ParOldGen       total 170496K, used 29675K [0x00000000a0000000, 0x00000000aa680000, 0x00000000e0000000)
  object space 170496K, 17% used [0x00000000a0000000,0x00000000a1cfaf08,0x00000000aa680000)
 PSPermGen       total 41984K, used 26738K [0x0000000095a00000, 0x0000000098300000, 0x00000000a0000000)
  object space 41984K, 63% used [0x0000000095a00000,0x000000009741caf0,0x0000000098300000)
}
Event: 99.306 GC heap before
{Heap before GC invocations=55 (full 1):
 PSYoungGen      total 83456K, used 82208K [0x00000000e0000000, 0x00000000ea080000, 0x0000000100000000)
  eden space 81920K, 100% used [0x00000000e0000000,0x00000000e5000000,0x00000000e5000000)
  from space 1536K, 18% used [0x00000000e9d80000,0x00000000e9dc8000,0x00000000e9f00000)
  to   space 1536K, 0% used [0x00000000e9f00000,0x00000000e9f00000,0x00000000ea080000)
 ParOldGen       total 170496K, used 29675K [0x00000000a0000000, 0x00000000aa680000, 0x00000000e0000000)
  object space 170496K, 17% used [0x00000000a0000000,0x00000000a1cfaf08,0x00000000aa680000)
 PSPermGen       total 41984K, used 26743K [0x0000000095a00000, 0x0000000098300000, 0x00000000a0000000)
  object space 41984K, 63% used [0x0000000095a00000,0x000000009741ddd8,0x0000000098300000)
Event: 99.307 GC heap after
Heap after GC invocations=55 (full 1):
 PSYoungGen      total 80384K, used 352K [0x00000000e0000000, 0x00000000e9f80000, 0x0000000100000000)
  eden space 79872K, 0% used [0x00000000e0000000,0x00000000e0000000,0x00000000e4e00000)
  from space 512K, 68% used [0x00000000e9f00000,0x00000000e9f58000,0x00000000e9f80000)
  to   space 1536K, 0% used [0x00000000e9c80000,0x00000000e9c80000,0x00000000e9e00000)
 ParOldGen       total 170496K, used 29795K [0x00000000a0000000, 0x00000000aa680000, 0x00000000e0000000)
  object space 170496K, 17% used [0x00000000a0000000,0x00000000a1d18d28,0x00000000aa680000)
 PSPermGen       total 41984K, used 26743K [0x0000000095a00000, 0x0000000098300000, 0x00000000a0000000)
  object space 41984K, 63% used [0x0000000095a00000,0x000000009741ddd8,0x0000000098300000)
}
Event: 102.648 GC heap before
{Heap before GC invocations=56 (full 1):
 PSYoungGen      total 80384K, used 80224K [0x00000000e0000000, 0x00000000e9f80000, 0x0000000100000000)
  eden space 79872K, 100% used [0x00000000e0000000,0x00000000e4e00000,0x00000000e4e00000)
  from space 512K, 68% used [0x00000000e9f00000,0x00000000e9f58000,0x00000000e9f80000)
  to   space 1536K, 0% used [0x00000000e9c80000,0x00000000e9c80000,0x00000000e9e00000)
 ParOldGen       total 170496K, used 29795K [0x00000000a0000000, 0x00000000aa680000, 0x00000000e0000000)
  object space 170496K, 17% used [0x00000000a0000000,0x00000000a1d18d28,0x00000000aa680000)
 PSPermGen       total 41984K, used 26753K [0x0000000095a00000, 0x0000000098300000, 0x00000000a0000000)
  object space 41984K, 63% used [0x0000000095a00000,0x00000000974206a8,0x0000000098300000)
Event: 102.649 GC heap after
Heap after GC invocations=56 (full 1):
 PSYoungGen      total 79360K, used 352K [0x00000000e0000000, 0x00000000e9f80000, 0x0000000100000000)
  eden space 77824K, 0% used [0x00000000e0000000,0x00000000e0000000,0x00000000e4c00000)
  from space 1536K, 22% used [0x00000000e9c80000,0x00000000e9cd8000,0x00000000e9e00000)
  to   space 1536K, 0% used [0x00000000e9e00000,0x00000000e9e00000,0x00000000e9f80000)
 ParOldGen       total 170496K, used 29999K [0x00000000a0000000, 0x00000000aa680000, 0x00000000e0000000)
  object space 170496K, 17% used [0x00000000a0000000,0x00000000a1d4bef8,0x00000000aa680000)
 PSPermGen       total 41984K, used 26753K [0x0000000095a00000, 0x0000000098300000, 0x00000000a0000000)
  object space 41984K, 63% used [0x0000000095a00000,0x00000000974206a8,0x0000000098300000)
}
Event: 102.830 GC heap before
{Heap before GC invocations=57 (full 1):
 PSYoungGen      total 79360K, used 78176K [0x00000000e0000000, 0x00000000e9f80000, 0x0000000100000000)
  eden space 77824K, 100% used [0x00000000e0000000,0x00000000e4c00000,0x00000000e4c00000)
  from space 1536K, 22% used [0x00000000e9c80000,0x00000000e9cd8000,0x00000000e9e00000)
  to   space 1536K, 0% used [0x00000000e9e00000,0x00000000e9e00000,0x00000000e9f80000)
 ParOldGen       total 170496K, used 29999K [0x00000000a0000000, 0x00000000aa680000, 0x00000000e0000000)
  object space 170496K, 17% used [0x00000000a0000000,0x00000000a1d4bef8,0x00000000aa680000)
 PSPermGen       total 41984K, used 26756K [0x0000000095a00000, 0x0000000098300000, 0x00000000a0000000)
  object space 41984K, 63% used [0x0000000095a00000,0x0000000097421078,0x0000000098300000)
Event: 102.837 GC heap after
Heap after GC invocations=57 (full 1):
 PSYoungGen      total 94720K, used 256K [0x00000000e0000000, 0x00000000e9e80000, 0x0000000100000000)
  eden space 94208K, 0% used [0x00000000e0000000,0x00000000e0000000,0x00000000e5c00000)
  from space 512K, 50% used [0x00000000e9e00000,0x00000000e9e40000,0x00000000e9e80000)
  to   space 1536K, 0% used [0x00000000e9b80000,0x00000000e9b80000,0x00000000e9d00000)
 ParOldGen       total 170496K, used 30175K [0x00000000a0000000, 0x00000000aa680000, 0x00000000e0000000)
  object space 170496K, 17% used [0x00000000a0000000,0x00000000a1d77e18,0x00000000aa680000)
 PSPermGen       total 41984K, used 26756K [0x0000000095a00000, 0x0000000098300000, 0x00000000a0000000)
  object space 41984K, 63% used [0x0000000095a00000,0x0000000097421078,0x0000000098300000)
}

