# JRE version: OpenJDK Runtime Environment (7.0_181-b01) (build 1.7.0_181-b01)
# Java VM: OpenJDK 64-Bit Server VM (24.181-b01 mixed mode linux-amd64 compressed oops)
Heap
 PSYoungGen      total 329216K, used 296107K [0x00000000e0000000, 0x00000000f8b80000, 0x0000000100000000)
  eden space 318464K, 92% used [0x00000000e0000000,0x00000000f20ead08,0x00000000f3700000)
  from space 10752K, 2% used [0x00000000f4100000,0x00000000f4140000,0x00000000f4b80000)
  to   space 10240K, 0% used [0x00000000f3700000,0x00000000f3700000,0x00000000f4100000)
 ParOldGen       total 170496K, used 18534K [0x00000000a0000000, 0x00000000aa680000, 0x00000000e0000000)
  object space 170496K, 10% used [0x00000000a0000000,0x00000000a1219b08,0x00000000aa680000)
 PSPermGen       total 42496K, used 25408K [0x0000000095a00000, 0x0000000098380000, 0x00000000a0000000)
  object space 42496K, 59% used [0x0000000095a00000,0x00000000972d03f0,0x0000000098380000)
GC Heap History (10 events):
Event: 15.549 GC heap before
{Heap before GC invocations=9 (full 1):
 PSYoungGen      total 75264K, used 63645K [0x00000000e0000000, 0x00000000e9200000, 0x0000000100000000)
  eden space 61952K, 100% used [0x00000000e0000000,0x00000000e3c80000,0x00000000e3c80000)
  from space 13312K, 12% used [0x00000000e3c80000,0x00000000e3e27540,0x00000000e4980000)
  to   space 12800K, 0% used [0x00000000e8580000,0x00000000e8580000,0x00000000e9200000)
 ParOldGen       total 170496K, used 13856K [0x00000000a0000000, 0x00000000aa680000, 0x00000000e0000000)
  object space 170496K, 8% used [0x00000000a0000000,0x00000000a0d881d8,0x00000000aa680000)
 PSPermGen       total 42496K, used 23312K [0x0000000095a00000, 0x0000000098380000, 0x00000000a0000000)
  object space 42496K, 54% used [0x0000000095a00000,0x00000000970c4248,0x0000000098380000)
Event: 15.553 GC heap after
Heap after GC invocations=9 (full 1):
 PSYoungGen      total 135680K, used 928K [0x00000000e0000000, 0x00000000e9100000, 0x0000000100000000)
  eden space 123904K, 0% used [0x00000000e0000000,0x00000000e0000000,0x00000000e7900000)
  from space 11776K, 7% used [0x00000000e8580000,0x00000000e8668000,0x00000000e9100000)
  to   space 12288K, 0% used [0x00000000e7900000,0x00000000e7900000,0x00000000e8500000)
 ParOldGen       total 170496K, used 14647K [0x00000000a0000000, 0x00000000aa680000, 0x00000000e0000000)
  object space 170496K, 8% used [0x00000000a0000000,0x00000000a0e4df58,0x00000000aa680000)
 PSPermGen       total 42496K, used 23312K [0x0000000095a00000, 0x0000000098380000, 0x00000000a0000000)
  object space 42496K, 54% used [0x0000000095a00000,0x00000000970c4248,0x0000000098380000)
}
Event: 15.747 GC heap before
{Heap before GC invocations=10 (full 1):
 PSYoungGen      total 135680K, used 124832K [0x00000000e0000000, 0x00000000e9100000, 0x0000000100000000)
  eden space 123904K, 100% used [0x00000000e0000000,0x00000000e7900000,0x00000000e7900000)
  from space 11776K, 7% used [0x00000000e8580000,0x00000000e8668000,0x00000000e9100000)
  to   space 12288K, 0% used [0x00000000e7900000,0x00000000e7900000,0x00000000e8500000)
 ParOldGen       total 170496K, used 14647K [0x00000000a0000000, 0x00000000aa680000, 0x00000000e0000000)
  object space 170496K, 8% used [0x00000000a0000000,0x00000000a0e4df58,0x00000000aa680000)
 PSPermGen       total 42496K, used 23333K [0x0000000095a00000, 0x0000000098380000, 0x00000000a0000000)
  object space 42496K, 54% used [0x0000000095a00000,0x00000000970c9480,0x0000000098380000)
Event: 15.749 GC heap after
Heap after GC invocations=10 (full 1):
 PSYoungGen      total 136192K, used 887K [0x00000000e0000000, 0x00000000f0900000, 0x0000000100000000)
  eden space 123904K, 0% used [0x00000000e0000000,0x00000000e0000000,0x00000000e7900000)
  from space 12288K, 7% used [0x00000000e7900000,0x00000000e79ddf00,0x00000000e8500000)
  to   space 11776K, 0% used [0x00000000efd80000,0x00000000efd80000,0x00000000f0900000)
 ParOldGen       total 170496K, used 14784K [0x00000000a0000000, 0x00000000aa680000, 0x00000000e0000000)
  object space 170496K, 8% used [0x00000000a0000000,0x00000000a0e70230,0x00000000aa680000)
 PSPermGen       total 42496K, used 23333K [0x0000000095a00000, 0x0000000098380000, 0x00000000a0000000)
  object space 42496K, 54% used [0x0000000095a00000,0x00000000970c9480,0x0000000098380000)
}
Event: 16.186 GC heap before
{Heap before GC invocations=11 (full 1):
 PSYoungGen      total 136192K, used 124791K [0x00000000e0000000, 0x00000000f0900000, 0x0000000100000000)
  eden space 123904K, 100% used [0x00000000e0000000,0x00000000e7900000,0x00000000e7900000)
  from space 12288K, 7% used [0x00000000e7900000,0x00000000e79ddf00,0x00000000e8500000)
  to   space 11776K, 0% used [0x00000000efd80000,0x00000000efd80000,0x00000000f0900000)
 ParOldGen       total 170496K, used 14784K [0x00000000a0000000, 0x00000000aa680000, 0x00000000e0000000)
  object space 170496K, 8% used [0x00000000a0000000,0x00000000a0e70230,0x00000000aa680000)
 PSPermGen       total 42496K, used 24676K [0x0000000095a00000, 0x0000000098380000, 0x00000000a0000000)
  object space 42496K, 58% used [0x0000000095a00000,0x0000000097219030,0x0000000098380000)
Event: 16.193 GC heap after
Heap after GC invocations=11 (full 1):
 PSYoungGen      total 201728K, used 2857K [0x00000000e0000000, 0x00000000f0080000, 0x0000000100000000)
  eden space 198656K, 0% used [0x00000000e0000000,0x00000000e0000000,0x00000000ec200000)
  from space 3072K, 93% used [0x00000000efd80000,0x00000000f004a600,0x00000000f0080000)
  to   space 11264K, 0% used [0x00000000eea80000,0x00000000eea80000,0x00000000ef580000)
 ParOldGen       total 170496K, used 14950K [0x00000000a0000000, 0x00000000aa680000, 0x00000000e0000000)
  object space 170496K, 8% used [0x00000000a0000000,0x00000000a0e99930,0x00000000aa680000)
 PSPermGen       total 42496K, used 24676K [0x0000000095a00000, 0x0000000098380000, 0x00000000a0000000)
  object space 42496K, 58% used [0x0000000095a00000,0x0000000097219030,0x0000000098380000)
}
Event: 18.039 GC heap before
{Heap before GC invocations=12 (full 1):
 PSYoungGen      total 201728K, used 201513K [0x00000000e0000000, 0x00000000f0080000, 0x0000000100000000)
  eden space 198656K, 100% used [0x00000000e0000000,0x00000000ec200000,0x00000000ec200000)
  from space 3072K, 93% used [0x00000000efd80000,0x00000000f004a600,0x00000000f0080000)
  to   space 11264K, 0% used [0x00000000eea80000,0x00000000eea80000,0x00000000ef580000)
 ParOldGen       total 170496K, used 14950K [0x00000000a0000000, 0x00000000aa680000, 0x00000000e0000000)
  object space 170496K, 8% used [0x00000000a0000000,0x00000000a0e99930,0x00000000aa680000)
 PSPermGen       total 42496K, used 25076K [0x0000000095a00000, 0x0000000098380000, 0x00000000a0000000)
  object space 42496K, 59% used [0x0000000095a00000,0x000000009727d238,0x0000000098380000)
Event: 18.043 GC heap after
Heap after GC invocations=12 (full 1):
 PSYoungGen      total 251392K, used 3792K [0x00000000e0000000, 0x00000000f4b80000, 0x0000000100000000)
  eden space 240128K, 0% used [0x00000000e0000000,0x00000000e0000000,0x00000000eea80000)
  from space 11264K, 33% used [0x00000000eea80000,0x00000000eee34088,0x00000000ef580000)
  to   space 10752K, 0% used [0x00000000f4100000,0x00000000f4100000,0x00000000f4b80000)
 ParOldGen       total 170496K, used 14998K [0x00000000a0000000, 0x00000000aa680000, 0x00000000e0000000)
  object space 170496K, 8% used [0x00000000a0000000,0x00000000a0ea5930,0x00000000aa680000)
 PSPermGen       total 42496K, used 25076K [0x0000000095a00000, 0x0000000098380000, 0x00000000a0000000)
  object space 42496K, 59% used [0x0000000095a00000,0x000000009727d238,0x0000000098380000)
}
Event: 19.749 GC heap before
{Heap before GC invocations=13 (full 1):
 PSYoungGen      total 251392K, used 243920K [0x00000000e0000000, 0x00000000f4b80000, 0x0000000100000000)
  eden space 240128K, 100% used [0x00000000e0000000,0x00000000eea80000,0x00000000eea80000)
  from space 11264K, 33% used [0x00000000eea80000,0x00000000eee34088,0x00000000ef580000)
  to   space 10752K, 0% used [0x00000000f4100000,0x00000000f4100000,0x00000000f4b80000)
 ParOldGen       total 170496K, used 14998K [0x00000000a0000000, 0x00000000aa680000, 0x00000000e0000000)
  object space 170496K, 8% used [0x00000000a0000000,0x00000000a0ea5930,0x00000000aa680000)
 PSPermGen       total 42496K, used 25108K [0x0000000095a00000, 0x0000000098380000, 0x00000000a0000000)
  object space 42496K, 59% used [0x0000000095a00000,0x0000000097285260,0x0000000098380000)
Event: 19.753 GC heap after
Heap after GC invocations=13 (full 1):
 PSYoungGen      total 329216K, used 256K [0x00000000e0000000, 0x00000000f8b80000, 0x0000000100000000)
  eden space 318464K, 0% used [0x00000000e0000000,0x00000000e0000000,0x00000000f3700000)
  from space 10752K, 2% used [0x00000000f4100000,0x00000000f4140000,0x00000000f4b80000)
  to   space 10240K, 0% used [0x00000000f3700000,0x00000000f3700000,0x00000000f4100000)
 ParOldGen       total 170496K, used 18534K [0x00000000a0000000, 0x00000000aa680000, 0x00000000e0000000)
  object space 170496K, 10% used [0x00000000a0000000,0x00000000a1219b08,0x00000000aa680000)
 PSPermGen       total 42496K, used 25108K [0x0000000095a00000, 0x0000000098380000, 0x00000000a0000000)
  object space 42496K, 59% used [0x0000000095a00000,0x0000000097285260,0x0000000098380000)
}

