# JRE version: OpenJDK Runtime Environment (7.0_181-b01) (build 1.7.0_181-b01)
# Java VM: OpenJDK 64-Bit Server VM (24.181-b01 mixed mode linux-amd64 compressed oops)
Heap
 PSYoungGen      total 165888K, used 163277K [0x00000000e0000000, 0x00000000f9c00000, 0x0000000100000000)
  eden space 165376K, 98% used [0x00000000e0000000,0x00000000e9f3b510,0x00000000ea180000)
  from space 512K, 43% used [0x00000000f9b80000,0x00000000f9bb8000,0x00000000f9c00000)
  to   space 2048K, 0% used [0x00000000f9800000,0x00000000f9800000,0x00000000f9a00000)
 ParOldGen       total 170496K, used 74418K [0x00000000a0000000, 0x00000000aa680000, 0x00000000e0000000)
  object space 170496K, 43% used [0x00000000a0000000,0x00000000a48ac950,0x00000000aa680000)
 PSPermGen       total 28160K, used 27261K [0x0000000095a00000, 0x0000000097580000, 0x00000000a0000000)
  object space 28160K, 96% used [0x0000000095a00000,0x000000009749f690,0x0000000097580000)
GC Heap History (10 events):
Event: 282271.070 GC heap before
{Heap before GC invocations=25974 (full 28):
 PSYoungGen      total 67072K, used 66295K [0x00000000e0000000, 0x00000000f9e80000, 0x0000000100000000)
  eden space 66048K, 100% used [0x00000000e0000000,0x00000000e4080000,0x00000000e4080000)
  from space 1024K, 24% used [0x00000000f9c80000,0x00000000f9cbdf00,0x00000000f9d80000)
  to   space 1024K, 0% used [0x00000000f9d80000,0x00000000f9d80000,0x00000000f9e80000)
 ParOldGen       total 170496K, used 70566K [0x00000000a0000000, 0x00000000aa680000, 0x00000000e0000000)
  object space 170496K, 41% used [0x00000000a0000000,0x00000000a44e9920,0x00000000aa680000)
 PSPermGen       total 28160K, used 27210K [0x0000000095a00000, 0x0000000097580000, 0x00000000a0000000)
  object space 28160K, 96% used [0x0000000095a00000,0x0000000097492a30,0x0000000097580000)
Event: 282271.072 GC heap after
Heap after GC invocations=25974 (full 28):
 PSYoungGen      total 79872K, used 256K [0x00000000e0000000, 0x00000000f9e00000, 0x0000000100000000)
  eden space 79360K, 0% used [0x00000000e0000000,0x00000000e0000000,0x00000000e4d80000)
  from space 512K, 50% used [0x00000000f9d80000,0x00000000f9dc0000,0x00000000f9e00000)
  to   space 1024K, 0% used [0x00000000f9c00000,0x00000000f9c00000,0x00000000f9d00000)
 ParOldGen       total 170496K, used 70670K [0x00000000a0000000, 0x00000000aa680000, 0x00000000e0000000)
  object space 170496K, 41% used [0x00000000a0000000,0x00000000a4503820,0x00000000aa680000)
 PSPermGen       total 28160K, used 27210K [0x0000000095a00000, 0x0000000097580000, 0x00000000a0000000)
  object space 28160K, 96% used [0x0000000095a00000,0x0000000097492a30,0x0000000097580000)
}
Event: 282271.153 GC heap before
{Heap before GC invocations=25975 (full 28):
 PSYoungGen      total 79872K, used 79616K [0x00000000e0000000, 0x00000000f9e00000, 0x0000000100000000)
  eden space 79360K, 100% used [0x00000000e0000000,0x00000000e4d80000,0x00000000e4d80000)
  from space 512K, 50% used [0x00000000f9d80000,0x00000000f9dc0000,0x00000000f9e00000)
  to   space 1024K, 0% used [0x00000000f9c00000,0x00000000f9c00000,0x00000000f9d00000)
 ParOldGen       total 170496K, used 70670K [0x00000000a0000000, 0x00000000aa680000, 0x00000000e0000000)
  object space 170496K, 41% used [0x00000000a0000000,0x00000000a4503820,0x00000000aa680000)
 PSPermGen       total 28160K, used 27210K [0x0000000095a00000, 0x0000000097580000, 0x00000000a0000000)
  object space 28160K, 96% used [0x0000000095a00000,0x0000000097492a30,0x0000000097580000)
Event: 282271.154 GC heap after
Heap after GC invocations=25975 (full 28):
 PSYoungGen      total 96256K, used 192K [0x00000000e0000000, 0x00000000f9e00000, 0x0000000100000000)
  eden space 95232K, 0% used [0x00000000e0000000,0x00000000e0000000,0x00000000e5d00000)
  from space 1024K, 18% used [0x00000000f9c00000,0x00000000f9c30000,0x00000000f9d00000)
  to   space 1024K, 0% used [0x00000000f9d00000,0x00000000f9d00000,0x00000000f9e00000)
 ParOldGen       total 170496K, used 70702K [0x00000000a0000000, 0x00000000aa680000, 0x00000000e0000000)
  object space 170496K, 41% used [0x00000000a0000000,0x00000000a450b820,0x00000000aa680000)
 PSPermGen       total 28160K, used 27210K [0x0000000095a00000, 0x0000000097580000, 0x00000000a0000000)
  object space 28160K, 96% used [0x0000000095a00000,0x0000000097492a30,0x0000000097580000)
}
Event: 282272.599 GC heap before
{Heap before GC invocations=25976 (full 28):
 PSYoungGen      total 96256K, used 95424K [0x00000000e0000000, 0x00000000f9e00000, 0x0000000100000000)
  eden space 95232K, 100% used [0x00000000e0000000,0x00000000e5d00000,0x00000000e5d00000)
  from space 1024K, 18% used [0x00000000f9c00000,0x00000000f9c30000,0x00000000f9d00000)
  to   space 1024K, 0% used [0x00000000f9d00000,0x00000000f9d00000,0x00000000f9e00000)
 ParOldGen       total 170496K, used 70702K [0x00000000a0000000, 0x00000000aa680000, 0x00000000e0000000)
  object space 170496K, 41% used [0x00000000a0000000,0x00000000a450b820,0x00000000aa680000)
 PSPermGen       total 28160K, used 27261K [0x0000000095a00000, 0x0000000097580000, 0x00000000a0000000)
  object space 28160K, 96% used [0x0000000095a00000,0x000000009749f670,0x0000000097580000)
Event: 282272.602 GC heap after
Heap after GC invocations=25976 (full 28):
 PSYoungGen      total 115712K, used 1023K [0x00000000e0000000, 0x00000000f9e00000, 0x0000000100000000)
  eden space 114688K, 0% used [0x00000000e0000000,0x00000000e0000000,0x00000000e7000000)
  from space 1024K, 99% used [0x00000000f9d00000,0x00000000f9dffc00,0x00000000f9e00000)
  to   space 2048K, 0% used [0x00000000f9a00000,0x00000000f9a00000,0x00000000f9c00000)
 ParOldGen       total 170496K, used 73253K [0x00000000a0000000, 0x00000000aa680000, 0x00000000e0000000)
  object space 170496K, 42% used [0x00000000a0000000,0x00000000a47894b0,0x00000000aa680000)
 PSPermGen       total 28160K, used 27261K [0x0000000095a00000, 0x0000000097580000, 0x00000000a0000000)
  object space 28160K, 96% used [0x0000000095a00000,0x000000009749f670,0x0000000097580000)
}
Event: 282273.590 GC heap before
{Heap before GC invocations=25977 (full 28):
 PSYoungGen      total 115712K, used 115711K [0x00000000e0000000, 0x00000000f9e00000, 0x0000000100000000)
  eden space 114688K, 100% used [0x00000000e0000000,0x00000000e7000000,0x00000000e7000000)
  from space 1024K, 99% used [0x00000000f9d00000,0x00000000f9dffc00,0x00000000f9e00000)
  to   space 2048K, 0% used [0x00000000f9a00000,0x00000000f9a00000,0x00000000f9c00000)
 ParOldGen       total 170496K, used 73253K [0x00000000a0000000, 0x00000000aa680000, 0x00000000e0000000)
  object space 170496K, 42% used [0x00000000a0000000,0x00000000a47894b0,0x00000000aa680000)
 PSPermGen       total 28160K, used 27261K [0x0000000095a00000, 0x0000000097580000, 0x00000000a0000000)
  object space 28160K, 96% used [0x0000000095a00000,0x000000009749f670,0x0000000097580000)
Event: 282273.592 GC heap after
Heap after GC invocations=25977 (full 28):
 PSYoungGen      total 138240K, used 320K [0x00000000e0000000, 0x00000000f9d80000, 0x0000000100000000)
  eden space 137728K, 0% used [0x00000000e0000000,0x00000000e0000000,0x00000000e8680000)
  from space 512K, 62% used [0x00000000f9a00000,0x00000000f9a50000,0x00000000f9a80000)
  to   space 2048K, 0% used [0x00000000f9b80000,0x00000000f9b80000,0x00000000f9d80000)
 ParOldGen       total 170496K, used 74235K [0x00000000a0000000, 0x00000000aa680000, 0x00000000e0000000)
  object space 170496K, 43% used [0x00000000a0000000,0x00000000a487ec50,0x00000000aa680000)
 PSPermGen       total 28160K, used 27261K [0x0000000095a00000, 0x0000000097580000, 0x00000000a0000000)
  object space 28160K, 96% used [0x0000000095a00000,0x000000009749f670,0x0000000097580000)
}
Event: 282275.038 GC heap before
{Heap before GC invocations=25978 (full 28):
 PSYoungGen      total 138240K, used 138048K [0x00000000e0000000, 0x00000000f9d80000, 0x0000000100000000)
  eden space 137728K, 100% used [0x00000000e0000000,0x00000000e8680000,0x00000000e8680000)
  from space 512K, 62% used [0x00000000f9a00000,0x00000000f9a50000,0x00000000f9a80000)
  to   space 2048K, 0% used [0x00000000f9b80000,0x00000000f9b80000,0x00000000f9d80000)
 ParOldGen       total 170496K, used 74235K [0x00000000a0000000, 0x00000000aa680000, 0x00000000e0000000)
  object space 170496K, 43% used [0x00000000a0000000,0x00000000a487ec50,0x00000000aa680000)
 PSPermGen       total 28160K, used 27261K [0x0000000095a00000, 0x0000000097580000, 0x00000000a0000000)
  object space 28160K, 96% used [0x0000000095a00000,0x000000009749f690,0x0000000097580000)
Event: 282275.040 GC heap after
Heap after GC invocations=25978 (full 28):
 PSYoungGen      total 165888K, used 224K [0x00000000e0000000, 0x00000000f9c00000, 0x0000000100000000)
  eden space 165376K, 0% used [0x00000000e0000000,0x00000000e0000000,0x00000000ea180000)
  from space 512K, 43% used [0x00000000f9b80000,0x00000000f9bb8000,0x00000000f9c00000)
  to   space 2048K, 0% used [0x00000000f9800000,0x00000000f9800000,0x00000000f9a00000)
 ParOldGen       total 170496K, used 74418K [0x00000000a0000000, 0x00000000aa680000, 0x00000000e0000000)
  object space 170496K, 43% used [0x00000000a0000000,0x00000000a48ac950,0x00000000aa680000)
 PSPermGen       total 28160K, used 27261K [0x0000000095a00000, 0x0000000097580000, 0x00000000a0000000)
  object space 28160K, 96% used [0x0000000095a00000,0x000000009749f690,0x0000000097580000)
}

