# JRE version: OpenJDK Runtime Environment (7.0_181-b01) (build 1.7.0_181-b01)
# Java VM: OpenJDK 64-Bit Server VM (24.181-b01 mixed mode linux-amd64 compressed oops)
Heap
 PSYoungGen      total 95744K, used 74357K [0x00000000e0000000, 0x00000000f8a00000, 0x0000000100000000)
  eden space 95232K, 77% used [0x00000000e0000000,0x00000000e487d478,0x00000000e5d00000)
  from space 512K, 25% used [0x00000000f8900000,0x00000000f8920000,0x00000000f8980000)
  to   space 512K, 0% used [0x00000000f8980000,0x00000000f8980000,0x00000000f8a00000)
 ParOldGen       total 170496K, used 59494K [0x00000000a0000000, 0x00000000aa680000, 0x00000000e0000000)
  object space 170496K, 34% used [0x00000000a0000000,0x00000000a3a19a98,0x00000000aa680000)
 PSPermGen       total 51200K, used 25908K [0x0000000095a00000, 0x0000000098c00000, 0x00000000a0000000)
  object space 51200K, 50% used [0x0000000095a00000,0x000000009734d320,0x0000000098c00000)
GC Heap History (10 events):
Event: 111366.246 GC heap before
{Heap before GC invocations=10455 (full 2):
 PSYoungGen      total 38400K, used 38016K [0x00000000e0000000, 0x00000000f8a00000, 0x0000000100000000)
  eden space 37888K, 100% used [0x00000000e0000000,0x00000000e2500000,0x00000000e2500000)
  from space 512K, 25% used [0x00000000f8980000,0x00000000f89a0000,0x00000000f8a00000)
  to   space 1024K, 0% used [0x00000000f8800000,0x00000000f8800000,0x00000000f8900000)
 ParOldGen       total 170496K, used 59286K [0x00000000a0000000, 0x00000000aa680000, 0x00000000e0000000)
  object space 170496K, 34% used [0x00000000a0000000,0x00000000a39e5838,0x00000000aa680000)
 PSPermGen       total 51200K, used 25852K [0x0000000095a00000, 0x0000000098c00000, 0x00000000a0000000)
  object space 51200K, 50% used [0x0000000095a00000,0x000000009733f3e0,0x0000000098c00000)
Event: 111366.247 GC heap after
Heap after GC invocations=10455 (full 2):
 PSYoungGen      total 46592K, used 224K [0x00000000e0000000, 0x00000000f8a00000, 0x0000000100000000)
  eden space 45568K, 0% used [0x00000000e0000000,0x00000000e0000000,0x00000000e2c80000)
  from space 1024K, 21% used [0x00000000f8800000,0x00000000f8838000,0x00000000f8900000)
  to   space 512K, 0% used [0x00000000f8980000,0x00000000f8980000,0x00000000f8a00000)
 ParOldGen       total 170496K, used 59318K [0x00000000a0000000, 0x00000000aa680000, 0x00000000e0000000)
  object space 170496K, 34% used [0x00000000a0000000,0x00000000a39ed838,0x00000000aa680000)
 PSPermGen       total 51200K, used 25852K [0x0000000095a00000, 0x0000000098c00000, 0x00000000a0000000)
  object space 51200K, 50% used [0x0000000095a00000,0x000000009733f3e0,0x0000000098c00000)
}
Event: 111366.280 GC heap before
{Heap before GC invocations=10456 (full 2):
 PSYoungGen      total 46592K, used 45792K [0x00000000e0000000, 0x00000000f8a00000, 0x0000000100000000)
  eden space 45568K, 100% used [0x00000000e0000000,0x00000000e2c80000,0x00000000e2c80000)
  from space 1024K, 21% used [0x00000000f8800000,0x00000000f8838000,0x00000000f8900000)
  to   space 512K, 0% used [0x00000000f8980000,0x00000000f8980000,0x00000000f8a00000)
 ParOldGen       total 170496K, used 59318K [0x00000000a0000000, 0x00000000aa680000, 0x00000000e0000000)
  object space 170496K, 34% used [0x00000000a0000000,0x00000000a39ed838,0x00000000aa680000)
 PSPermGen       total 51200K, used 25852K [0x0000000095a00000, 0x0000000098c00000, 0x00000000a0000000)
  object space 51200K, 50% used [0x0000000095a00000,0x000000009733f3e0,0x0000000098c00000)
Event: 111366.281 GC heap after
Heap after GC invocations=10456 (full 2):
 PSYoungGen      total 55296K, used 128K [0x00000000e0000000, 0x00000000f8a00000, 0x0000000100000000)
  eden space 54784K, 0% used [0x00000000e0000000,0x00000000e0000000,0x00000000e3580000)
  from space 512K, 25% used [0x00000000f8980000,0x00000000f89a0000,0x00000000f8a00000)
  to   space 512K, 0% used [0x00000000f8900000,0x00000000f8900000,0x00000000f8980000)
 ParOldGen       total 170496K, used 59350K [0x00000000a0000000, 0x00000000aa680000, 0x00000000e0000000)
  object space 170496K, 34% used [0x00000000a0000000,0x00000000a39f5838,0x00000000aa680000)
 PSPermGen       total 51200K, used 25852K [0x0000000095a00000, 0x0000000098c00000, 0x00000000a0000000)
  object space 51200K, 50% used [0x0000000095a00000,0x000000009733f3e0,0x0000000098c00000)
}
Event: 111366.368 GC heap before
{Heap before GC invocations=10457 (full 2):
 PSYoungGen      total 55296K, used 54912K [0x00000000e0000000, 0x00000000f8a00000, 0x0000000100000000)
  eden space 54784K, 100% used [0x00000000e0000000,0x00000000e3580000,0x00000000e3580000)
  from space 512K, 25% used [0x00000000f8980000,0x00000000f89a0000,0x00000000f8a00000)
  to   space 512K, 0% used [0x00000000f8900000,0x00000000f8900000,0x00000000f8980000)
 ParOldGen       total 170496K, used 59350K [0x00000000a0000000, 0x00000000aa680000, 0x00000000e0000000)
  object space 170496K, 34% used [0x00000000a0000000,0x00000000a39f5838,0x00000000aa680000)
 PSPermGen       total 51200K, used 25852K [0x0000000095a00000, 0x0000000098c00000, 0x00000000a0000000)
  object space 51200K, 50% used [0x0000000095a00000,0x000000009733f3e0,0x0000000098c00000)
Event: 111366.370 GC heap after
Heap after GC invocations=10457 (full 2):
 PSYoungGen      total 66560K, used 216K [0x00000000e0000000, 0x00000000f8a00000, 0x0000000100000000)
  eden space 66048K, 0% used [0x00000000e0000000,0x00000000e0000000,0x00000000e4080000)
  from space 512K, 42% used [0x00000000f8900000,0x00000000f8936260,0x00000000f8980000)
  to   space 512K, 0% used [0x00000000f8980000,0x00000000f8980000,0x00000000f8a00000)
 ParOldGen       total 170496K, used 59374K [0x00000000a0000000, 0x00000000aa680000, 0x00000000e0000000)
  object space 170496K, 34% used [0x00000000a0000000,0x00000000a39fb838,0x00000000aa680000)
 PSPermGen       total 51200K, used 25852K [0x0000000095a00000, 0x0000000098c00000, 0x00000000a0000000)
  object space 51200K, 50% used [0x0000000095a00000,0x000000009733f3e0,0x0000000098c00000)
}
Event: 111366.413 GC heap before
{Heap before GC invocations=10458 (full 2):
 PSYoungGen      total 66560K, used 66264K [0x00000000e0000000, 0x00000000f8a00000, 0x0000000100000000)
  eden space 66048K, 100% used [0x00000000e0000000,0x00000000e4080000,0x00000000e4080000)
  from space 512K, 42% used [0x00000000f8900000,0x00000000f8936260,0x00000000f8980000)
  to   space 512K, 0% used [0x00000000f8980000,0x00000000f8980000,0x00000000f8a00000)
 ParOldGen       total 170496K, used 59374K [0x00000000a0000000, 0x00000000aa680000, 0x00000000e0000000)
  object space 170496K, 34% used [0x00000000a0000000,0x00000000a39fb838,0x00000000aa680000)
 PSPermGen       total 51200K, used 25852K [0x0000000095a00000, 0x0000000098c00000, 0x00000000a0000000)
  object space 51200K, 50% used [0x0000000095a00000,0x000000009733f3e0,0x0000000098c00000)
Event: 111366.415 GC heap after
Heap after GC invocations=10458 (full 2):
 PSYoungGen      total 79872K, used 224K [0x00000000e0000000, 0x00000000f8a00000, 0x0000000100000000)
  eden space 79360K, 0% used [0x00000000e0000000,0x00000000e0000000,0x00000000e4d80000)
  from space 512K, 43% used [0x00000000f8980000,0x00000000f89b8000,0x00000000f8a00000)
  to   space 512K, 0% used [0x00000000f8900000,0x00000000f8900000,0x00000000f8980000)
 ParOldGen       total 170496K, used 59470K [0x00000000a0000000, 0x00000000aa680000, 0x00000000e0000000)
  object space 170496K, 34% used [0x00000000a0000000,0x00000000a3a13a98,0x00000000aa680000)
 PSPermGen       total 51200K, used 25852K [0x0000000095a00000, 0x0000000098c00000, 0x00000000a0000000)
  object space 51200K, 50% used [0x0000000095a00000,0x000000009733f3e0,0x0000000098c00000)
}
Event: 111366.549 GC heap before
{Heap before GC invocations=10459 (full 2):
 PSYoungGen      total 79872K, used 79584K [0x00000000e0000000, 0x00000000f8a00000, 0x0000000100000000)
  eden space 79360K, 100% used [0x00000000e0000000,0x00000000e4d80000,0x00000000e4d80000)
  from space 512K, 43% used [0x00000000f8980000,0x00000000f89b8000,0x00000000f8a00000)
  to   space 512K, 0% used [0x00000000f8900000,0x00000000f8900000,0x00000000f8980000)
 ParOldGen       total 170496K, used 59470K [0x00000000a0000000, 0x00000000aa680000, 0x00000000e0000000)
  object space 170496K, 34% used [0x00000000a0000000,0x00000000a3a13a98,0x00000000aa680000)
 PSPermGen       total 51200K, used 25852K [0x0000000095a00000, 0x0000000098c00000, 0x00000000a0000000)
  object space 51200K, 50% used [0x0000000095a00000,0x000000009733f3e0,0x0000000098c00000)
Event: 111366.551 GC heap after
Heap after GC invocations=10459 (full 2):
 PSYoungGen      total 95744K, used 128K [0x00000000e0000000, 0x00000000f8a00000, 0x0000000100000000)
  eden space 95232K, 0% used [0x00000000e0000000,0x00000000e0000000,0x00000000e5d00000)
  from space 512K, 25% used [0x00000000f8900000,0x00000000f8920000,0x00000000f8980000)
  to   space 512K, 0% used [0x00000000f8980000,0x00000000f8980000,0x00000000f8a00000)
 ParOldGen       total 170496K, used 59494K [0x00000000a0000000, 0x00000000aa680000, 0x00000000e0000000)
  object space 170496K, 34% used [0x00000000a0000000,0x00000000a3a19a98,0x00000000aa680000)
 PSPermGen       total 51200K, used 25852K [0x0000000095a00000, 0x0000000098c00000, 0x00000000a0000000)
  object space 51200K, 50% used [0x0000000095a00000,0x000000009733f3e0,0x0000000098c00000)
}

