# JRE version: OpenJDK Runtime Environment (7.0_181-b01) (build 1.7.0_181-b01)
# Java VM: OpenJDK 64-Bit Server VM (24.181-b01 mixed mode linux-amd64 compressed oops)
Heap
 PSYoungGen      total 167424K, used 28503K [0x00000000e0000000, 0x00000000ec700000, 0x0000000100000000)
  eden space 160768K, 15% used [0x00000000e0000000,0x00000000e187a438,0x00000000e9d00000)
  from space 6656K, 51% used [0x00000000ea380000,0x00000000ea6dba00,0x00000000eaa00000)
  to   space 6656K, 0% used [0x00000000e9d00000,0x00000000e9d00000,0x00000000ea380000)
 ParOldGen       total 170496K, used 15854K [0x00000000a0000000, 0x00000000aa680000, 0x00000000e0000000)
  object space 170496K, 9% used [0x00000000a0000000,0x00000000a0f7bab8,0x00000000aa680000)
 PSPermGen       total 42496K, used 24913K [0x0000000095a00000, 0x0000000098380000, 0x00000000a0000000)
  object space 42496K, 58% used [0x0000000095a00000,0x0000000097254620,0x0000000098380000)
GC Heap History (10 events):
Event: 347.123 GC heap before
{Heap before GC invocations=9 (full 1):
 PSYoungGen      total 64000K, used 63917K [0x00000000e0000000, 0x00000000e4a00000, 0x0000000100000000)
  eden space 61952K, 100% used [0x00000000e0000000,0x00000000e3c80000,0x00000000e3c80000)
  from space 2048K, 95% used [0x00000000e3e00000,0x00000000e3feb550,0x00000000e4000000)
  to   space 6656K, 0% used [0x00000000e4380000,0x00000000e4380000,0x00000000e4a00000)
 ParOldGen       total 170496K, used 14023K [0x00000000a0000000, 0x00000000aa680000, 0x00000000e0000000)
  object space 170496K, 8% used [0x00000000a0000000,0x00000000a0db1fd0,0x00000000aa680000)
 PSPermGen       total 42496K, used 23216K [0x0000000095a00000, 0x0000000098380000, 0x00000000a0000000)
  object space 42496K, 54% used [0x0000000095a00000,0x00000000970ac210,0x0000000098380000)
Event: 347.124 GC heap after
Heap after GC invocations=9 (full 1):
 PSYoungGen      total 69120K, used 864K [0x00000000e0000000, 0x00000000e8600000, 0x0000000100000000)
  eden space 62464K, 0% used [0x00000000e0000000,0x00000000e0000000,0x00000000e3d00000)
  from space 6656K, 12% used [0x00000000e4380000,0x00000000e4458000,0x00000000e4a00000)
  to   space 6656K, 0% used [0x00000000e3d00000,0x00000000e3d00000,0x00000000e4380000)
 ParOldGen       total 170496K, used 14865K [0x00000000a0000000, 0x00000000aa680000, 0x00000000e0000000)
  object space 170496K, 8% used [0x00000000a0000000,0x00000000a0e845f8,0x00000000aa680000)
 PSPermGen       total 42496K, used 23216K [0x0000000095a00000, 0x0000000098380000, 0x00000000a0000000)
  object space 42496K, 54% used [0x0000000095a00000,0x00000000970ac210,0x0000000098380000)
}
Event: 347.178 GC heap before
{Heap before GC invocations=10 (full 1):
 PSYoungGen      total 69120K, used 63328K [0x00000000e0000000, 0x00000000e8600000, 0x0000000100000000)
  eden space 62464K, 100% used [0x00000000e0000000,0x00000000e3d00000,0x00000000e3d00000)
  from space 6656K, 12% used [0x00000000e4380000,0x00000000e4458000,0x00000000e4a00000)
  to   space 6656K, 0% used [0x00000000e3d00000,0x00000000e3d00000,0x00000000e4380000)
 ParOldGen       total 170496K, used 14872K [0x00000000a0000000, 0x00000000aa680000, 0x00000000e0000000)
  object space 170496K, 8% used [0x00000000a0000000,0x00000000a0e863b8,0x00000000aa680000)
 PSPermGen       total 42496K, used 23309K [0x0000000095a00000, 0x0000000098380000, 0x00000000a0000000)
  object space 42496K, 54% used [0x0000000095a00000,0x00000000970c3720,0x0000000098380000)
Event: 347.179 GC heap after
Heap after GC invocations=10 (full 1):
 PSYoungGen      total 69120K, used 864K [0x00000000e0000000, 0x00000000e8700000, 0x0000000100000000)
  eden space 62464K, 0% used [0x00000000e0000000,0x00000000e0000000,0x00000000e3d00000)
  from space 6656K, 12% used [0x00000000e3d00000,0x00000000e3dd8000,0x00000000e4380000)
  to   space 6656K, 0% used [0x00000000e8080000,0x00000000e8080000,0x00000000e8700000)
 ParOldGen       total 170496K, used 14990K [0x00000000a0000000, 0x00000000aa680000, 0x00000000e0000000)
  object space 170496K, 8% used [0x00000000a0000000,0x00000000a0ea39e8,0x00000000aa680000)
 PSPermGen       total 42496K, used 23309K [0x0000000095a00000, 0x0000000098380000, 0x00000000a0000000)
  object space 42496K, 54% used [0x0000000095a00000,0x00000000970c3720,0x0000000098380000)
}
Event: 347.284 GC heap before
{Heap before GC invocations=11 (full 1):
 PSYoungGen      total 69120K, used 63328K [0x00000000e0000000, 0x00000000e8700000, 0x0000000100000000)
  eden space 62464K, 100% used [0x00000000e0000000,0x00000000e3d00000,0x00000000e3d00000)
  from space 6656K, 12% used [0x00000000e3d00000,0x00000000e3dd8000,0x00000000e4380000)
  to   space 6656K, 0% used [0x00000000e8080000,0x00000000e8080000,0x00000000e8700000)
 ParOldGen       total 170496K, used 14994K [0x00000000a0000000, 0x00000000aa680000, 0x00000000e0000000)
  object space 170496K, 8% used [0x00000000a0000000,0x00000000a0ea49d8,0x00000000aa680000)
 PSPermGen       total 42496K, used 23325K [0x0000000095a00000, 0x0000000098380000, 0x00000000a0000000)
  object space 42496K, 54% used [0x0000000095a00000,0x00000000970c77c0,0x0000000098380000)
Event: 347.286 GC heap after
Heap after GC invocations=11 (full 1):
 PSYoungGen      total 100864K, used 280K [0x00000000e0000000, 0x00000000e8100000, 0x0000000100000000)
  eden space 100352K, 0% used [0x00000000e0000000,0x00000000e0000000,0x00000000e6200000)
  from space 512K, 54% used [0x00000000e8080000,0x00000000e80c6260,0x00000000e8100000)
  to   space 6656K, 0% used [0x00000000e7400000,0x00000000e7400000,0x00000000e7a80000)
 ParOldGen       total 170496K, used 15662K [0x00000000a0000000, 0x00000000aa680000, 0x00000000e0000000)
  object space 170496K, 9% used [0x00000000a0000000,0x00000000a0f4b858,0x00000000aa680000)
 PSPermGen       total 42496K, used 23325K [0x0000000095a00000, 0x0000000098380000, 0x00000000a0000000)
  object space 42496K, 54% used [0x0000000095a00000,0x00000000970c77c0,0x0000000098380000)
}
Event: 347.354 GC heap before
{Heap before GC invocations=12 (full 1):
 PSYoungGen      total 100864K, used 100632K [0x00000000e0000000, 0x00000000e8100000, 0x0000000100000000)
  eden space 100352K, 100% used [0x00000000e0000000,0x00000000e6200000,0x00000000e6200000)
  from space 512K, 54% used [0x00000000e8080000,0x00000000e80c6260,0x00000000e8100000)
  to   space 6656K, 0% used [0x00000000e7400000,0x00000000e7400000,0x00000000e7a80000)
 ParOldGen       total 170496K, used 15662K [0x00000000a0000000, 0x00000000aa680000, 0x00000000e0000000)
  object space 170496K, 9% used [0x00000000a0000000,0x00000000a0f4b858,0x00000000aa680000)
 PSPermGen       total 42496K, used 23330K [0x0000000095a00000, 0x0000000098380000, 0x00000000a0000000)
  object space 42496K, 54% used [0x0000000095a00000,0x00000000970c8870,0x0000000098380000)
Event: 347.356 GC heap after
Heap after GC invocations=12 (full 1):
 PSYoungGen      total 125440K, used 344K [0x00000000e0000000, 0x00000000eaa00000, 0x0000000100000000)
  eden space 118784K, 0% used [0x00000000e0000000,0x00000000e0000000,0x00000000e7400000)
  from space 6656K, 5% used [0x00000000e7400000,0x00000000e7456260,0x00000000e7a80000)
  to   space 6656K, 0% used [0x00000000ea380000,0x00000000ea380000,0x00000000eaa00000)
 ParOldGen       total 170496K, used 15726K [0x00000000a0000000, 0x00000000aa680000, 0x00000000e0000000)
  object space 170496K, 9% used [0x00000000a0000000,0x00000000a0f5b858,0x00000000aa680000)
 PSPermGen       total 42496K, used 23330K [0x0000000095a00000, 0x0000000098380000, 0x00000000a0000000)
  object space 42496K, 54% used [0x0000000095a00000,0x00000000970c8870,0x0000000098380000)
}
Event: 348.149 GC heap before
{Heap before GC invocations=13 (full 1):
 PSYoungGen      total 125440K, used 119128K [0x00000000e0000000, 0x00000000eaa00000, 0x0000000100000000)
  eden space 118784K, 100% used [0x00000000e0000000,0x00000000e7400000,0x00000000e7400000)
  from space 6656K, 5% used [0x00000000e7400000,0x00000000e7456260,0x00000000e7a80000)
  to   space 6656K, 0% used [0x00000000ea380000,0x00000000ea380000,0x00000000eaa00000)
 ParOldGen       total 170496K, used 15726K [0x00000000a0000000, 0x00000000aa680000, 0x00000000e0000000)
  object space 170496K, 9% used [0x00000000a0000000,0x00000000a0f5b858,0x00000000aa680000)
 PSPermGen       total 42496K, used 24748K [0x0000000095a00000, 0x0000000098380000, 0x00000000a0000000)
  object space 42496K, 58% used [0x0000000095a00000,0x000000009722b0e8,0x0000000098380000)
Event: 348.154 GC heap after
Heap after GC invocations=13 (full 1):
 PSYoungGen      total 167424K, used 3438K [0x00000000e0000000, 0x00000000ec700000, 0x0000000100000000)
  eden space 160768K, 0% used [0x00000000e0000000,0x00000000e0000000,0x00000000e9d00000)
  from space 6656K, 51% used [0x00000000ea380000,0x00000000ea6dba00,0x00000000eaa00000)
  to   space 6656K, 0% used [0x00000000e9d00000,0x00000000e9d00000,0x00000000ea380000)
 ParOldGen       total 170496K, used 15854K [0x00000000a0000000, 0x00000000aa680000, 0x00000000e0000000)
  object space 170496K, 9% used [0x00000000a0000000,0x00000000a0f7bab8,0x00000000aa680000)
 PSPermGen       total 42496K, used 24748K [0x0000000095a00000, 0x0000000098380000, 0x00000000a0000000)
  object space 42496K, 58% used [0x0000000095a00000,0x000000009722b0e8,0x0000000098380000)
}

