# JRE version: OpenJDK Runtime Environment (7.0_181-b01) (build 1.7.0_181-b01)
# Java VM: OpenJDK 64-Bit Server VM (24.181-b01 mixed mode linux-amd64 compressed oops)
Heap
 PSYoungGen      total 125440K, used 108521K [0x00000000e0000000, 0x00000000eaa00000, 0x0000000100000000)
  eden space 118784K, 91% used [0x00000000e0000000,0x00000000e69b4418,0x00000000e7400000)
  from space 6656K, 4% used [0x00000000e7400000,0x00000000e7446260,0x00000000e7a80000)
  to   space 6656K, 0% used [0x00000000ea380000,0x00000000ea380000,0x00000000eaa00000)
 ParOldGen       total 170496K, used 15736K [0x00000000a0000000, 0x00000000aa680000, 0x00000000e0000000)
  object space 170496K, 9% used [0x00000000a0000000,0x00000000a0f5e200,0x00000000aa680000)
 PSPermGen       total 41984K, used 25235K [0x0000000095a00000, 0x0000000098300000, 0x00000000a0000000)
  object space 41984K, 60% used [0x0000000095a00000,0x00000000972a4ea0,0x0000000098300000)
GC Heap History (10 events):
Event: 19.206 GC heap before
{Heap before GC invocations=8 (full 1):
 PSYoungGen      total 66048K, used 65117K [0x00000000e0000000, 0x00000000e4c00000, 0x0000000100000000)
  eden space 63488K, 100% used [0x00000000e0000000,0x00000000e3e00000,0x00000000e3e00000)
  from space 2560K, 63% used [0x00000000e4980000,0x00000000e4b17560,0x00000000e4c00000)
  to   space 7168K, 0% used [0x00000000e3e00000,0x00000000e3e00000,0x00000000e4500000)
 ParOldGen       total 170496K, used 14034K [0x00000000a0000000, 0x00000000aa680000, 0x00000000e0000000)
  object space 170496K, 8% used [0x00000000a0000000,0x00000000a0db4800,0x00000000aa680000)
 PSPermGen       total 41984K, used 23149K [0x0000000095a00000, 0x0000000098300000, 0x00000000a0000000)
  object space 41984K, 55% used [0x0000000095a00000,0x000000009709b408,0x0000000098300000)
Event: 19.208 GC heap after
Heap after GC invocations=8 (full 1):
 PSYoungGen      total 64000K, used 1741K [0x00000000e0000000, 0x00000000e4a00000, 0x0000000100000000)
  eden space 61952K, 0% used [0x00000000e0000000,0x00000000e0000000,0x00000000e3c80000)
  from space 2048K, 85% used [0x00000000e3e00000,0x00000000e3fb3550,0x00000000e4000000)
  to   space 6656K, 0% used [0x00000000e4380000,0x00000000e4380000,0x00000000e4a00000)
 ParOldGen       total 170496K, used 14042K [0x00000000a0000000, 0x00000000aa680000, 0x00000000e0000000)
  object space 170496K, 8% used [0x00000000a0000000,0x00000000a0db6800,0x00000000aa680000)
 PSPermGen       total 41984K, used 23149K [0x0000000095a00000, 0x0000000098300000, 0x00000000a0000000)
  object space 41984K, 55% used [0x0000000095a00000,0x000000009709b408,0x0000000098300000)
}
Event: 19.261 GC heap before
{Heap before GC invocations=9 (full 1):
 PSYoungGen      total 64000K, used 63693K [0x00000000e0000000, 0x00000000e4a00000, 0x0000000100000000)
  eden space 61952K, 100% used [0x00000000e0000000,0x00000000e3c80000,0x00000000e3c80000)
  from space 2048K, 85% used [0x00000000e3e00000,0x00000000e3fb3550,0x00000000e4000000)
  to   space 6656K, 0% used [0x00000000e4380000,0x00000000e4380000,0x00000000e4a00000)
 ParOldGen       total 170496K, used 14042K [0x00000000a0000000, 0x00000000aa680000, 0x00000000e0000000)
  object space 170496K, 8% used [0x00000000a0000000,0x00000000a0db6800,0x00000000aa680000)
 PSPermGen       total 41984K, used 23242K [0x0000000095a00000, 0x0000000098300000, 0x00000000a0000000)
  object space 41984K, 55% used [0x0000000095a00000,0x00000000970b2a68,0x0000000098300000)
Event: 19.263 GC heap after
Heap after GC invocations=9 (full 1):
 PSYoungGen      total 69120K, used 918K [0x00000000e0000000, 0x00000000e8600000, 0x0000000100000000)
  eden space 62464K, 0% used [0x00000000e0000000,0x00000000e0000000,0x00000000e3d00000)
  from space 6656K, 13% used [0x00000000e4380000,0x00000000e4465ba8,0x00000000e4a00000)
  to   space 6656K, 0% used [0x00000000e3d00000,0x00000000e3d00000,0x00000000e4380000)
 ParOldGen       total 170496K, used 14914K [0x00000000a0000000, 0x00000000aa680000, 0x00000000e0000000)
  object space 170496K, 8% used [0x00000000a0000000,0x00000000a0e909f8,0x00000000aa680000)
 PSPermGen       total 41984K, used 23242K [0x0000000095a00000, 0x0000000098300000, 0x00000000a0000000)
  object space 41984K, 55% used [0x0000000095a00000,0x00000000970b2a68,0x0000000098300000)
}
Event: 19.347 GC heap before
{Heap before GC invocations=10 (full 1):
 PSYoungGen      total 69120K, used 63382K [0x00000000e0000000, 0x00000000e8600000, 0x0000000100000000)
  eden space 62464K, 100% used [0x00000000e0000000,0x00000000e3d00000,0x00000000e3d00000)
  from space 6656K, 13% used [0x00000000e4380000,0x00000000e4465ba8,0x00000000e4a00000)
  to   space 6656K, 0% used [0x00000000e3d00000,0x00000000e3d00000,0x00000000e4380000)
 ParOldGen       total 170496K, used 14914K [0x00000000a0000000, 0x00000000aa680000, 0x00000000e0000000)
  object space 170496K, 8% used [0x00000000a0000000,0x00000000a0e909f8,0x00000000aa680000)
 PSPermGen       total 41984K, used 23245K [0x0000000095a00000, 0x0000000098300000, 0x00000000a0000000)
  object space 41984K, 55% used [0x0000000095a00000,0x00000000970b37f8,0x0000000098300000)
Event: 19.349 GC heap after
Heap after GC invocations=10 (full 1):
 PSYoungGen      total 69120K, used 928K [0x00000000e0000000, 0x00000000e8700000, 0x0000000100000000)
  eden space 62464K, 0% used [0x00000000e0000000,0x00000000e0000000,0x00000000e3d00000)
  from space 6656K, 13% used [0x00000000e3d00000,0x00000000e3de8000,0x00000000e4380000)
  to   space 6656K, 0% used [0x00000000e8080000,0x00000000e8080000,0x00000000e8700000)
 ParOldGen       total 170496K, used 14970K [0x00000000a0000000, 0x00000000aa680000, 0x00000000e0000000)
  object space 170496K, 8% used [0x00000000a0000000,0x00000000a0e9e9f8,0x00000000aa680000)
 PSPermGen       total 41984K, used 23245K [0x0000000095a00000, 0x0000000098300000, 0x00000000a0000000)
  object space 41984K, 55% used [0x0000000095a00000,0x00000000970b37f8,0x0000000098300000)
}
Event: 19.415 GC heap before
{Heap before GC invocations=11 (full 1):
 PSYoungGen      total 69120K, used 63392K [0x00000000e0000000, 0x00000000e8700000, 0x0000000100000000)
  eden space 62464K, 100% used [0x00000000e0000000,0x00000000e3d00000,0x00000000e3d00000)
  from space 6656K, 13% used [0x00000000e3d00000,0x00000000e3de8000,0x00000000e4380000)
  to   space 6656K, 0% used [0x00000000e8080000,0x00000000e8080000,0x00000000e8700000)
 ParOldGen       total 170496K, used 14970K [0x00000000a0000000, 0x00000000aa680000, 0x00000000e0000000)
  object space 170496K, 8% used [0x00000000a0000000,0x00000000a0e9e9f8,0x00000000aa680000)
 PSPermGen       total 41984K, used 23260K [0x0000000095a00000, 0x0000000098300000, 0x00000000a0000000)
  object space 41984K, 55% used [0x0000000095a00000,0x00000000970b7208,0x0000000098300000)
Event: 19.417 GC heap after
Heap after GC invocations=11 (full 1):
 PSYoungGen      total 100864K, used 312K [0x00000000e0000000, 0x00000000e8100000, 0x0000000100000000)
  eden space 100352K, 0% used [0x00000000e0000000,0x00000000e0000000,0x00000000e6200000)
  from space 512K, 61% used [0x00000000e8080000,0x00000000e80ce260,0x00000000e8100000)
  to   space 6656K, 0% used [0x00000000e7400000,0x00000000e7400000,0x00000000e7a80000)
 ParOldGen       total 170496K, used 15696K [0x00000000a0000000, 0x00000000aa680000, 0x00000000e0000000)
  object space 170496K, 9% used [0x00000000a0000000,0x00000000a0f54200,0x00000000aa680000)
 PSPermGen       total 41984K, used 23260K [0x0000000095a00000, 0x0000000098300000, 0x00000000a0000000)
  object space 41984K, 55% used [0x0000000095a00000,0x00000000970b7208,0x0000000098300000)
}
Event: 19.533 GC heap before
{Heap before GC invocations=12 (full 1):
 PSYoungGen      total 100864K, used 100664K [0x00000000e0000000, 0x00000000e8100000, 0x0000000100000000)
  eden space 100352K, 100% used [0x00000000e0000000,0x00000000e6200000,0x00000000e6200000)
  from space 512K, 61% used [0x00000000e8080000,0x00000000e80ce260,0x00000000e8100000)
  to   space 6656K, 0% used [0x00000000e7400000,0x00000000e7400000,0x00000000e7a80000)
 ParOldGen       total 170496K, used 15696K [0x00000000a0000000, 0x00000000aa680000, 0x00000000e0000000)
  object space 170496K, 9% used [0x00000000a0000000,0x00000000a0f54200,0x00000000aa680000)
 PSPermGen       total 41984K, used 23265K [0x0000000095a00000, 0x0000000098300000, 0x00000000a0000000)
  object space 41984K, 55% used [0x0000000095a00000,0x00000000970b85d0,0x0000000098300000)
Event: 19.535 GC heap after
Heap after GC invocations=12 (full 1):
 PSYoungGen      total 125440K, used 280K [0x00000000e0000000, 0x00000000eaa00000, 0x0000000100000000)
  eden space 118784K, 0% used [0x00000000e0000000,0x00000000e0000000,0x00000000e7400000)
  from space 6656K, 4% used [0x00000000e7400000,0x00000000e7446260,0x00000000e7a80000)
  to   space 6656K, 0% used [0x00000000ea380000,0x00000000ea380000,0x00000000eaa00000)
 ParOldGen       total 170496K, used 15736K [0x00000000a0000000, 0x00000000aa680000, 0x00000000e0000000)
  object space 170496K, 9% used [0x00000000a0000000,0x00000000a0f5e200,0x00000000aa680000)
 PSPermGen       total 41984K, used 23265K [0x0000000095a00000, 0x0000000098300000, 0x00000000a0000000)
  object space 41984K, 55% used [0x0000000095a00000,0x00000000970b85d0,0x0000000098300000)
}

