# JRE version: OpenJDK Runtime Environment (7.0_181-b01) (build 1.7.0_181-b01)
# Java VM: OpenJDK 64-Bit Server VM (24.181-b01 mixed mode linux-amd64 compressed oops)
Heap
 PSYoungGen      total 265216K, used 235602K [0x00000000e0000000, 0x00000000f0900000, 0x0000000100000000)
  eden space 259072K, 90% used [0x00000000e0000000,0x00000000ee5e4968,0x00000000efd00000)
  from space 6144K, 3% used [0x00000000f0300000,0x00000000f0330000,0x00000000f0900000)
  to   space 6144K, 0% used [0x00000000efd00000,0x00000000efd00000,0x00000000f0300000)
 ParOldGen       total 170496K, used 19257K [0x00000000a0000000, 0x00000000aa680000, 0x00000000e0000000)
  object space 170496K, 11% used [0x00000000a0000000,0x00000000a12ce4d0,0x00000000aa680000)
 PSPermGen       total 41984K, used 25043K [0x0000000095a00000, 0x0000000098300000, 0x00000000a0000000)
  object space 41984K, 59% used [0x0000000095a00000,0x0000000097274fd8,0x0000000098300000)
GC Heap History (10 events):
Event: 26.151 GC heap before
{Heap before GC invocations=11 (full 1):
 PSYoungGen      total 69120K, used 63831K [0x00000000e0000000, 0x00000000e8700000, 0x0000000100000000)
  eden space 62976K, 100% used [0x00000000e0000000,0x00000000e3d80000,0x00000000e3d80000)
  from space 6144K, 13% used [0x00000000e3d80000,0x00000000e3e55f00,0x00000000e4380000)
  to   space 6144K, 0% used [0x00000000e8100000,0x00000000e8100000,0x00000000e8700000)
 ParOldGen       total 170496K, used 14804K [0x00000000a0000000, 0x00000000aa680000, 0x00000000e0000000)
  object space 170496K, 8% used [0x00000000a0000000,0x00000000a0e750d0,0x00000000aa680000)
 PSPermGen       total 41984K, used 23237K [0x0000000095a00000, 0x0000000098300000, 0x00000000a0000000)
  object space 41984K, 55% used [0x0000000095a00000,0x00000000970b1598,0x0000000098300000)
Event: 26.155 GC heap after
Heap after GC invocations=11 (full 1):
 PSYoungGen      total 101376K, used 247K [0x00000000e0000000, 0x00000000e8180000, 0x0000000100000000)
  eden space 100864K, 0% used [0x00000000e0000000,0x00000000e0000000,0x00000000e6280000)
  from space 512K, 48% used [0x00000000e8100000,0x00000000e813df00,0x00000000e8180000)
  to   space 6144K, 0% used [0x00000000e7580000,0x00000000e7580000,0x00000000e7b80000)
 ParOldGen       total 170496K, used 15466K [0x00000000a0000000, 0x00000000aa680000, 0x00000000e0000000)
  object space 170496K, 9% used [0x00000000a0000000,0x00000000a0f1a960,0x00000000aa680000)
 PSPermGen       total 41984K, used 23237K [0x0000000095a00000, 0x0000000098300000, 0x00000000a0000000)
  object space 41984K, 55% used [0x0000000095a00000,0x00000000970b1598,0x0000000098300000)
}
Event: 26.712 GC heap before
{Heap before GC invocations=12 (full 1):
 PSYoungGen      total 101376K, used 101111K [0x00000000e0000000, 0x00000000e8180000, 0x0000000100000000)
  eden space 100864K, 100% used [0x00000000e0000000,0x00000000e6280000,0x00000000e6280000)
  from space 512K, 48% used [0x00000000e8100000,0x00000000e813df00,0x00000000e8180000)
  to   space 6144K, 0% used [0x00000000e7580000,0x00000000e7580000,0x00000000e7b80000)
 ParOldGen       total 170496K, used 15466K [0x00000000a0000000, 0x00000000aa680000, 0x00000000e0000000)
  object space 170496K, 9% used [0x00000000a0000000,0x00000000a0f1a960,0x00000000aa680000)
 PSPermGen       total 41984K, used 24645K [0x0000000095a00000, 0x0000000098300000, 0x00000000a0000000)
  object space 41984K, 58% used [0x0000000095a00000,0x00000000972114c8,0x0000000098300000)
Event: 26.716 GC heap after
Heap after GC invocations=12 (full 1):
 PSYoungGen      total 126464K, used 3152K [0x00000000e0000000, 0x00000000eaa00000, 0x0000000100000000)
  eden space 120320K, 0% used [0x00000000e0000000,0x00000000e0000000,0x00000000e7580000)
  from space 6144K, 51% used [0x00000000e7580000,0x00000000e7894088,0x00000000e7b80000)
  to   space 6144K, 0% used [0x00000000ea400000,0x00000000ea400000,0x00000000eaa00000)
 ParOldGen       total 170496K, used 15578K [0x00000000a0000000, 0x00000000aa680000, 0x00000000e0000000)
  object space 170496K, 9% used [0x00000000a0000000,0x00000000a0f36860,0x00000000aa680000)
 PSPermGen       total 41984K, used 24645K [0x0000000095a00000, 0x0000000098300000, 0x00000000a0000000)
  object space 41984K, 58% used [0x0000000095a00000,0x00000000972114c8,0x0000000098300000)
}
Event: 28.292 GC heap before
{Heap before GC invocations=13 (full 1):
 PSYoungGen      total 126464K, used 123472K [0x00000000e0000000, 0x00000000eaa00000, 0x0000000100000000)
  eden space 120320K, 100% used [0x00000000e0000000,0x00000000e7580000,0x00000000e7580000)
  from space 6144K, 51% used [0x00000000e7580000,0x00000000e7894088,0x00000000e7b80000)
  to   space 6144K, 0% used [0x00000000ea400000,0x00000000ea400000,0x00000000eaa00000)
 ParOldGen       total 170496K, used 15578K [0x00000000a0000000, 0x00000000aa680000, 0x00000000e0000000)
  object space 170496K, 9% used [0x00000000a0000000,0x00000000a0f36860,0x00000000aa680000)
 PSPermGen       total 41984K, used 24966K [0x0000000095a00000, 0x0000000098300000, 0x00000000a0000000)
  object space 41984K, 59% used [0x0000000095a00000,0x0000000097261b08,0x0000000098300000)
Event: 28.295 GC heap after
Heap after GC invocations=13 (full 1):
 PSYoungGen      total 167936K, used 864K [0x00000000e0000000, 0x00000000ec800000, 0x0000000100000000)
  eden space 161792K, 0% used [0x00000000e0000000,0x00000000e0000000,0x00000000e9e00000)
  from space 6144K, 14% used [0x00000000ea400000,0x00000000ea4d8000,0x00000000eaa00000)
  to   space 6144K, 0% used [0x00000000e9e00000,0x00000000e9e00000,0x00000000ea400000)
 ParOldGen       total 170496K, used 18486K [0x00000000a0000000, 0x00000000aa680000, 0x00000000e0000000)
  object space 170496K, 10% used [0x00000000a0000000,0x00000000a120d818,0x00000000aa680000)
 PSPermGen       total 41984K, used 24966K [0x0000000095a00000, 0x0000000098300000, 0x00000000a0000000)
  object space 41984K, 59% used [0x0000000095a00000,0x0000000097261b08,0x0000000098300000)
}
Event: 29.216 GC heap before
{Heap before GC invocations=14 (full 1):
 PSYoungGen      total 167936K, used 162656K [0x00000000e0000000, 0x00000000ec800000, 0x0000000100000000)
  eden space 161792K, 100% used [0x00000000e0000000,0x00000000e9e00000,0x00000000e9e00000)
  from space 6144K, 14% used [0x00000000ea400000,0x00000000ea4d8000,0x00000000eaa00000)
  to   space 6144K, 0% used [0x00000000e9e00000,0x00000000e9e00000,0x00000000ea400000)
 ParOldGen       total 170496K, used 18486K [0x00000000a0000000, 0x00000000aa680000, 0x00000000e0000000)
  object space 170496K, 10% used [0x00000000a0000000,0x00000000a120d8f0,0x00000000aa680000)
 PSPermGen       total 41984K, used 24995K [0x0000000095a00000, 0x0000000098300000, 0x00000000a0000000)
  object space 41984K, 59% used [0x0000000095a00000,0x0000000097268d10,0x0000000098300000)
Event: 29.218 GC heap after
Heap after GC invocations=14 (full 1):
 PSYoungGen      total 167936K, used 224K [0x00000000e0000000, 0x00000000f0900000, 0x0000000100000000)
  eden space 161792K, 0% used [0x00000000e0000000,0x00000000e0000000,0x00000000e9e00000)
  from space 6144K, 3% used [0x00000000e9e00000,0x00000000e9e38000,0x00000000ea400000)
  to   space 6144K, 0% used [0x00000000f0300000,0x00000000f0300000,0x00000000f0900000)
 ParOldGen       total 170496K, used 19159K [0x00000000a0000000, 0x00000000aa680000, 0x00000000e0000000)
  object space 170496K, 11% used [0x00000000a0000000,0x00000000a12b5e60,0x00000000aa680000)
 PSPermGen       total 41984K, used 24995K [0x0000000095a00000, 0x0000000098300000, 0x00000000a0000000)
  object space 41984K, 59% used [0x0000000095a00000,0x0000000097268d10,0x0000000098300000)
}
Event: 30.393 GC heap before
{Heap before GC invocations=15 (full 1):
 PSYoungGen      total 167936K, used 162016K [0x00000000e0000000, 0x00000000f0900000, 0x0000000100000000)
  eden space 161792K, 100% used [0x00000000e0000000,0x00000000e9e00000,0x00000000e9e00000)
  from space 6144K, 3% used [0x00000000e9e00000,0x00000000e9e38000,0x00000000ea400000)
  to   space 6144K, 0% used [0x00000000f0300000,0x00000000f0300000,0x00000000f0900000)
 ParOldGen       total 170496K, used 19209K [0x00000000a0000000, 0x00000000aa680000, 0x00000000e0000000)
  object space 170496K, 11% used [0x00000000a0000000,0x00000000a12c24d0,0x00000000aa680000)
 PSPermGen       total 41984K, used 25020K [0x0000000095a00000, 0x0000000098300000, 0x00000000a0000000)
  object space 41984K, 59% used [0x0000000095a00000,0x000000009726f1c8,0x0000000098300000)
Event: 30.395 GC heap after
Heap after GC invocations=15 (full 1):
 PSYoungGen      total 265216K, used 192K [0x00000000e0000000, 0x00000000f0900000, 0x0000000100000000)
  eden space 259072K, 0% used [0x00000000e0000000,0x00000000e0000000,0x00000000efd00000)
  from space 6144K, 3% used [0x00000000f0300000,0x00000000f0330000,0x00000000f0900000)
  to   space 6144K, 0% used [0x00000000efd00000,0x00000000efd00000,0x00000000f0300000)
 ParOldGen       total 170496K, used 19257K [0x00000000a0000000, 0x00000000aa680000, 0x00000000e0000000)
  object space 170496K, 11% used [0x00000000a0000000,0x00000000a12ce4d0,0x00000000aa680000)
 PSPermGen       total 41984K, used 25020K [0x0000000095a00000, 0x0000000098300000, 0x00000000a0000000)
  object space 41984K, 59% used [0x0000000095a00000,0x000000009726f1c8,0x0000000098300000)
}

